{"C:\\Users\\caier\\EricSprint6\\frontend\\src\\App.tsx": {"path":"C:\\Users\\caier\\EricSprint6\\frontend\\src\\App.tsx","statementMap":{"0":{"start":{"line":46,"column":0},"end":{"line":46,"column":24}},"1":{"start":{"line":1,"column":0},"end":{"line":1,"column":44}},"2":{"start":{"line":2,"column":0},"end":{"line":2,"column":49}},"3":{"start":{"line":3,"column":0},"end":{"line":3,"column":81}},"4":{"start":{"line":4,"column":0},"end":{"line":4,"column":45}},"5":{"start":{"line":5,"column":0},"end":{"line":5,"column":null}},"6":{"start":{"line":11,"column":0},"end":{"line":11,"column":46}},"7":{"start":{"line":12,"column":0},"end":{"line":12,"column":52}},"8":{"start":{"line":13,"column":0},"end":{"line":13,"column":60}},"9":{"start":{"line":14,"column":0},"end":{"line":14,"column":60}},"10":{"start":{"line":15,"column":0},"end":{"line":15,"column":64}},"11":{"start":{"line":16,"column":0},"end":{"line":16,"column":54}},"12":{"start":{"line":17,"column":0},"end":{"line":17,"column":72}},"13":{"start":{"line":18,"column":0},"end":{"line":18,"column":70}},"14":{"start":{"line":19,"column":0},"end":{"line":19,"column":64}},"15":{"start":{"line":20,"column":0},"end":{"line":20,"column":52}},"16":{"start":{"line":21,"column":0},"end":{"line":21,"column":64}},"17":{"start":{"line":22,"column":0},"end":{"line":22,"column":62}},"18":{"start":{"line":23,"column":0},"end":{"line":23,"column":56}},"19":{"start":{"line":24,"column":0},"end":{"line":24,"column":68}},"20":{"start":{"line":32,"column":2},"end":{"line":35,"column":4}},"21":{"start":{"line":39,"column":2},"end":{"line":39,"column":71}},"22":{"start":{"line":43,"column":2},"end":{"line":43,"column":49}},"23":{"start":{"line":47,"column":19},"end":{"line":47,"column":32}},"24":{"start":{"line":48,"column":36},"end":{"line":48,"column":78}},"25":{"start":{"line":48,"column":62},"end":{"line":48,"column":77}},"26":{"start":{"line":49,"column":36},"end":{"line":49,"column":45}},"27":{"start":{"line":51,"column":2},"end":{"line":64,"column":9}},"28":{"start":{"line":52,"column":26},"end":{"line":54,"column":5}},"29":{"start":{"line":53,"column":6},"end":{"line":53,"column":36}},"30":{"start":{"line":56,"column":4},"end":{"line":56,"column":20}},"31":{"start":{"line":57,"column":4},"end":{"line":57,"column":54}},"32":{"start":{"line":58,"column":4},"end":{"line":58,"column":79}},"33":{"start":{"line":60,"column":4},"end":{"line":63,"column":6}},"34":{"start":{"line":61,"column":6},"end":{"line":61,"column":59}},"35":{"start":{"line":62,"column":6},"end":{"line":62,"column":84}},"36":{"start":{"line":66,"column":22},"end":{"line":70,"column":4}},"37":{"start":{"line":72,"column":57},"end":{"line":76,"column":16}},"38":{"start":{"line":78,"column":17},"end":{"line":82,"column":44}},"39":{"start":{"line":84,"column":23},"end":{"line":88,"column":25}},"40":{"start":{"line":90,"column":19},"end":{"line":100,"column":3}},"41":{"start":{"line":91,"column":4},"end":{"line":93,"column":5}},"42":{"start":{"line":92,"column":6},"end":{"line":92,"column":55}},"43":{"start":{"line":95,"column":4},"end":{"line":97,"column":5}},"44":{"start":{"line":96,"column":6},"end":{"line":96,"column":21}},"45":{"start":{"line":99,"column":4},"end":{"line":99,"column":56}},"46":{"start":{"line":102,"column":27},"end":{"line":107,"column":3}},"47":{"start":{"line":103,"column":4},"end":{"line":105,"column":5}},"48":{"start":{"line":104,"column":6},"end":{"line":104,"column":56}},"49":{"start":{"line":106,"column":4},"end":{"line":106,"column":24}},"50":{"start":{"line":109,"column":19},"end":{"line":130,"column":10}},"51":{"start":{"line":132,"column":26},"end":{"line":132,"column":42}},"52":{"start":{"line":134,"column":19},"end":{"line":137,"column":3}},"53":{"start":{"line":135,"column":4},"end":{"line":135,"column":23}},"54":{"start":{"line":136,"column":4},"end":{"line":136,"column":51}},"55":{"start":{"line":139,"column":2},"end":{"line":278,"column":4}},"56":{"start":{"line":167,"column":10},"end":{"line":168,"column":null}},"57":{"start":{"line":170,"column":42},"end":{"line":170,"column":93}},"58":{"start":{"line":179,"column":14},"end":{"line":181,"column":61}}},"fnMap":{"0":{"name":"readAuthState","decl":{"start":{"line":31,"column":9},"end":{"line":31,"column":22}},"loc":{"start":{"line":31,"column":22},"end":{"line":36,"column":1}}},"1":{"name":"roleHomePath","decl":{"start":{"line":38,"column":9},"end":{"line":38,"column":21}},"loc":{"start":{"line":38,"column":36},"end":{"line":40,"column":1}}},"2":{"name":"roleWorkspacePrefix","decl":{"start":{"line":42,"column":9},"end":{"line":42,"column":28}},"loc":{"start":{"line":42,"column":43},"end":{"line":44,"column":1}}},"3":{"name":"App","decl":{"start":{"line":46,"column":24},"end":{"line":46,"column":27}},"loc":{"start":{"line":46,"column":27},"end":{"line":279,"column":1}}},"4":{"name":"(anonymous_4)","decl":{"start":{"line":48,"column":56},"end":{"line":48,"column":59}},"loc":{"start":{"line":48,"column":62},"end":{"line":48,"column":77}}},"5":{"name":"(anonymous_5)","decl":{"start":{"line":51,"column":12},"end":{"line":51,"column":15}},"loc":{"start":{"line":51,"column":17},"end":{"line":64,"column":3}}},"6":{"name":"(anonymous_6)","decl":{"start":{"line":52,"column":26},"end":{"line":52,"column":29}},"loc":{"start":{"line":52,"column":31},"end":{"line":54,"column":5}}},"7":{"name":"(anonymous_7)","decl":{"start":{"line":60,"column":11},"end":{"line":60,"column":14}},"loc":{"start":{"line":60,"column":16},"end":{"line":63,"column":5}}},"8":{"name":"(anonymous_8)","decl":{"start":{"line":90,"column":19},"end":{"line":90,"column":20}},"loc":{"start":{"line":90,"column":70},"end":{"line":100,"column":3}}},"9":{"name":"(anonymous_9)","decl":{"start":{"line":102,"column":27},"end":{"line":102,"column":28}},"loc":{"start":{"line":102,"column":55},"end":{"line":107,"column":3}}},"10":{"name":"(anonymous_10)","decl":{"start":{"line":134,"column":19},"end":{"line":134,"column":22}},"loc":{"start":{"line":134,"column":24},"end":{"line":137,"column":3}}},"11":{"name":"(anonymous_11)","decl":{"start":{"line":166,"column":22},"end":{"line":166,"column":23}},"loc":{"start":{"line":167,"column":10},"end":{"line":168,"column":null}}},"12":{"name":"(anonymous_12)","decl":{"start":{"line":170,"column":23},"end":{"line":170,"column":24}},"loc":{"start":{"line":170,"column":42},"end":{"line":170,"column":93}}},"13":{"name":"(anonymous_13)","decl":{"start":{"line":178,"column":23},"end":{"line":178,"column":24}},"loc":{"start":{"line":179,"column":14},"end":{"line":181,"column":61}}}},"branchMap":{"0":{"loc":{"start":{"line":39,"column":9},"end":{"line":39,"column":70}},"type":"cond-expr","locations":[{"start":{"line":39,"column":28},"end":{"line":39,"column":46}},{"start":{"line":39,"column":49},"end":{"line":39,"column":70}}]},"1":{"loc":{"start":{"line":43,"column":9},"end":{"line":43,"column":48}},"type":"cond-expr","locations":[{"start":{"line":43,"column":28},"end":{"line":43,"column":35}},{"start":{"line":43,"column":38},"end":{"line":43,"column":48}}]},"2":{"loc":{"start":{"line":72,"column":57},"end":{"line":76,"column":16}},"type":"cond-expr","locations":[{"start":{"line":73,"column":6},"end":{"line":73,"column":16}},{"start":{"line":74,"column":6},"end":{"line":76,"column":16}}]},"3":{"loc":{"start":{"line":74,"column":6},"end":{"line":76,"column":16}},"type":"cond-expr","locations":[{"start":{"line":75,"column":8},"end":{"line":75,"column":17}},{"start":{"line":76,"column":8},"end":{"line":76,"column":16}}]},"4":{"loc":{"start":{"line":78,"column":17},"end":{"line":82,"column":44}},"type":"cond-expr","locations":[{"start":{"line":79,"column":6},"end":{"line":79,"column":34}},{"start":{"line":80,"column":6},"end":{"line":82,"column":44}}]},"5":{"loc":{"start":{"line":80,"column":6},"end":{"line":82,"column":44}},"type":"cond-expr","locations":[{"start":{"line":81,"column":8},"end":{"line":81,"column":47}},{"start":{"line":82,"column":8},"end":{"line":82,"column":44}}]},"6":{"loc":{"start":{"line":84,"column":23},"end":{"line":88,"column":25}},"type":"cond-expr","locations":[{"start":{"line":85,"column":6},"end":{"line":85,"column":23}},{"start":{"line":86,"column":6},"end":{"line":88,"column":25}}]},"7":{"loc":{"start":{"line":86,"column":6},"end":{"line":88,"column":25}},"type":"cond-expr","locations":[{"start":{"line":87,"column":8},"end":{"line":87,"column":26}},{"start":{"line":88,"column":8},"end":{"line":88,"column":25}}]},"8":{"loc":{"start":{"line":91,"column":4},"end":{"line":93,"column":5}},"type":"if","locations":[{"start":{"line":91,"column":4},"end":{"line":93,"column":5}}]},"9":{"loc":{"start":{"line":91,"column":8},"end":{"line":91,"column":33}},"type":"binary-expr","locations":[{"start":{"line":91,"column":8},"end":{"line":91,"column":24}},{"start":{"line":91,"column":28},"end":{"line":91,"column":33}}]},"10":{"loc":{"start":{"line":95,"column":4},"end":{"line":97,"column":5}},"type":"if","locations":[{"start":{"line":95,"column":4},"end":{"line":97,"column":5}}]},"11":{"loc":{"start":{"line":103,"column":4},"end":{"line":105,"column":5}},"type":"if","locations":[{"start":{"line":103,"column":4},"end":{"line":105,"column":5}}]},"12":{"loc":{"start":{"line":103,"column":8},"end":{"line":103,"column":31}},"type":"binary-expr","locations":[{"start":{"line":103,"column":8},"end":{"line":103,"column":23}},{"start":{"line":103,"column":27},"end":{"line":103,"column":31}}]},"13":{"loc":{"start":{"line":109,"column":19},"end":{"line":130,"column":10}},"type":"cond-expr","locations":[{"start":{"line":110,"column":6},"end":{"line":115,"column":null}},{"start":{"line":116,"column":6},"end":{"line":130,"column":10}}]},"14":{"loc":{"start":{"line":116,"column":6},"end":{"line":130,"column":10}},"type":"cond-expr","locations":[{"start":{"line":117,"column":8},"end":{"line":126,"column":null}},{"start":{"line":127,"column":8},"end":{"line":130,"column":10}}]},"15":{"loc":{"start":{"line":150,"column":49},"end":{"line":150,"column":110}},"type":"cond-expr","locations":[{"start":{"line":150,"column":68},"end":{"line":150,"column":86}},{"start":{"line":150,"column":89},"end":{"line":150,"column":110}}]},"16":{"loc":{"start":{"line":170,"column":42},"end":{"line":170,"column":93}},"type":"cond-expr","locations":[{"start":{"line":170,"column":53},"end":{"line":170,"column":75}},{"start":{"line":170,"column":78},"end":{"line":170,"column":93}}]},"17":{"loc":{"start":{"line":175,"column":9},"end":{"line":186,"column":16}},"type":"cond-expr","locations":[{"start":{"line":176,"column":10},"end":{"line":181,"column":null}},{"start":{"line":186,"column":12},"end":{"line":186,"column":16}}]},"18":{"loc":{"start":{"line":179,"column":14},"end":{"line":181,"column":61}},"type":"cond-expr","locations":[{"start":{"line":180,"column":18},"end":{"line":180,"column":68}},{"start":{"line":181,"column":18},"end":{"line":181,"column":61}}]},"19":{"loc":{"start":{"line":187,"column":9},"end":{"line":195,"column":16}},"type":"cond-expr","locations":[{"start":{"line":188,"column":10},"end":{"line":191,"column":null}},{"start":{"line":195,"column":12},"end":{"line":195,"column":16}}]}},"s":{"0":1,"1":1,"2":1,"3":1,"4":1,"5":1,"6":1,"7":1,"8":1,"9":1,"10":1,"11":1,"12":1,"13":1,"14":1,"15":1,"16":1,"17":1,"18":1,"19":1,"20":15,"21":124,"22":112,"23":18,"24":18,"25":7,"26":18,"27":18,"28":7,"29":8,"30":7,"31":7,"32":7,"33":7,"34":7,"35":7,"36":18,"37":18,"38":18,"39":18,"40":18,"41":252,"42":56,"43":196,"44":86,"45":110,"46":18,"47":144,"48":112,"49":32,"50":18,"51":18,"52":18,"53":1,"54":1,"55":18,"56":80,"57":80,"58":8},"f":{"0":15,"1":124,"2":112,"3":18,"4":7,"5":7,"6":8,"7":7,"8":252,"9":144,"10":1,"11":80,"12":80,"13":8},"b":{"0":[100,24],"1":[80,32],"2":[14,4],"3":[0,4],"4":[14,4],"5":[0,4],"6":[4,14],"7":[14,0],"8":[56],"9":[252,196],"10":[86],"11":[112],"12":[144,112],"13":[10,8],"14":[4,4],"15":[10,8],"16":[15,65],"17":[8,10],"18":[3,5],"19":[14,4]}}
,"C:\\Users\\caier\\EricSprint6\\frontend\\src\\pages\\AccountDetailsPage.tsx": {"path":"C:\\Users\\caier\\EricSprint6\\frontend\\src\\pages\\AccountDetailsPage.tsx","statementMap":{"0":{"start":{"line":21,"column":0},"end":{"line":21,"column":16}},"1":{"start":{"line":1,"column":0},"end":{"line":1,"column":53}},"2":{"start":{"line":2,"column":0},"end":{"line":2,"column":78}},"3":{"start":{"line":3,"column":0},"end":{"line":3,"column":88}},"4":{"start":{"line":4,"column":0},"end":{"line":4,"column":null}},"5":{"start":{"line":11,"column":0},"end":{"line":11,"column":61}},"6":{"start":{"line":12,"column":0},"end":{"line":12,"column":53}},"7":{"start":{"line":16,"column":45},"end":{"line":19,"column":2}},"8":{"start":{"line":22,"column":22},"end":{"line":22,"column":38}},"9":{"start":{"line":23,"column":19},"end":{"line":23,"column":32}},"10":{"start":{"line":24,"column":19},"end":{"line":24,"column":32}},"11":{"start":{"line":25,"column":25},"end":{"line":25,"column":42}},"12":{"start":{"line":26,"column":45},"end":{"line":26,"column":79}},"13":{"start":{"line":28,"column":20},"end":{"line":28,"column":41}},"14":{"start":{"line":29,"column":26},"end":{"line":29,"column":70}},"15":{"start":{"line":30,"column":22},"end":{"line":30,"column":61}},"16":{"start":{"line":32,"column":19},"end":{"line":40,"column":36}},"17":{"start":{"line":33,"column":4},"end":{"line":35,"column":5}},"18":{"start":{"line":34,"column":6},"end":{"line":34,"column":34}},"19":{"start":{"line":37,"column":4},"end":{"line":39,"column":26}},"20":{"start":{"line":42,"column":38},"end":{"line":42,"column":84}},"21":{"start":{"line":43,"column":34},"end":{"line":43,"column":107}},"22":{"start":{"line":45,"column":23},"end":{"line":49,"column":4}},"23":{"start":{"line":47,"column":19},"end":{"line":47,"column":49}},"24":{"start":{"line":51,"column":34},"end":{"line":55,"column":4}},"25":{"start":{"line":53,"column":19},"end":{"line":53,"column":56}},"26":{"start":{"line":57,"column":25},"end":{"line":73,"column":4}},"27":{"start":{"line":60,"column":6},"end":{"line":60,"column":85}},"28":{"start":{"line":61,"column":6},"end":{"line":61,"column":39}},"29":{"start":{"line":63,"column":6},"end":{"line":68,"column":9}},"30":{"start":{"line":71,"column":6},"end":{"line":71,"column":75}},"31":{"start":{"line":75,"column":25},"end":{"line":92,"column":4}},"32":{"start":{"line":78,"column":6},"end":{"line":78,"column":79}},"33":{"start":{"line":80,"column":6},"end":{"line":85,"column":9}},"34":{"start":{"line":87,"column":6},"end":{"line":87,"column":44}},"35":{"start":{"line":90,"column":6},"end":{"line":90,"column":75}},"36":{"start":{"line":94,"column":26},"end":{"line":115,"column":3}},"37":{"start":{"line":95,"column":4},"end":{"line":95,"column":27}},"38":{"start":{"line":97,"column":4},"end":{"line":100,"column":5}},"39":{"start":{"line":98,"column":6},"end":{"line":98,"column":76}},"40":{"start":{"line":99,"column":6},"end":{"line":99,"column":13}},"41":{"start":{"line":102,"column":21},"end":{"line":102,"column":61}},"42":{"start":{"line":103,"column":19},"end":{"line":103,"column":36}},"43":{"start":{"line":105,"column":4},"end":{"line":108,"column":5}},"44":{"start":{"line":106,"column":6},"end":{"line":106,"column":72}},"45":{"start":{"line":107,"column":6},"end":{"line":107,"column":13}},"46":{"start":{"line":110,"column":4},"end":{"line":114,"column":7}},"47":{"start":{"line":117,"column":26},"end":{"line":124,"column":3}},"48":{"start":{"line":118,"column":4},"end":{"line":121,"column":5}},"49":{"start":{"line":119,"column":6},"end":{"line":119,"column":76}},"50":{"start":{"line":120,"column":6},"end":{"line":120,"column":13}},"51":{"start":{"line":123,"column":4},"end":{"line":123,"column":37}},"52":{"start":{"line":126,"column":18},"end":{"line":126,"column":35}},"53":{"start":{"line":128,"column":2},"end":{"line":243,"column":4}},"54":{"start":{"line":142,"column":27},"end":{"line":142,"column":45}},"55":{"start":{"line":192,"column":18},"end":{"line":195,"column":21}},"56":{"start":{"line":192,"column":47},"end":{"line":195,"column":20}},"57":{"start":{"line":206,"column":18},"end":{"line":211,"column":21}},"58":{"start":{"line":206,"column":47},"end":{"line":211,"column":20}},"59":{"start":{"line":247,"column":2},"end":{"line":278,"column":4}}},"fnMap":{"0":{"name":"AccountDetailsPage","decl":{"start":{"line":21,"column":16},"end":{"line":21,"column":34}},"loc":{"start":{"line":21,"column":34},"end":{"line":244,"column":1}}},"1":{"name":"(anonymous_1)","decl":{"start":{"line":32,"column":27},"end":{"line":32,"column":30}},"loc":{"start":{"line":32,"column":32},"end":{"line":40,"column":3}}},"2":{"name":"(anonymous_2)","decl":{"start":{"line":47,"column":13},"end":{"line":47,"column":16}},"loc":{"start":{"line":47,"column":19},"end":{"line":47,"column":49}}},"3":{"name":"(anonymous_3)","decl":{"start":{"line":53,"column":13},"end":{"line":53,"column":16}},"loc":{"start":{"line":53,"column":19},"end":{"line":53,"column":56}}},"4":{"name":"(anonymous_4)","decl":{"start":{"line":59,"column":15},"end":{"line":59,"column":20}},"loc":{"start":{"line":59,"column":33},"end":{"line":69,"column":5}}},"5":{"name":"(anonymous_5)","decl":{"start":{"line":70,"column":13},"end":{"line":70,"column":14}},"loc":{"start":{"line":70,"column":23},"end":{"line":72,"column":5}}},"6":{"name":"(anonymous_6)","decl":{"start":{"line":77,"column":15},"end":{"line":77,"column":20}},"loc":{"start":{"line":77,"column":32},"end":{"line":88,"column":5}}},"7":{"name":"(anonymous_7)","decl":{"start":{"line":89,"column":13},"end":{"line":89,"column":14}},"loc":{"start":{"line":89,"column":23},"end":{"line":91,"column":5}}},"8":{"name":"(anonymous_8)","decl":{"start":{"line":94,"column":26},"end":{"line":94,"column":27}},"loc":{"start":{"line":94,"column":64},"end":{"line":115,"column":3}}},"9":{"name":"(anonymous_9)","decl":{"start":{"line":117,"column":26},"end":{"line":117,"column":29}},"loc":{"start":{"line":117,"column":31},"end":{"line":124,"column":3}}},"10":{"name":"(anonymous_10)","decl":{"start":{"line":142,"column":21},"end":{"line":142,"column":24}},"loc":{"start":{"line":142,"column":27},"end":{"line":142,"column":45}}},"11":{"name":"(anonymous_11)","decl":{"start":{"line":191,"column":26},"end":{"line":191,"column":27}},"loc":{"start":{"line":192,"column":18},"end":{"line":195,"column":21}}},"12":{"name":"(anonymous_12)","decl":{"start":{"line":192,"column":32},"end":{"line":192,"column":33}},"loc":{"start":{"line":192,"column":47},"end":{"line":195,"column":20}}},"13":{"name":"(anonymous_13)","decl":{"start":{"line":205,"column":26},"end":{"line":205,"column":27}},"loc":{"start":{"line":206,"column":18},"end":{"line":211,"column":21}}},"14":{"name":"(anonymous_14)","decl":{"start":{"line":206,"column":32},"end":{"line":206,"column":33}},"loc":{"start":{"line":206,"column":47},"end":{"line":211,"column":20}}},"15":{"name":"AccountDetailsSummary","decl":{"start":{"line":246,"column":9},"end":{"line":246,"column":30}},"loc":{"start":{"line":246,"column":68},"end":{"line":279,"column":1}}}},"branchMap":{"0":{"loc":{"start":{"line":26,"column":21},"end":{"line":26,"column":40}},"type":"default-arg","locations":[{"start":{"line":26,"column":38},"end":{"line":26,"column":40}}]},"1":{"loc":{"start":{"line":29,"column":26},"end":{"line":29,"column":70}},"type":"binary-expr","locations":[{"start":{"line":29,"column":26},"end":{"line":29,"column":64}},{"start":{"line":29,"column":68},"end":{"line":29,"column":70}}]},"2":{"loc":{"start":{"line":33,"column":4},"end":{"line":35,"column":5}},"type":"if","locations":[{"start":{"line":33,"column":4},"end":{"line":35,"column":5}}]},"3":{"loc":{"start":{"line":37,"column":11},"end":{"line":39,"column":25}},"type":"cond-expr","locations":[{"start":{"line":38,"column":8},"end":{"line":38,"column":75}},{"start":{"line":39,"column":8},"end":{"line":39,"column":25}}]},"4":{"loc":{"start":{"line":54,"column":13},"end":{"line":54,"column":52}},"type":"binary-expr","locations":[{"start":{"line":54,"column":13},"end":{"line":54,"column":24}},{"start":{"line":54,"column":28},"end":{"line":54,"column":52}}]},"5":{"loc":{"start":{"line":97,"column":4},"end":{"line":100,"column":5}},"type":"if","locations":[{"start":{"line":97,"column":4},"end":{"line":100,"column":5}}]},"6":{"loc":{"start":{"line":102,"column":21},"end":{"line":102,"column":61}},"type":"binary-expr","locations":[{"start":{"line":102,"column":21},"end":{"line":102,"column":48}},{"start":{"line":102,"column":52},"end":{"line":102,"column":61}}]},"7":{"loc":{"start":{"line":105,"column":4},"end":{"line":108,"column":5}},"type":"if","locations":[{"start":{"line":105,"column":4},"end":{"line":108,"column":5}}]},"8":{"loc":{"start":{"line":105,"column":8},"end":{"line":105,"column":28}},"type":"binary-expr","locations":[{"start":{"line":105,"column":8},"end":{"line":105,"column":17}},{"start":{"line":105,"column":21},"end":{"line":105,"column":28}}]},"9":{"loc":{"start":{"line":118,"column":4},"end":{"line":121,"column":5}},"type":"if","locations":[{"start":{"line":118,"column":4},"end":{"line":121,"column":5}}]},"10":{"loc":{"start":{"line":152,"column":11},"end":{"line":180,"column":null}},"type":"cond-expr","locations":[{"start":{"line":153,"column":12},"end":{"line":153,"column":81}},{"start":{"line":154,"column":14},"end":{"line":180,"column":null}}]},"11":{"loc":{"start":{"line":154,"column":14},"end":{"line":180,"column":null}},"type":"cond-expr","locations":[{"start":{"line":155,"column":12},"end":{"line":155,"column":67}},{"start":{"line":156,"column":14},"end":{"line":180,"column":null}}]},"12":{"loc":{"start":{"line":156,"column":14},"end":{"line":180,"column":null}},"type":"cond-expr","locations":[{"start":{"line":157,"column":12},"end":{"line":157,"column":80}},{"start":{"line":158,"column":14},"end":{"line":180,"column":null}}]},"13":{"loc":{"start":{"line":158,"column":14},"end":{"line":180,"column":null}},"type":"cond-expr","locations":[{"start":{"line":159,"column":12},"end":{"line":177,"column":null}},{"start":{"line":180,"column":12},"end":{"line":180,"column":93}}]},"14":{"loc":{"start":{"line":162,"column":15},"end":{"line":177,"column":22}},"type":"cond-expr","locations":[{"start":{"line":163,"column":16},"end":{"line":175,"column":null}},{"start":{"line":177,"column":18},"end":{"line":177,"column":22}}]},"15":{"loc":{"start":{"line":167,"column":23},"end":{"line":173,"column":84}},"type":"cond-expr","locations":[{"start":{"line":168,"column":26},"end":{"line":168,"column":63}},{"start":{"line":169,"column":26},"end":{"line":173,"column":84}}]},"16":{"loc":{"start":{"line":169,"column":26},"end":{"line":173,"column":84}},"type":"cond-expr","locations":[{"start":{"line":170,"column":28},"end":{"line":170,"column":40}},{"start":{"line":171,"column":28},"end":{"line":173,"column":84}}]},"17":{"loc":{"start":{"line":171,"column":28},"end":{"line":173,"column":84}},"type":"cond-expr","locations":[{"start":{"line":172,"column":30},"end":{"line":172,"column":96}},{"start":{"line":173,"column":30},"end":{"line":173,"column":84}}]},"18":{"loc":{"start":{"line":173,"column":30},"end":{"line":173,"column":84}},"type":"binary-expr","locations":[{"start":{"line":173,"column":30},"end":{"line":173,"column":65}},{"start":{"line":173,"column":69},"end":{"line":173,"column":84}}]},"19":{"loc":{"start":{"line":190,"column":23},"end":{"line":190,"column":48}},"type":"binary-expr","locations":[{"start":{"line":190,"column":23},"end":{"line":190,"column":42}},{"start":{"line":190,"column":46},"end":{"line":190,"column":48}}]},"20":{"loc":{"start":{"line":204,"column":23},"end":{"line":204,"column":46}},"type":"binary-expr","locations":[{"start":{"line":204,"column":23},"end":{"line":204,"column":40}},{"start":{"line":204,"column":44},"end":{"line":204,"column":46}}]},"21":{"loc":{"start":{"line":208,"column":28},"end":{"line":210,"column":33}},"type":"cond-expr","locations":[{"start":{"line":209,"column":25},"end":{"line":209,"column":81}},{"start":{"line":210,"column":24},"end":{"line":210,"column":33}}]},"22":{"loc":{"start":{"line":223,"column":17},"end":{"line":223,"column":76}},"type":"cond-expr","locations":[{"start":{"line":223,"column":44},"end":{"line":223,"column":57}},{"start":{"line":223,"column":60},"end":{"line":223,"column":76}}]},"23":{"loc":{"start":{"line":231,"column":17},"end":{"line":231,"column":76}},"type":"cond-expr","locations":[{"start":{"line":231,"column":44},"end":{"line":231,"column":57}},{"start":{"line":231,"column":60},"end":{"line":231,"column":76}}]}},"s":{"0":2,"1":2,"2":2,"3":2,"4":2,"5":2,"6":2,"7":2,"8":10,"9":10,"10":10,"11":10,"12":10,"13":10,"14":10,"15":10,"16":10,"17":3,"18":2,"19":1,"20":10,"21":10,"22":10,"23":4,"24":10,"25":1,"26":10,"27":1,"28":1,"29":1,"30":0,"31":10,"32":0,"33":0,"34":0,"35":0,"36":10,"37":1,"38":1,"39":0,"40":0,"41":1,"42":1,"43":1,"44":0,"45":0,"46":1,"47":10,"48":0,"49":0,"50":0,"51":0,"52":10,"53":10,"54":1,"55":1,"56":1,"57":1,"58":1,"59":7},"f":{"0":10,"1":3,"2":4,"3":1,"4":1,"5":0,"6":0,"7":0,"8":1,"9":0,"10":1,"11":1,"12":1,"13":1,"14":1,"15":7},"b":{"0":[0],"1":[10,8],"2":[2],"3":[1,0],"4":[10,2],"5":[0],"6":[1,0],"7":[0],"8":[1,0],"9":[0],"10":[0,10],"11":[3,7],"12":[0,7],"13":[7,0],"14":[1,6],"15":[0,1],"16":[0,1],"17":[0,1],"18":[1,0],"19":[10,0],"20":[10,8],"21":[1,0],"22":[0,10],"23":[0,10]}}
,"C:\\Users\\caier\\EricSprint6\\frontend\\src\\pages\\AccountManagementPage.tsx": {"path":"C:\\Users\\caier\\EricSprint6\\frontend\\src\\pages\\AccountManagementPage.tsx","statementMap":{"0":{"start":{"line":12,"column":0},"end":{"line":12,"column":16}},"1":{"start":{"line":1,"column":0},"end":{"line":1,"column":44}},"2":{"start":{"line":2,"column":0},"end":{"line":2,"column":78}},"3":{"start":{"line":3,"column":0},"end":{"line":3,"column":64}},"4":{"start":{"line":4,"column":0},"end":{"line":4,"column":null}},"5":{"start":{"line":9,"column":0},"end":{"line":9,"column":61}},"6":{"start":{"line":10,"column":0},"end":{"line":10,"column":53}},"7":{"start":{"line":13,"column":22},"end":{"line":13,"column":38}},"8":{"start":{"line":14,"column":19},"end":{"line":14,"column":32}},"9":{"start":{"line":15,"column":25},"end":{"line":15,"column":42}},"10":{"start":{"line":16,"column":15},"end":{"line":16,"column":39}},"11":{"start":{"line":17,"column":18},"end":{"line":17,"column":34}},"12":{"start":{"line":18,"column":25},"end":{"line":18,"column":78}},"13":{"start":{"line":20,"column":48},"end":{"line":20,"column":72}},"14":{"start":{"line":21,"column":34},"end":{"line":22,"column":null}},"15":{"start":{"line":25,"column":34},"end":{"line":29,"column":4}},"16":{"start":{"line":31,"column":24},"end":{"line":35,"column":4}},"17":{"start":{"line":33,"column":19},"end":{"line":33,"column":84}},"18":{"start":{"line":37,"column":25},"end":{"line":47,"column":4}},"19":{"start":{"line":40,"column":6},"end":{"line":40,"column":95}},"20":{"start":{"line":41,"column":6},"end":{"line":41,"column":65}},"21":{"start":{"line":41,"column":33},"end":{"line":41,"column":62}},"22":{"start":{"line":42,"column":6},"end":{"line":42,"column":78}},"23":{"start":{"line":45,"column":6},"end":{"line":45,"column":75}},"24":{"start":{"line":49,"column":26},"end":{"line":68,"column":3}},"25":{"start":{"line":50,"column":4},"end":{"line":50,"column":27}},"26":{"start":{"line":52,"column":31},"end":{"line":52,"column":73}},"27":{"start":{"line":53,"column":4},"end":{"line":56,"column":5}},"28":{"start":{"line":54,"column":6},"end":{"line":54,"column":66}},"29":{"start":{"line":55,"column":6},"end":{"line":55,"column":13}},"30":{"start":{"line":58,"column":4},"end":{"line":61,"column":5}},"31":{"start":{"line":59,"column":6},"end":{"line":59,"column":80}},"32":{"start":{"line":60,"column":6},"end":{"line":60,"column":13}},"33":{"start":{"line":63,"column":4},"end":{"line":67,"column":7}},"34":{"start":{"line":70,"column":24},"end":{"line":75,"column":3}},"35":{"start":{"line":71,"column":21},"end":{"line":71,"column":71}},"36":{"start":{"line":72,"column":20},"end":{"line":72,"column":42}},"37":{"start":{"line":73,"column":18},"end":{"line":73,"column":88}},"38":{"start":{"line":74,"column":4},"end":{"line":74,"column":69}},"39":{"start":{"line":77,"column":19},"end":{"line":77,"column":43}},"40":{"start":{"line":79,"column":2},"end":{"line":205,"column":4}},"41":{"start":{"line":91,"column":54},"end":{"line":91,"column":76}},"42":{"start":{"line":96,"column":37},"end":{"line":96,"column":75}},"43":{"start":{"line":114,"column":18},"end":{"line":117,"column":21}},"44":{"start":{"line":114,"column":45},"end":{"line":117,"column":20}},"45":{"start":{"line":130,"column":18},"end":{"line":133,"column":21}},"46":{"start":{"line":130,"column":45},"end":{"line":133,"column":20}},"47":{"start":{"line":145,"column":18},"end":{"line":148,"column":21}},"48":{"start":{"line":145,"column":45},"end":{"line":148,"column":20}},"49":{"start":{"line":173,"column":16},"end":{"line":173,"column":null}},"50":{"start":{"line":177,"column":35},"end":{"line":177,"column":67}}},"fnMap":{"0":{"name":"AccountManagementPage","decl":{"start":{"line":12,"column":16},"end":{"line":12,"column":37}},"loc":{"start":{"line":12,"column":37},"end":{"line":206,"column":1}}},"1":{"name":"(anonymous_1)","decl":{"start":{"line":33,"column":13},"end":{"line":33,"column":16}},"loc":{"start":{"line":33,"column":19},"end":{"line":33,"column":84}}},"2":{"name":"(anonymous_2)","decl":{"start":{"line":39,"column":15},"end":{"line":39,"column":20}},"loc":{"start":{"line":39,"column":33},"end":{"line":43,"column":5}}},"3":{"name":"(anonymous_3)","decl":{"start":{"line":41,"column":18},"end":{"line":41,"column":19}},"loc":{"start":{"line":41,"column":33},"end":{"line":41,"column":62}}},"4":{"name":"(anonymous_4)","decl":{"start":{"line":44,"column":13},"end":{"line":44,"column":14}},"loc":{"start":{"line":44,"column":23},"end":{"line":46,"column":5}}},"5":{"name":"(anonymous_5)","decl":{"start":{"line":49,"column":26},"end":{"line":49,"column":27}},"loc":{"start":{"line":49,"column":64},"end":{"line":68,"column":3}}},"6":{"name":"(anonymous_6)","decl":{"start":{"line":70,"column":24},"end":{"line":70,"column":25}},"loc":{"start":{"line":70,"column":46},"end":{"line":75,"column":3}}},"7":{"name":"(anonymous_7)","decl":{"start":{"line":91,"column":43},"end":{"line":91,"column":44}},"loc":{"start":{"line":91,"column":54},"end":{"line":91,"column":76}}},"8":{"name":"(anonymous_8)","decl":{"start":{"line":96,"column":26},"end":{"line":96,"column":27}},"loc":{"start":{"line":96,"column":37},"end":{"line":96,"column":75}}},"9":{"name":"(anonymous_9)","decl":{"start":{"line":113,"column":26},"end":{"line":113,"column":27}},"loc":{"start":{"line":114,"column":18},"end":{"line":117,"column":21}}},"10":{"name":"(anonymous_10)","decl":{"start":{"line":114,"column":30},"end":{"line":114,"column":31}},"loc":{"start":{"line":114,"column":45},"end":{"line":117,"column":20}}},"11":{"name":"(anonymous_11)","decl":{"start":{"line":129,"column":26},"end":{"line":129,"column":27}},"loc":{"start":{"line":130,"column":18},"end":{"line":133,"column":21}}},"12":{"name":"(anonymous_12)","decl":{"start":{"line":130,"column":30},"end":{"line":130,"column":31}},"loc":{"start":{"line":130,"column":45},"end":{"line":133,"column":20}}},"13":{"name":"(anonymous_13)","decl":{"start":{"line":144,"column":26},"end":{"line":144,"column":27}},"loc":{"start":{"line":145,"column":18},"end":{"line":148,"column":21}}},"14":{"name":"(anonymous_14)","decl":{"start":{"line":145,"column":30},"end":{"line":145,"column":31}},"loc":{"start":{"line":145,"column":45},"end":{"line":148,"column":20}}},"15":{"name":"(anonymous_15)","decl":{"start":{"line":172,"column":28},"end":{"line":172,"column":29}},"loc":{"start":{"line":173,"column":16},"end":{"line":173,"column":null}}},"16":{"name":"(anonymous_16)","decl":{"start":{"line":177,"column":29},"end":{"line":177,"column":32}},"loc":{"start":{"line":177,"column":35},"end":{"line":177,"column":67}}}},"branchMap":{"0":{"loc":{"start":{"line":18,"column":25},"end":{"line":18,"column":78}},"type":"cond-expr","locations":[{"start":{"line":18,"column":36},"end":{"line":18,"column":72}},{"start":{"line":18,"column":76},"end":{"line":18,"column":78}}]},"1":{"loc":{"start":{"line":18,"column":36},"end":{"line":18,"column":72}},"type":"binary-expr","locations":[{"start":{"line":18,"column":36},"end":{"line":18,"column":66}},{"start":{"line":18,"column":70},"end":{"line":18,"column":72}}]},"2":{"loc":{"start":{"line":32,"column":35},"end":{"line":32,"column":69}},"type":"cond-expr","locations":[{"start":{"line":32,"column":45},"end":{"line":32,"column":60}},{"start":{"line":32,"column":63},"end":{"line":32,"column":69}}]},"3":{"loc":{"start":{"line":33,"column":33},"end":{"line":33,"column":83}},"type":"cond-expr","locations":[{"start":{"line":33,"column":43},"end":{"line":33,"column":71}},{"start":{"line":33,"column":74},"end":{"line":33,"column":83}}]},"4":{"loc":{"start":{"line":33,"column":43},"end":{"line":33,"column":71}},"type":"binary-expr","locations":[{"start":{"line":33,"column":43},"end":{"line":33,"column":58}},{"start":{"line":33,"column":62},"end":{"line":33,"column":71}}]},"5":{"loc":{"start":{"line":34,"column":13},"end":{"line":34,"column":56}},"type":"binary-expr","locations":[{"start":{"line":34,"column":13},"end":{"line":34,"column":21}},{"start":{"line":34,"column":25},"end":{"line":34,"column":56}}]},"6":{"loc":{"start":{"line":53,"column":4},"end":{"line":56,"column":5}},"type":"if","locations":[{"start":{"line":53,"column":4},"end":{"line":56,"column":5}}]},"7":{"loc":{"start":{"line":58,"column":4},"end":{"line":61,"column":5}},"type":"if","locations":[{"start":{"line":58,"column":4},"end":{"line":61,"column":5}}]},"8":{"loc":{"start":{"line":58,"column":8},"end":{"line":58,"column":42}},"type":"binary-expr","locations":[{"start":{"line":58,"column":8},"end":{"line":58,"column":15}},{"start":{"line":58,"column":19},"end":{"line":58,"column":42}}]},"9":{"loc":{"start":{"line":66,"column":18},"end":{"line":66,"column":62}},"type":"cond-expr","locations":[{"start":{"line":66,"column":28},"end":{"line":66,"column":50}},{"start":{"line":66,"column":53},"end":{"line":66,"column":62}}]},"10":{"loc":{"start":{"line":71,"column":21},"end":{"line":71,"column":71}},"type":"cond-expr","locations":[{"start":{"line":71,"column":31},"end":{"line":71,"column":48}},{"start":{"line":71,"column":51},"end":{"line":71,"column":71}}]},"11":{"loc":{"start":{"line":73,"column":18},"end":{"line":73,"column":88}},"type":"cond-expr","locations":[{"start":{"line":73,"column":39},"end":{"line":73,"column":83}},{"start":{"line":73,"column":86},"end":{"line":73,"column":88}}]},"12":{"loc":{"start":{"line":73,"column":18},"end":{"line":73,"column":36}},"type":"binary-expr","locations":[{"start":{"line":73,"column":18},"end":{"line":73,"column":25}},{"start":{"line":73,"column":29},"end":{"line":73,"column":36}}]},"13":{"loc":{"start":{"line":77,"column":19},"end":{"line":77,"column":43}},"type":"binary-expr","locations":[{"start":{"line":77,"column":19},"end":{"line":77,"column":37}},{"start":{"line":77,"column":41},"end":{"line":77,"column":43}}]},"14":{"loc":{"start":{"line":88,"column":7},"end":{"line":103,"column":14}},"type":"cond-expr","locations":[{"start":{"line":89,"column":8},"end":{"line":101,"column":null}},{"start":{"line":103,"column":10},"end":{"line":103,"column":14}}]},"15":{"loc":{"start":{"line":143,"column":23},"end":{"line":143,"column":46}},"type":"binary-expr","locations":[{"start":{"line":143,"column":23},"end":{"line":143,"column":40}},{"start":{"line":143,"column":44},"end":{"line":143,"column":46}}]},"16":{"loc":{"start":{"line":156,"column":17},"end":{"line":156,"column":76}},"type":"cond-expr","locations":[{"start":{"line":156,"column":44},"end":{"line":156,"column":57}},{"start":{"line":156,"column":60},"end":{"line":156,"column":76}}]},"17":{"loc":{"start":{"line":164,"column":11},"end":{"line":194,"column":null}},"type":"cond-expr","locations":[{"start":{"line":165,"column":12},"end":{"line":165,"column":60}},{"start":{"line":166,"column":14},"end":{"line":194,"column":null}}]},"18":{"loc":{"start":{"line":166,"column":14},"end":{"line":194,"column":null}},"type":"cond-expr","locations":[{"start":{"line":167,"column":12},"end":{"line":167,"column":106}},{"start":{"line":168,"column":14},"end":{"line":194,"column":null}}]},"19":{"loc":{"start":{"line":168,"column":14},"end":{"line":194,"column":null}},"type":"cond-expr","locations":[{"start":{"line":169,"column":12},"end":{"line":169,"column":82}},{"start":{"line":171,"column":12},"end":{"line":193,"column":null}}]},"20":{"loc":{"start":{"line":187,"column":39},"end":{"line":187,"column":114}},"type":"cond-expr","locations":[{"start":{"line":187,"column":69},"end":{"line":187,"column":98}},{"start":{"line":187,"column":101},"end":{"line":187,"column":114}}]}},"s":{"0":2,"1":2,"2":2,"3":2,"4":2,"5":2,"6":2,"7":5,"8":5,"9":5,"10":5,"11":5,"12":5,"13":5,"14":5,"15":5,"16":5,"17":1,"18":5,"19":0,"20":0,"21":0,"22":0,"23":0,"24":5,"25":0,"26":0,"27":0,"28":0,"29":0,"30":0,"31":0,"32":0,"33":0,"34":5,"35":1,"36":1,"37":1,"38":1,"39":5,"40":5,"41":0,"42":0,"43":0,"44":0,"45":0,"46":0,"47":0,"48":0,"49":1,"50":1},"f":{"0":5,"1":1,"2":0,"3":0,"4":0,"5":0,"6":1,"7":0,"8":0,"9":0,"10":0,"11":0,"12":0,"13":0,"14":0,"15":1,"16":1},"b":{"0":[3,2],"1":[3,3],"2":[3,2],"3":[0,1],"4":[0,0],"5":[5,3],"6":[0],"7":[0],"8":[0,0],"9":[0,0],"10":[0,1],"11":[0,1],"12":[1,0],"13":[5,4],"14":[3,2],"15":[5,0],"16":[0,5],"17":[1,4],"18":[0,4],"19":[3,1],"20":[1,0]}}
,"C:\\Users\\caier\\EricSprint6\\frontend\\src\\pages\\AdminDashboardPage.tsx": {"path":"C:\\Users\\caier\\EricSprint6\\frontend\\src\\pages\\AdminDashboardPage.tsx","statementMap":{"0":{"start":{"line":9,"column":0},"end":{"line":9,"column":16}},"1":{"start":{"line":1,"column":0},"end":{"line":1,"column":53}},"2":{"start":{"line":2,"column":0},"end":{"line":2,"column":49}},"3":{"start":{"line":3,"column":0},"end":{"line":3,"column":47}},"4":{"start":{"line":4,"column":0},"end":{"line":4,"column":53}},"5":{"start":{"line":5,"column":0},"end":{"line":5,"column":63}},"6":{"start":{"line":6,"column":0},"end":{"line":6,"column":90}},"7":{"start":{"line":7,"column":0},"end":{"line":7,"column":65}},"8":{"start":{"line":10,"column":19},"end":{"line":10,"column":32}},"9":{"start":{"line":11,"column":24},"end":{"line":11,"column":58}},"10":{"start":{"line":12,"column":25},"end":{"line":12,"column":61}},"11":{"start":{"line":14,"column":54},"end":{"line":14,"column":66}},"12":{"start":{"line":15,"column":34},"end":{"line":16,"column":null}},"13":{"start":{"line":19,"column":25},"end":{"line":22,"column":4}},"14":{"start":{"line":21,"column":19},"end":{"line":21,"column":49}},"15":{"start":{"line":24,"column":20},"end":{"line":24,"column":45}},"16":{"start":{"line":26,"column":2},"end":{"line":32,"column":38}},"17":{"start":{"line":27,"column":4},"end":{"line":31,"column":5}},"18":{"start":{"line":28,"column":30},"end":{"line":28,"column":53}},"19":{"start":{"line":29,"column":6},"end":{"line":29,"column":45}},"20":{"start":{"line":30,"column":6},"end":{"line":30,"column":43}},"21":{"start":{"line":34,"column":24},"end":{"line":38,"column":4}},"22":{"start":{"line":36,"column":19},"end":{"line":36,"column":52}},"23":{"start":{"line":40,"column":19},"end":{"line":40,"column":43}},"24":{"start":{"line":42,"column":27},"end":{"line":44,"column":null}},"25":{"start":{"line":43,"column":10},"end":{"line":43,"column":90}},"26":{"start":{"line":43,"column":39},"end":{"line":43,"column":81}},"27":{"start":{"line":47,"column":34},"end":{"line":49,"column":null}},"28":{"start":{"line":48,"column":10},"end":{"line":48,"column":78}},"29":{"start":{"line":48,"column":44},"end":{"line":48,"column":74}},"30":{"start":{"line":52,"column":27},"end":{"line":56,"column":3}},"31":{"start":{"line":53,"column":4},"end":{"line":53,"column":38}},"32":{"start":{"line":54,"column":4},"end":{"line":54,"column":36}},"33":{"start":{"line":55,"column":4},"end":{"line":55,"column":57}},"34":{"start":{"line":58,"column":26},"end":{"line":64,"column":3}},"35":{"start":{"line":59,"column":23},"end":{"line":61,"column":10}},"36":{"start":{"line":62,"column":4},"end":{"line":62,"column":78}},"37":{"start":{"line":63,"column":4},"end":{"line":63,"column":56}},"38":{"start":{"line":66,"column":2},"end":{"line":231,"column":4}},"39":{"start":{"line":104,"column":16},"end":{"line":104,"column":null}},"40":{"start":{"line":112,"column":35},"end":{"line":112,"column":72}},"41":{"start":{"line":193,"column":16},"end":{"line":193,"column":null}},"42":{"start":{"line":197,"column":35},"end":{"line":197,"column":69}}},"fnMap":{"0":{"name":"AdminDashboardPage","decl":{"start":{"line":9,"column":16},"end":{"line":9,"column":34}},"loc":{"start":{"line":9,"column":34},"end":{"line":232,"column":1}}},"1":{"name":"(anonymous_1)","decl":{"start":{"line":21,"column":13},"end":{"line":21,"column":16}},"loc":{"start":{"line":21,"column":19},"end":{"line":21,"column":49}}},"2":{"name":"(anonymous_2)","decl":{"start":{"line":26,"column":12},"end":{"line":26,"column":15}},"loc":{"start":{"line":26,"column":17},"end":{"line":32,"column":3}}},"3":{"name":"(anonymous_3)","decl":{"start":{"line":36,"column":13},"end":{"line":36,"column":16}},"loc":{"start":{"line":36,"column":19},"end":{"line":36,"column":52}}},"4":{"name":"(anonymous_4)","decl":{"start":{"line":43,"column":4},"end":{"line":43,"column":7}},"loc":{"start":{"line":43,"column":10},"end":{"line":43,"column":90}}},"5":{"name":"(anonymous_5)","decl":{"start":{"line":43,"column":25},"end":{"line":43,"column":26}},"loc":{"start":{"line":43,"column":39},"end":{"line":43,"column":81}}},"6":{"name":"(anonymous_6)","decl":{"start":{"line":48,"column":4},"end":{"line":48,"column":7}},"loc":{"start":{"line":48,"column":10},"end":{"line":48,"column":78}}},"7":{"name":"(anonymous_7)","decl":{"start":{"line":48,"column":26},"end":{"line":48,"column":27}},"loc":{"start":{"line":48,"column":44},"end":{"line":48,"column":74}}},"8":{"name":"(anonymous_8)","decl":{"start":{"line":52,"column":27},"end":{"line":52,"column":28}},"loc":{"start":{"line":52,"column":50},"end":{"line":56,"column":3}}},"9":{"name":"(anonymous_9)","decl":{"start":{"line":58,"column":26},"end":{"line":58,"column":27}},"loc":{"start":{"line":58,"column":48},"end":{"line":64,"column":3}}},"10":{"name":"(anonymous_10)","decl":{"start":{"line":103,"column":29},"end":{"line":103,"column":30}},"loc":{"start":{"line":104,"column":16},"end":{"line":104,"column":null}}},"11":{"name":"(anonymous_11)","decl":{"start":{"line":112,"column":29},"end":{"line":112,"column":32}},"loc":{"start":{"line":112,"column":35},"end":{"line":112,"column":72}}},"12":{"name":"(anonymous_12)","decl":{"start":{"line":192,"column":28},"end":{"line":192,"column":29}},"loc":{"start":{"line":193,"column":16},"end":{"line":193,"column":null}}},"13":{"name":"(anonymous_13)","decl":{"start":{"line":197,"column":29},"end":{"line":197,"column":32}},"loc":{"start":{"line":197,"column":35},"end":{"line":197,"column":69}}}},"branchMap":{"0":{"loc":{"start":{"line":11,"column":24},"end":{"line":11,"column":58}},"type":"binary-expr","locations":[{"start":{"line":11,"column":24},"end":{"line":11,"column":39}},{"start":{"line":11,"column":43},"end":{"line":11,"column":58}}]},"1":{"loc":{"start":{"line":12,"column":25},"end":{"line":12,"column":61}},"type":"binary-expr","locations":[{"start":{"line":12,"column":25},"end":{"line":12,"column":42}},{"start":{"line":12,"column":46},"end":{"line":12,"column":61}}]},"2":{"loc":{"start":{"line":24,"column":20},"end":{"line":24,"column":45}},"type":"binary-expr","locations":[{"start":{"line":24,"column":20},"end":{"line":24,"column":39}},{"start":{"line":24,"column":43},"end":{"line":24,"column":45}}]},"3":{"loc":{"start":{"line":27,"column":4},"end":{"line":31,"column":5}},"type":"if","locations":[{"start":{"line":27,"column":4},"end":{"line":31,"column":5}}]},"4":{"loc":{"start":{"line":27,"column":8},"end":{"line":27,"column":51}},"type":"binary-expr","locations":[{"start":{"line":27,"column":8},"end":{"line":27,"column":27}},{"start":{"line":27,"column":31},"end":{"line":27,"column":51}}]},"5":{"loc":{"start":{"line":40,"column":19},"end":{"line":40,"column":43}},"type":"binary-expr","locations":[{"start":{"line":40,"column":19},"end":{"line":40,"column":37}},{"start":{"line":40,"column":41},"end":{"line":40,"column":43}}]},"6":{"loc":{"start":{"line":43,"column":10},"end":{"line":43,"column":90}},"type":"binary-expr","locations":[{"start":{"line":43,"column":10},"end":{"line":43,"column":82}},{"start":{"line":43,"column":86},"end":{"line":43,"column":90}}]},"7":{"loc":{"start":{"line":59,"column":23},"end":{"line":61,"column":10}},"type":"cond-expr","locations":[{"start":{"line":60,"column":8},"end":{"line":60,"column":70}},{"start":{"line":61,"column":8},"end":{"line":61,"column":10}}]},"8":{"loc":{"start":{"line":95,"column":11},"end":{"line":128,"column":null}},"type":"cond-expr","locations":[{"start":{"line":96,"column":12},"end":{"line":96,"column":70}},{"start":{"line":97,"column":14},"end":{"line":128,"column":null}}]},"9":{"loc":{"start":{"line":97,"column":14},"end":{"line":128,"column":null}},"type":"cond-expr","locations":[{"start":{"line":98,"column":12},"end":{"line":98,"column":108}},{"start":{"line":99,"column":14},"end":{"line":128,"column":null}}]},"10":{"loc":{"start":{"line":99,"column":14},"end":{"line":128,"column":null}},"type":"cond-expr","locations":[{"start":{"line":100,"column":12},"end":{"line":100,"column":60}},{"start":{"line":102,"column":12},"end":{"line":127,"column":null}}]},"11":{"loc":{"start":{"line":108,"column":22},"end":{"line":110,"column":48}},"type":"cond-expr","locations":[{"start":{"line":109,"column":26},"end":{"line":109,"column":55}},{"start":{"line":110,"column":26},"end":{"line":110,"column":48}}]},"12":{"loc":{"start":{"line":116,"column":48},"end":{"line":116,"column":76}},"type":"binary-expr","locations":[{"start":{"line":116,"column":48},"end":{"line":116,"column":62}},{"start":{"line":116,"column":66},"end":{"line":116,"column":76}}]},"13":{"loc":{"start":{"line":120,"column":52},"end":{"line":120,"column":92}},"type":"binary-expr","locations":[{"start":{"line":120,"column":52},"end":{"line":120,"column":80}},{"start":{"line":120,"column":84},"end":{"line":120,"column":92}}]},"14":{"loc":{"start":{"line":121,"column":39},"end":{"line":121,"column":115}},"type":"cond-expr","locations":[{"start":{"line":121,"column":70},"end":{"line":121,"column":99}},{"start":{"line":121,"column":102},"end":{"line":121,"column":115}}]},"15":{"loc":{"start":{"line":134,"column":11},"end":{"line":162,"column":null}},"type":"cond-expr","locations":[{"start":{"line":135,"column":12},"end":{"line":135,"column":83}},{"start":{"line":137,"column":12},"end":{"line":161,"column":null}}]},"16":{"loc":{"start":{"line":148,"column":21},"end":{"line":148,"column":50}},"type":"binary-expr","locations":[{"start":{"line":148,"column":21},"end":{"line":148,"column":43}},{"start":{"line":148,"column":47},"end":{"line":148,"column":50}}]},"17":{"loc":{"start":{"line":152,"column":21},"end":{"line":152,"column":51}},"type":"binary-expr","locations":[{"start":{"line":152,"column":21},"end":{"line":152,"column":44}},{"start":{"line":152,"column":48},"end":{"line":152,"column":51}}]},"18":{"loc":{"start":{"line":182,"column":11},"end":{"line":213,"column":null}},"type":"cond-expr","locations":[{"start":{"line":183,"column":12},"end":{"line":183,"column":76}},{"start":{"line":184,"column":14},"end":{"line":213,"column":null}}]},"19":{"loc":{"start":{"line":184,"column":14},"end":{"line":213,"column":null}},"type":"cond-expr","locations":[{"start":{"line":185,"column":12},"end":{"line":185,"column":69}},{"start":{"line":186,"column":14},"end":{"line":213,"column":null}}]},"20":{"loc":{"start":{"line":186,"column":14},"end":{"line":213,"column":null}},"type":"cond-expr","locations":[{"start":{"line":187,"column":12},"end":{"line":187,"column":106}},{"start":{"line":188,"column":14},"end":{"line":213,"column":null}}]},"21":{"loc":{"start":{"line":188,"column":14},"end":{"line":213,"column":null}},"type":"cond-expr","locations":[{"start":{"line":189,"column":12},"end":{"line":189,"column":94}},{"start":{"line":191,"column":12},"end":{"line":212,"column":null}}]},"22":{"loc":{"start":{"line":206,"column":39},"end":{"line":206,"column":114}},"type":"cond-expr","locations":[{"start":{"line":206,"column":69},"end":{"line":206,"column":98}},{"start":{"line":206,"column":101},"end":{"line":206,"column":114}}]}},"s":{"0":2,"1":2,"2":2,"3":2,"4":2,"5":2,"6":2,"7":2,"8":11,"9":11,"10":11,"11":11,"12":11,"13":11,"14":3,"15":11,"16":11,"17":8,"18":2,"19":2,"20":2,"21":11,"22":3,"23":11,"24":11,"25":8,"26":7,"27":11,"28":11,"29":3,"30":11,"31":1,"32":1,"33":1,"34":11,"35":1,"36":1,"37":1,"38":11,"39":13,"40":1,"41":3,"42":1},"f":{"0":11,"1":3,"2":8,"3":3,"4":8,"5":7,"6":11,"7":3,"8":1,"9":1,"10":13,"11":1,"12":3,"13":1},"b":{"0":[11,0],"1":[11,0],"2":[11,3],"3":[2],"4":[8,5],"5":[11,8],"6":[8,5],"7":[1,0],"8":[3,8],"9":[0,8],"10":[0,8],"11":[6,7],"12":[13,0],"13":[13,0],"14":[13,0],"15":[5,6],"16":[6,0],"17":[6,0],"18":[5,6],"19":[3,3],"20":[0,3],"21":[0,3],"22":[3,0]}}
,"C:\\Users\\caier\\EricSprint6\\frontend\\src\\pages\\CustomerManagementPage.tsx": {"path":"C:\\Users\\caier\\EricSprint6\\frontend\\src\\pages\\CustomerManagementPage.tsx","statementMap":{"0":{"start":{"line":30,"column":0},"end":{"line":30,"column":16}},"1":{"start":{"line":1,"column":0},"end":{"line":1,"column":44}},"2":{"start":{"line":2,"column":0},"end":{"line":2,"column":78}},"3":{"start":{"line":3,"column":0},"end":{"line":3,"column":null}},"4":{"start":{"line":13,"column":0},"end":{"line":13,"column":105}},"5":{"start":{"line":14,"column":0},"end":{"line":14,"column":49}},"6":{"start":{"line":16,"column":50},"end":{"line":21,"column":2}},"7":{"start":{"line":23,"column":50},"end":{"line":28,"column":2}},"8":{"start":{"line":31,"column":22},"end":{"line":31,"column":38}},"9":{"start":{"line":32,"column":15},"end":{"line":32,"column":39}},"10":{"start":{"line":33,"column":18},"end":{"line":33,"column":34}},"11":{"start":{"line":35,"column":54},"end":{"line":35,"column":66}},"12":{"start":{"line":36,"column":34},"end":{"line":36,"column":122}},"13":{"start":{"line":37,"column":38},"end":{"line":37,"column":89}},"14":{"start":{"line":38,"column":38},"end":{"line":38,"column":89}},"15":{"start":{"line":40,"column":27},"end":{"line":44,"column":4}},"16":{"start":{"line":46,"column":31},"end":{"line":50,"column":4}},"17":{"start":{"line":48,"column":19},"end":{"line":48,"column":59}},"18":{"start":{"line":52,"column":25},"end":{"line":63,"column":4}},"19":{"start":{"line":55,"column":6},"end":{"line":55,"column":62}},"20":{"start":{"line":56,"column":6},"end":{"line":56,"column":35}},"21":{"start":{"line":57,"column":6},"end":{"line":57,"column":48}},"22":{"start":{"line":58,"column":6},"end":{"line":58,"column":71}},"23":{"start":{"line":61,"column":6},"end":{"line":61,"column":76}},"24":{"start":{"line":65,"column":25},"end":{"line":75,"column":4}},"25":{"start":{"line":67,"column":6},"end":{"line":67,"column":48}},"26":{"start":{"line":69,"column":6},"end":{"line":69,"column":62}},"27":{"start":{"line":70,"column":6},"end":{"line":70,"column":71}},"28":{"start":{"line":73,"column":6},"end":{"line":73,"column":76}},"29":{"start":{"line":77,"column":25},"end":{"line":90,"column":4}},"30":{"start":{"line":78,"column":41},"end":{"line":78,"column":74}},"31":{"start":{"line":80,"column":6},"end":{"line":80,"column":80}},"32":{"start":{"line":81,"column":6},"end":{"line":84,"column":7}},"33":{"start":{"line":82,"column":8},"end":{"line":82,"column":34}},"34":{"start":{"line":83,"column":8},"end":{"line":83,"column":32}},"35":{"start":{"line":85,"column":6},"end":{"line":85,"column":71}},"36":{"start":{"line":88,"column":6},"end":{"line":88,"column":76}},"37":{"start":{"line":92,"column":27},"end":{"line":100,"column":3}},"38":{"start":{"line":93,"column":4},"end":{"line":93,"column":27}},"39":{"start":{"line":94,"column":4},"end":{"line":99,"column":7}},"40":{"start":{"line":102,"column":27},"end":{"line":127,"column":3}},"41":{"start":{"line":103,"column":4},"end":{"line":103,"column":27}},"42":{"start":{"line":105,"column":48},"end":{"line":110,"column":6}},"43":{"start":{"line":112,"column":23},"end":{"line":112,"column":114}},"44":{"start":{"line":113,"column":4},"end":{"line":116,"column":5}},"45":{"start":{"line":114,"column":6},"end":{"line":114,"column":68}},"46":{"start":{"line":115,"column":6},"end":{"line":115,"column":13}},"47":{"start":{"line":118,"column":4},"end":{"line":121,"column":5}},"48":{"start":{"line":119,"column":6},"end":{"line":119,"column":71}},"49":{"start":{"line":120,"column":6},"end":{"line":120,"column":13}},"50":{"start":{"line":123,"column":4},"end":{"line":126,"column":7}},"51":{"start":{"line":129,"column":27},"end":{"line":141,"column":3}},"52":{"start":{"line":130,"column":4},"end":{"line":133,"column":5}},"53":{"start":{"line":131,"column":6},"end":{"line":131,"column":71}},"54":{"start":{"line":132,"column":6},"end":{"line":132,"column":13}},"55":{"start":{"line":135,"column":4},"end":{"line":138,"column":5}},"56":{"start":{"line":136,"column":6},"end":{"line":136,"column":71}},"57":{"start":{"line":137,"column":6},"end":{"line":137,"column":13}},"58":{"start":{"line":140,"column":4},"end":{"line":140,"column":75}},"59":{"start":{"line":143,"column":23},"end":{"line":143,"column":82}},"60":{"start":{"line":145,"column":2},"end":{"line":360,"column":4}},"61":{"start":{"line":157,"column":54},"end":{"line":157,"column":76}},"62":{"start":{"line":163,"column":32},"end":{"line":163,"column":50}},"63":{"start":{"line":164,"column":18},"end":{"line":164,"column":47}},"64":{"start":{"line":165,"column":18},"end":{"line":167,"column":19}},"65":{"start":{"line":166,"column":20},"end":{"line":166,"column":54}},"66":{"start":{"line":185,"column":18},"end":{"line":188,"column":21}},"67":{"start":{"line":185,"column":47},"end":{"line":188,"column":20}},"68":{"start":{"line":200,"column":18},"end":{"line":203,"column":21}},"69":{"start":{"line":200,"column":47},"end":{"line":203,"column":20}},"70":{"start":{"line":215,"column":18},"end":{"line":218,"column":21}},"71":{"start":{"line":215,"column":47},"end":{"line":218,"column":20}},"72":{"start":{"line":229,"column":18},"end":{"line":232,"column":21}},"73":{"start":{"line":229,"column":47},"end":{"line":232,"column":20}},"74":{"start":{"line":278,"column":18},"end":{"line":281,"column":21}},"75":{"start":{"line":278,"column":47},"end":{"line":281,"column":20}},"76":{"start":{"line":293,"column":18},"end":{"line":296,"column":21}},"77":{"start":{"line":293,"column":47},"end":{"line":296,"column":20}},"78":{"start":{"line":307,"column":18},"end":{"line":310,"column":21}},"79":{"start":{"line":307,"column":47},"end":{"line":310,"column":20}},"80":{"start":{"line":321,"column":18},"end":{"line":326,"column":21}},"81":{"start":{"line":321,"column":47},"end":{"line":326,"column":20}},"82":{"start":{"line":364,"column":2},"end":{"line":391,"column":4}}},"fnMap":{"0":{"name":"CustomerManagementPage","decl":{"start":{"line":30,"column":16},"end":{"line":30,"column":38}},"loc":{"start":{"line":30,"column":38},"end":{"line":361,"column":1}}},"1":{"name":"(anonymous_1)","decl":{"start":{"line":48,"column":13},"end":{"line":48,"column":16}},"loc":{"start":{"line":48,"column":19},"end":{"line":48,"column":59}}},"2":{"name":"(anonymous_2)","decl":{"start":{"line":54,"column":15},"end":{"line":54,"column":20}},"loc":{"start":{"line":54,"column":33},"end":{"line":59,"column":5}}},"3":{"name":"(anonymous_3)","decl":{"start":{"line":60,"column":13},"end":{"line":60,"column":14}},"loc":{"start":{"line":60,"column":23},"end":{"line":62,"column":5}}},"4":{"name":"(anonymous_4)","decl":{"start":{"line":66,"column":16},"end":{"line":66,"column":17}},"loc":{"start":{"line":67,"column":6},"end":{"line":67,"column":48}}},"5":{"name":"(anonymous_5)","decl":{"start":{"line":68,"column":15},"end":{"line":68,"column":20}},"loc":{"start":{"line":68,"column":33},"end":{"line":71,"column":5}}},"6":{"name":"(anonymous_6)","decl":{"start":{"line":72,"column":13},"end":{"line":72,"column":14}},"loc":{"start":{"line":72,"column":23},"end":{"line":74,"column":5}}},"7":{"name":"(anonymous_7)","decl":{"start":{"line":78,"column":16},"end":{"line":78,"column":17}},"loc":{"start":{"line":78,"column":41},"end":{"line":78,"column":74}}},"8":{"name":"(anonymous_8)","decl":{"start":{"line":79,"column":15},"end":{"line":79,"column":20}},"loc":{"start":{"line":79,"column":32},"end":{"line":86,"column":5}}},"9":{"name":"(anonymous_9)","decl":{"start":{"line":87,"column":13},"end":{"line":87,"column":14}},"loc":{"start":{"line":87,"column":23},"end":{"line":89,"column":5}}},"10":{"name":"(anonymous_10)","decl":{"start":{"line":92,"column":27},"end":{"line":92,"column":28}},"loc":{"start":{"line":92,"column":65},"end":{"line":100,"column":3}}},"11":{"name":"(anonymous_11)","decl":{"start":{"line":102,"column":27},"end":{"line":102,"column":28}},"loc":{"start":{"line":102,"column":65},"end":{"line":127,"column":3}}},"12":{"name":"(anonymous_12)","decl":{"start":{"line":129,"column":27},"end":{"line":129,"column":30}},"loc":{"start":{"line":129,"column":32},"end":{"line":141,"column":3}}},"13":{"name":"(anonymous_13)","decl":{"start":{"line":157,"column":43},"end":{"line":157,"column":44}},"loc":{"start":{"line":157,"column":54},"end":{"line":157,"column":76}}},"14":{"name":"(anonymous_14)","decl":{"start":{"line":162,"column":26},"end":{"line":162,"column":27}},"loc":{"start":{"line":162,"column":36},"end":{"line":168,"column":17}}},"15":{"name":"(anonymous_15)","decl":{"start":{"line":184,"column":26},"end":{"line":184,"column":27}},"loc":{"start":{"line":185,"column":18},"end":{"line":188,"column":21}}},"16":{"name":"(anonymous_16)","decl":{"start":{"line":185,"column":32},"end":{"line":185,"column":33}},"loc":{"start":{"line":185,"column":47},"end":{"line":188,"column":20}}},"17":{"name":"(anonymous_17)","decl":{"start":{"line":199,"column":26},"end":{"line":199,"column":27}},"loc":{"start":{"line":200,"column":18},"end":{"line":203,"column":21}}},"18":{"name":"(anonymous_18)","decl":{"start":{"line":200,"column":32},"end":{"line":200,"column":33}},"loc":{"start":{"line":200,"column":47},"end":{"line":203,"column":20}}},"19":{"name":"(anonymous_19)","decl":{"start":{"line":214,"column":26},"end":{"line":214,"column":27}},"loc":{"start":{"line":215,"column":18},"end":{"line":218,"column":21}}},"20":{"name":"(anonymous_20)","decl":{"start":{"line":215,"column":32},"end":{"line":215,"column":33}},"loc":{"start":{"line":215,"column":47},"end":{"line":218,"column":20}}},"21":{"name":"(anonymous_21)","decl":{"start":{"line":228,"column":26},"end":{"line":228,"column":27}},"loc":{"start":{"line":229,"column":18},"end":{"line":232,"column":21}}},"22":{"name":"(anonymous_22)","decl":{"start":{"line":229,"column":32},"end":{"line":229,"column":33}},"loc":{"start":{"line":229,"column":47},"end":{"line":232,"column":20}}},"23":{"name":"(anonymous_23)","decl":{"start":{"line":277,"column":26},"end":{"line":277,"column":27}},"loc":{"start":{"line":278,"column":18},"end":{"line":281,"column":21}}},"24":{"name":"(anonymous_24)","decl":{"start":{"line":278,"column":32},"end":{"line":278,"column":33}},"loc":{"start":{"line":278,"column":47},"end":{"line":281,"column":20}}},"25":{"name":"(anonymous_25)","decl":{"start":{"line":292,"column":26},"end":{"line":292,"column":27}},"loc":{"start":{"line":293,"column":18},"end":{"line":296,"column":21}}},"26":{"name":"(anonymous_26)","decl":{"start":{"line":293,"column":32},"end":{"line":293,"column":33}},"loc":{"start":{"line":293,"column":47},"end":{"line":296,"column":20}}},"27":{"name":"(anonymous_27)","decl":{"start":{"line":306,"column":26},"end":{"line":306,"column":27}},"loc":{"start":{"line":307,"column":18},"end":{"line":310,"column":21}}},"28":{"name":"(anonymous_28)","decl":{"start":{"line":307,"column":32},"end":{"line":307,"column":33}},"loc":{"start":{"line":307,"column":47},"end":{"line":310,"column":20}}},"29":{"name":"(anonymous_29)","decl":{"start":{"line":320,"column":26},"end":{"line":320,"column":27}},"loc":{"start":{"line":321,"column":18},"end":{"line":326,"column":21}}},"30":{"name":"(anonymous_30)","decl":{"start":{"line":321,"column":32},"end":{"line":321,"column":33}},"loc":{"start":{"line":321,"column":47},"end":{"line":326,"column":20}}},"31":{"name":"CustomerDetails","decl":{"start":{"line":363,"column":9},"end":{"line":363,"column":24}},"loc":{"start":{"line":363,"column":66},"end":{"line":392,"column":1}}}},"branchMap":{"0":{"loc":{"start":{"line":49,"column":13},"end":{"line":49,"column":51}},"type":"binary-expr","locations":[{"start":{"line":49,"column":13},"end":{"line":49,"column":20}},{"start":{"line":49,"column":24},"end":{"line":49,"column":51}}]},"1":{"loc":{"start":{"line":81,"column":6},"end":{"line":84,"column":7}},"type":"if","locations":[{"start":{"line":81,"column":6},"end":{"line":84,"column":7}}]},"2":{"loc":{"start":{"line":106,"column":17},"end":{"line":106,"column":58}},"type":"binary-expr","locations":[{"start":{"line":106,"column":17},"end":{"line":106,"column":45}},{"start":{"line":106,"column":49},"end":{"line":106,"column":58}}]},"3":{"loc":{"start":{"line":107,"column":20},"end":{"line":107,"column":64}},"type":"binary-expr","locations":[{"start":{"line":107,"column":20},"end":{"line":107,"column":51}},{"start":{"line":107,"column":55},"end":{"line":107,"column":64}}]},"4":{"loc":{"start":{"line":108,"column":19},"end":{"line":108,"column":62}},"type":"binary-expr","locations":[{"start":{"line":108,"column":19},"end":{"line":108,"column":49}},{"start":{"line":108,"column":53},"end":{"line":108,"column":62}}]},"5":{"loc":{"start":{"line":112,"column":31},"end":{"line":112,"column":113}},"type":"binary-expr","locations":[{"start":{"line":112,"column":31},"end":{"line":112,"column":48}},{"start":{"line":112,"column":52},"end":{"line":112,"column":72}},{"start":{"line":112,"column":76},"end":{"line":112,"column":95}},{"start":{"line":112,"column":99},"end":{"line":112,"column":113}}]},"6":{"loc":{"start":{"line":113,"column":4},"end":{"line":116,"column":5}},"type":"if","locations":[{"start":{"line":113,"column":4},"end":{"line":116,"column":5}}]},"7":{"loc":{"start":{"line":118,"column":4},"end":{"line":121,"column":5}},"type":"if","locations":[{"start":{"line":118,"column":4},"end":{"line":121,"column":5}}]},"8":{"loc":{"start":{"line":118,"column":8},"end":{"line":118,"column":45}},"type":"binary-expr","locations":[{"start":{"line":118,"column":8},"end":{"line":118,"column":15}},{"start":{"line":118,"column":19},"end":{"line":118,"column":45}}]},"9":{"loc":{"start":{"line":124,"column":18},"end":{"line":124,"column":65}},"type":"cond-expr","locations":[{"start":{"line":124,"column":28},"end":{"line":124,"column":53}},{"start":{"line":124,"column":56},"end":{"line":124,"column":65}}]},"10":{"loc":{"start":{"line":130,"column":4},"end":{"line":133,"column":5}},"type":"if","locations":[{"start":{"line":130,"column":4},"end":{"line":133,"column":5}}]},"11":{"loc":{"start":{"line":135,"column":4},"end":{"line":138,"column":5}},"type":"if","locations":[{"start":{"line":135,"column":4},"end":{"line":138,"column":5}}]},"12":{"loc":{"start":{"line":135,"column":8},"end":{"line":135,"column":45}},"type":"binary-expr","locations":[{"start":{"line":135,"column":8},"end":{"line":135,"column":15}},{"start":{"line":135,"column":19},"end":{"line":135,"column":45}}]},"13":{"loc":{"start":{"line":140,"column":26},"end":{"line":140,"column":73}},"type":"cond-expr","locations":[{"start":{"line":140,"column":36},"end":{"line":140,"column":61}},{"start":{"line":140,"column":64},"end":{"line":140,"column":73}}]},"14":{"loc":{"start":{"line":143,"column":23},"end":{"line":143,"column":82}},"type":"cond-expr","locations":[{"start":{"line":143,"column":33},"end":{"line":143,"column":58}},{"start":{"line":143,"column":61},"end":{"line":143,"column":82}}]},"15":{"loc":{"start":{"line":154,"column":7},"end":{"line":174,"column":14}},"type":"cond-expr","locations":[{"start":{"line":155,"column":8},"end":{"line":172,"column":null}},{"start":{"line":174,"column":10},"end":{"line":174,"column":14}}]},"16":{"loc":{"start":{"line":165,"column":18},"end":{"line":167,"column":19}},"type":"if","locations":[{"start":{"line":165,"column":18},"end":{"line":167,"column":19}}]},"17":{"loc":{"start":{"line":239,"column":17},"end":{"line":239,"column":77}},"type":"cond-expr","locations":[{"start":{"line":239,"column":44},"end":{"line":239,"column":57}},{"start":{"line":239,"column":60},"end":{"line":239,"column":77}}]},"18":{"loc":{"start":{"line":247,"column":11},"end":{"line":264,"column":null}},"type":"cond-expr","locations":[{"start":{"line":248,"column":12},"end":{"line":261,"column":null}},{"start":{"line":264,"column":12},"end":{"line":264,"column":54}}]},"19":{"loc":{"start":{"line":249,"column":15},"end":{"line":261,"column":67}},"type":"cond-expr","locations":[{"start":{"line":250,"column":18},"end":{"line":256,"column":62}},{"start":{"line":257,"column":18},"end":{"line":261,"column":67}}]},"20":{"loc":{"start":{"line":250,"column":18},"end":{"line":256,"column":62}},"type":"cond-expr","locations":[{"start":{"line":251,"column":20},"end":{"line":255,"column":67}},{"start":{"line":256,"column":20},"end":{"line":256,"column":62}}]},"21":{"loc":{"start":{"line":251,"column":20},"end":{"line":255,"column":67}},"type":"cond-expr","locations":[{"start":{"line":252,"column":22},"end":{"line":252,"column":51}},{"start":{"line":253,"column":22},"end":{"line":255,"column":67}}]},"22":{"loc":{"start":{"line":253,"column":22},"end":{"line":255,"column":67}},"type":"cond-expr","locations":[{"start":{"line":254,"column":25},"end":{"line":254,"column":69}},{"start":{"line":255,"column":24},"end":{"line":255,"column":67}}]},"23":{"loc":{"start":{"line":257,"column":18},"end":{"line":261,"column":67}},"type":"cond-expr","locations":[{"start":{"line":258,"column":20},"end":{"line":258,"column":54}},{"start":{"line":259,"column":20},"end":{"line":261,"column":67}}]},"24":{"loc":{"start":{"line":259,"column":20},"end":{"line":261,"column":67}},"type":"cond-expr","locations":[{"start":{"line":260,"column":23},"end":{"line":260,"column":63}},{"start":{"line":261,"column":22},"end":{"line":261,"column":67}}]},"25":{"loc":{"start":{"line":276,"column":23},"end":{"line":276,"column":49}},"type":"binary-expr","locations":[{"start":{"line":276,"column":23},"end":{"line":276,"column":43}},{"start":{"line":276,"column":47},"end":{"line":276,"column":49}}]},"26":{"loc":{"start":{"line":291,"column":23},"end":{"line":291,"column":52}},"type":"binary-expr","locations":[{"start":{"line":291,"column":23},"end":{"line":291,"column":46}},{"start":{"line":291,"column":50},"end":{"line":291,"column":52}}]},"27":{"loc":{"start":{"line":305,"column":23},"end":{"line":305,"column":51}},"type":"binary-expr","locations":[{"start":{"line":305,"column":23},"end":{"line":305,"column":45}},{"start":{"line":305,"column":49},"end":{"line":305,"column":51}}]},"28":{"loc":{"start":{"line":319,"column":23},"end":{"line":319,"column":46}},"type":"binary-expr","locations":[{"start":{"line":319,"column":23},"end":{"line":319,"column":40}},{"start":{"line":319,"column":44},"end":{"line":319,"column":46}}]},"29":{"loc":{"start":{"line":323,"column":28},"end":{"line":325,"column":33}},"type":"cond-expr","locations":[{"start":{"line":324,"column":25},"end":{"line":324,"column":81}},{"start":{"line":325,"column":24},"end":{"line":325,"column":33}}]},"30":{"loc":{"start":{"line":338,"column":17},"end":{"line":338,"column":77}},"type":"cond-expr","locations":[{"start":{"line":338,"column":44},"end":{"line":338,"column":57}},{"start":{"line":338,"column":60},"end":{"line":338,"column":77}}]},"31":{"loc":{"start":{"line":340,"column":15},"end":{"line":349,"column":22}},"type":"cond-expr","locations":[{"start":{"line":341,"column":16},"end":{"line":347,"column":null}},{"start":{"line":349,"column":18},"end":{"line":349,"column":22}}]},"32":{"loc":{"start":{"line":347,"column":19},"end":{"line":347,"column":79}},"type":"cond-expr","locations":[{"start":{"line":347,"column":46},"end":{"line":347,"column":59}},{"start":{"line":347,"column":62},"end":{"line":347,"column":79}}]},"33":{"loc":{"start":{"line":380,"column":13},"end":{"line":380,"column":34}},"type":"binary-expr","locations":[{"start":{"line":380,"column":13},"end":{"line":380,"column":27}},{"start":{"line":380,"column":31},"end":{"line":380,"column":34}}]}},"s":{"0":1,"1":1,"2":1,"3":1,"4":1,"5":1,"6":1,"7":1,"8":2,"9":2,"10":2,"11":2,"12":2,"13":2,"14":2,"15":2,"16":2,"17":0,"18":2,"19":0,"20":0,"21":0,"22":0,"23":0,"24":2,"25":0,"26":0,"27":0,"28":0,"29":2,"30":0,"31":0,"32":0,"33":0,"34":0,"35":0,"36":0,"37":2,"38":0,"39":0,"40":2,"41":0,"42":0,"43":0,"44":0,"45":0,"46":0,"47":0,"48":0,"49":0,"50":0,"51":2,"52":0,"53":0,"54":0,"55":0,"56":0,"57":0,"58":0,"59":2,"60":2,"61":0,"62":0,"63":0,"64":0,"65":0,"66":0,"67":0,"68":0,"69":0,"70":0,"71":0,"72":0,"73":0,"74":0,"75":0,"76":0,"77":0,"78":0,"79":0,"80":0,"81":0,"82":0},"f":{"0":2,"1":0,"2":0,"3":0,"4":0,"5":0,"6":0,"7":0,"8":0,"9":0,"10":0,"11":0,"12":0,"13":0,"14":0,"15":0,"16":0,"17":0,"18":0,"19":0,"20":0,"21":0,"22":0,"23":0,"24":0,"25":0,"26":0,"27":0,"28":0,"29":0,"30":0,"31":0},"b":{"0":[2,2],"1":[0],"2":[0,0],"3":[0,0],"4":[0,0],"5":[0,0,0,0],"6":[0],"7":[0],"8":[0,0],"9":[0,0],"10":[0],"11":[0],"12":[0,0],"13":[0,0],"14":[2,0],"15":[2,0],"16":[0],"17":[0,2],"18":[2,0],"19":[2,0],"20":[0,2],"21":[0,0],"22":[0,0],"23":[0,0],"24":[0,0],"25":[2,0],"26":[2,0],"27":[2,0],"28":[2,2],"29":[0,0],"30":[0,2],"31":[2,0],"32":[0,2],"33":[0,0]}}
,"C:\\Users\\caier\\EricSprint6\\frontend\\src\\pages\\DashboardPage.tsx": {"path":"C:\\Users\\caier\\EricSprint6\\frontend\\src\\pages\\DashboardPage.tsx","statementMap":{"0":{"start":{"line":8,"column":0},"end":{"line":8,"column":16}},"1":{"start":{"line":1,"column":0},"end":{"line":1,"column":32}},"2":{"start":{"line":2,"column":0},"end":{"line":2,"column":49}},"3":{"start":{"line":3,"column":0},"end":{"line":3,"column":53}},"4":{"start":{"line":4,"column":0},"end":{"line":4,"column":67}},"5":{"start":{"line":5,"column":0},"end":{"line":5,"column":65}},"6":{"start":{"line":6,"column":0},"end":{"line":6,"column":81}},"7":{"start":{"line":9,"column":24},"end":{"line":12,"column":4}},"8":{"start":{"line":11,"column":19},"end":{"line":11,"column":34}},"9":{"start":{"line":13,"column":28},"end":{"line":16,"column":4}},"10":{"start":{"line":17,"column":30},"end":{"line":20,"column":4}},"11":{"start":{"line":22,"column":19},"end":{"line":22,"column":43}},"12":{"start":{"line":23,"column":23},"end":{"line":23,"column":51}},"13":{"start":{"line":24,"column":25},"end":{"line":24,"column":55}},"14":{"start":{"line":26,"column":23},"end":{"line":28,"column":null}},"15":{"start":{"line":27,"column":10},"end":{"line":27,"column":78}},"16":{"start":{"line":27,"column":44},"end":{"line":27,"column":74}},"17":{"start":{"line":31,"column":25},"end":{"line":35,"column":null}},"18":{"start":{"line":32,"column":10},"end":{"line":34,"column":64}},"19":{"start":{"line":33,"column":31},"end":{"line":33,"column":64}},"20":{"start":{"line":34,"column":36},"end":{"line":34,"column":60}},"21":{"start":{"line":38,"column":26},"end":{"line":40,"column":null}},"22":{"start":{"line":39,"column":10},"end":{"line":39,"column":86}},"23":{"start":{"line":39,"column":44},"end":{"line":39,"column":84}},"24":{"start":{"line":43,"column":24},"end":{"line":43,"column":98}},"25":{"start":{"line":43,"column":57},"end":{"line":43,"column":90}},"26":{"start":{"line":45,"column":2},"end":{"line":116,"column":4}},"27":{"start":{"line":82,"column":14},"end":{"line":82,"column":50}},"28":{"start":{"line":100,"column":14},"end":{"line":100,"column":46}}},"fnMap":{"0":{"name":"DashboardPage","decl":{"start":{"line":8,"column":16},"end":{"line":8,"column":29}},"loc":{"start":{"line":8,"column":29},"end":{"line":117,"column":1}}},"1":{"name":"(anonymous_1)","decl":{"start":{"line":11,"column":13},"end":{"line":11,"column":16}},"loc":{"start":{"line":11,"column":19},"end":{"line":11,"column":34}}},"2":{"name":"(anonymous_2)","decl":{"start":{"line":27,"column":4},"end":{"line":27,"column":7}},"loc":{"start":{"line":27,"column":10},"end":{"line":27,"column":78}}},"3":{"name":"(anonymous_3)","decl":{"start":{"line":27,"column":26},"end":{"line":27,"column":27}},"loc":{"start":{"line":27,"column":44},"end":{"line":27,"column":74}}},"4":{"name":"(anonymous_4)","decl":{"start":{"line":32,"column":4},"end":{"line":32,"column":7}},"loc":{"start":{"line":32,"column":10},"end":{"line":34,"column":64}}},"5":{"name":"(anonymous_5)","decl":{"start":{"line":33,"column":14},"end":{"line":33,"column":15}},"loc":{"start":{"line":33,"column":31},"end":{"line":33,"column":64}}},"6":{"name":"(anonymous_6)","decl":{"start":{"line":34,"column":14},"end":{"line":34,"column":15}},"loc":{"start":{"line":34,"column":36},"end":{"line":34,"column":60}}},"7":{"name":"(anonymous_7)","decl":{"start":{"line":39,"column":4},"end":{"line":39,"column":7}},"loc":{"start":{"line":39,"column":10},"end":{"line":39,"column":86}}},"8":{"name":"(anonymous_8)","decl":{"start":{"line":39,"column":31},"end":{"line":39,"column":32}},"loc":{"start":{"line":39,"column":44},"end":{"line":39,"column":84}}},"9":{"name":"(anonymous_9)","decl":{"start":{"line":43,"column":46},"end":{"line":43,"column":47}},"loc":{"start":{"line":43,"column":57},"end":{"line":43,"column":90}}},"10":{"name":"(anonymous_10)","decl":{"start":{"line":81,"column":42},"end":{"line":81,"column":43}},"loc":{"start":{"line":82,"column":14},"end":{"line":82,"column":50}}},"11":{"name":"(anonymous_11)","decl":{"start":{"line":99,"column":44},"end":{"line":99,"column":45}},"loc":{"start":{"line":100,"column":14},"end":{"line":100,"column":46}}}},"branchMap":{"0":{"loc":{"start":{"line":22,"column":19},"end":{"line":22,"column":43}},"type":"binary-expr","locations":[{"start":{"line":22,"column":19},"end":{"line":22,"column":37}},{"start":{"line":22,"column":41},"end":{"line":22,"column":43}}]},"1":{"loc":{"start":{"line":23,"column":23},"end":{"line":23,"column":51}},"type":"binary-expr","locations":[{"start":{"line":23,"column":23},"end":{"line":23,"column":45}},{"start":{"line":23,"column":49},"end":{"line":23,"column":51}}]},"2":{"loc":{"start":{"line":24,"column":25},"end":{"line":24,"column":55}},"type":"binary-expr","locations":[{"start":{"line":24,"column":25},"end":{"line":24,"column":49}},{"start":{"line":24,"column":53},"end":{"line":24,"column":55}}]},"3":{"loc":{"start":{"line":71,"column":7},"end":{"line":75,"column":14}},"type":"cond-expr","locations":[{"start":{"line":72,"column":8},"end":{"line":73,"column":null}},{"start":{"line":75,"column":10},"end":{"line":75,"column":14}}]},"4":{"loc":{"start":{"line":71,"column":7},"end":{"line":71,"column":82}},"type":"binary-expr","locations":[{"start":{"line":71,"column":7},"end":{"line":71,"column":31}},{"start":{"line":71,"column":35},"end":{"line":71,"column":57}},{"start":{"line":71,"column":61},"end":{"line":71,"column":82}}]},"5":{"loc":{"start":{"line":87,"column":30},"end":{"line":87,"column":99}},"type":"cond-expr","locations":[{"start":{"line":87,"column":67},"end":{"line":87,"column":82}},{"start":{"line":87,"column":85},"end":{"line":87,"column":99}}]},"6":{"loc":{"start":{"line":88,"column":19},"end":{"line":88,"column":65}},"type":"cond-expr","locations":[{"start":{"line":88,"column":56},"end":{"line":88,"column":59}},{"start":{"line":88,"column":62},"end":{"line":88,"column":65}}]},"7":{"loc":{"start":{"line":103,"column":22},"end":{"line":103,"column":89}},"type":"binary-expr","locations":[{"start":{"line":103,"column":22},"end":{"line":103,"column":64}},{"start":{"line":103,"column":68},"end":{"line":103,"column":89}}]},"8":{"loc":{"start":{"line":103,"column":97},"end":{"line":103,"column":174}},"type":"binary-expr","locations":[{"start":{"line":103,"column":97},"end":{"line":103,"column":144}},{"start":{"line":103,"column":148},"end":{"line":103,"column":174}}]},"9":{"loc":{"start":{"line":106,"column":48},"end":{"line":106,"column":124}},"type":"cond-expr","locations":[{"start":{"line":106,"column":75},"end":{"line":106,"column":115}},{"start":{"line":106,"column":118},"end":{"line":106,"column":124}}]}},"s":{"0":1,"1":1,"2":1,"3":1,"4":1,"5":1,"6":1,"7":3,"8":2,"9":3,"10":3,"11":3,"12":3,"13":3,"14":3,"15":3,"16":0,"17":3,"18":3,"19":0,"20":0,"21":3,"22":3,"23":0,"24":3,"25":0,"26":3,"27":0,"28":0},"f":{"0":3,"1":2,"2":3,"3":0,"4":3,"5":0,"6":0,"7":3,"8":0,"9":0,"10":0,"11":0},"b":{"0":[3,3],"1":[3,3],"2":[3,3],"3":[0,3],"4":[3,0,0],"5":[0,0],"6":[0,0],"7":[0,0],"8":[0,0],"9":[0,0]}}
,"C:\\Users\\caier\\EricSprint6\\frontend\\src\\pages\\LoginPage.tsx": {"path":"C:\\Users\\caier\\EricSprint6\\frontend\\src\\pages\\LoginPage.tsx","statementMap":{"0":{"start":{"line":7,"column":0},"end":{"line":7,"column":16}},"1":{"start":{"line":1,"column":0},"end":{"line":1,"column":44}},"2":{"start":{"line":2,"column":0},"end":{"line":2,"column":52}},"3":{"start":{"line":3,"column":0},"end":{"line":3,"column":53}},"4":{"start":{"line":4,"column":0},"end":{"line":4,"column":40}},"5":{"start":{"line":5,"column":0},"end":{"line":5,"column":61}},"6":{"start":{"line":8,"column":19},"end":{"line":8,"column":32}},"7":{"start":{"line":9,"column":34},"end":{"line":9,"column":46}},"8":{"start":{"line":10,"column":34},"end":{"line":10,"column":46}},"9":{"start":{"line":11,"column":30},"end":{"line":11,"column":90}},"10":{"start":{"line":12,"column":24},"end":{"line":14,"column":4}},"11":{"start":{"line":16,"column":19},"end":{"line":27,"column":3}},"12":{"start":{"line":17,"column":4},"end":{"line":17,"column":27}},"13":{"start":{"line":18,"column":4},"end":{"line":26,"column":5}},"14":{"start":{"line":19,"column":19},"end":{"line":19,"column":74}},"15":{"start":{"line":20,"column":22},"end":{"line":20,"column":53}},"16":{"start":{"line":21,"column":6},"end":{"line":21,"column":101}},"17":{"start":{"line":22,"column":19},"end":{"line":22,"column":43}},"18":{"start":{"line":23,"column":6},"end":{"line":23,"column":97}},"19":{"start":{"line":25,"column":6},"end":{"line":25,"column":63}},"20":{"start":{"line":29,"column":2},"end":{"line":69,"column":4}},"21":{"start":{"line":40,"column":29},"end":{"line":40,"column":56}},"22":{"start":{"line":50,"column":29},"end":{"line":50,"column":56}}},"fnMap":{"0":{"name":"LoginPage","decl":{"start":{"line":7,"column":16},"end":{"line":7,"column":25}},"loc":{"start":{"line":7,"column":25},"end":{"line":70,"column":1}}},"1":{"name":"(anonymous_1)","decl":{"start":{"line":16,"column":19},"end":{"line":16,"column":24}},"loc":{"start":{"line":16,"column":46},"end":{"line":27,"column":3}}},"2":{"name":"(anonymous_2)","decl":{"start":{"line":40,"column":22},"end":{"line":40,"column":23}},"loc":{"start":{"line":40,"column":29},"end":{"line":40,"column":56}}},"3":{"name":"(anonymous_3)","decl":{"start":{"line":50,"column":22},"end":{"line":50,"column":23}},"loc":{"start":{"line":50,"column":29},"end":{"line":50,"column":56}}}},"branchMap":{"0":{"loc":{"start":{"line":23,"column":15},"end":{"line":23,"column":76}},"type":"cond-expr","locations":[{"start":{"line":23,"column":34},"end":{"line":23,"column":52}},{"start":{"line":23,"column":55},"end":{"line":23,"column":76}}]},"1":{"loc":{"start":{"line":58,"column":13},"end":{"line":58,"column":75}},"type":"cond-expr","locations":[{"start":{"line":58,"column":39},"end":{"line":58,"column":54}},{"start":{"line":58,"column":57},"end":{"line":58,"column":75}}]}},"s":{"0":1,"1":1,"2":1,"3":1,"4":1,"5":1,"6":3,"7":3,"8":3,"9":3,"10":3,"11":3,"12":0,"13":0,"14":0,"15":0,"16
[...]
ine":83,"column":22},"end":{"line":83,"column":45}},"loc":{"start":{"line":84,"column":37},"end":{"line":143,"column":1}}},"2":{"name":"submitDeposit","decl":{"start":{"line":145,"column":22},"end":{"line":145,"column":35}},"loc":{"start":{"line":145,"column":55},"end":{"line":147,"column":1}}},"3":{"name":"submitWithdrawal","decl":{"start":{"line":149,"column":22},"end":{"line":149,"column":38}},"loc":{"start":{"line":149,"column":58},"end":{"line":151,"column":1}}},"4":{"name":"submitTransfer","decl":{"start":{"line":153,"column":22},"end":{"line":153,"column":36}},"loc":{"start":{"line":153,"column":57},"end":{"line":197,"column":1}}},"5":{"name":"submitPosting","decl":{"start":{"line":199,"column":15},"end":{"line":199,"column":28}},"loc":{"start":{"line":202,"column":40},"end":{"line":242,"column":1}}},"6":{"name":"mapHistoryResponse","decl":{"start":{"line":244,"column":9},"end":{"line":244,"column":27}},"loc":{"start":{"line":244,"column":92},"end":{"line":263,"column":1}}},"7":{"name":"mapTransactions","decl":{"start":{"line":265,"column":9},"end":{"line":265,"column":24}},"loc":{"start":{"line":265,"column":41},"end":{"line":305,"column":1}}},"8":{"name":"(anonymous_8)","decl":{"start":{"line":276,"column":9},"end":{"line":276,"column":10}},"loc":{"start":{"line":276,"column":42},"end":{"line":303,"column":5}}},"9":{"name":"(anonymous_9)","decl":{"start":{"line":304,"column":12},"end":{"line":304,"column":13}},"loc":{"start":{"line":304,"column":61},"end":{"line":304,"column":81}}},"10":{"name":"asTransactionType","decl":{"start":{"line":307,"column":9},"end":{"line":307,"column":26}},"loc":{"start":{"line":307,"column":41},"end":{"line":313,"column":1}}},"11":{"name":"mapDescription","decl":{"start":{"line":315,"column":9},"end":{"line":315,"column":23}},"loc":{"start":{"line":315,"column":56},"end":{"line":328,"column":1}}},"12":{"name":"mapCategory","decl":{"start":{"line":330,"column":9},"end":{"line":330,"column":20}},"loc":{"start":{"line":330,"column":53},"end":{"line":341,"column":1}}},"13":{"name":"mapOperationError","decl":{"start":{"line":343,"column":9},"end":{"line":343,"column":26}},"loc":{"start":{"line":345,"column":16},"end":{"line":368,"column":1}}},"14":{"name":"toStartOfDayUtc","decl":{"start":{"line":370,"column":9},"end":{"line":370,"column":24}},"loc":{"start":{"line":370,"column":39},"end":{"line":375,"column":1}}},"15":{"name":"toEndOfDayUtc","decl":{"start":{"line":377,"column":9},"end":{"line":377,"column":22}},"loc":{"start":{"line":377,"column":37},"end":{"line":382,"column":1}}},"16":{"name":"buildIdempotencyKey","decl":{"start":{"line":384,"column":9},"end":{"line":384,"column":28}},"loc":{"start":{"line":384,"column":46},"end":{"line":387,"column":1}}},"17":{"name":"asString","decl":{"start":{"line":389,"column":9},"end":{"line":389,"column":17}},"loc":{"start":{"line":389,"column":50},"end":{"line":391,"column":1}}},"18":{"name":"asNumber","decl":{"start":{"line":393,"column":9},"end":{"line":393,"column":17}},"loc":{"start":{"line":393,"column":50},"end":{"line":402,"column":1}}}},"branchMap":{"0":{"loc":{"start":{"line":84,"column":2},"end":{"line":84,"column":37}},"type":"default-arg","locations":[{"start":{"line":84,"column":35},"end":{"line":84,"column":37}}]},"1":{"loc":{"start":{"line":87,"column":19},"end":{"line":89,"column":43}},"type":"cond-expr","locations":[{"start":{"line":88,"column":6},"end":{"line":88,"column":38}},{"start":{"line":89,"column":6},"end":{"line":89,"column":43}}]},"2":{"loc":{"start":{"line":90,"column":20},"end":{"line":90,"column":49}},"type":"binary-expr","locations":[{"start":{"line":90,"column":20},"end":{"line":90,"column":35}},{"start":{"line":90,"column":39},"end":{"line":90,"column":49}}]},"3":{"loc":{"start":{"line":92,"column":18},"end":{"line":94,"column":19}},"type":"cond-expr","locations":[{"start":{"line":93,"column":7},"end":{"line":93,"column":43}},{"start":{"line":94,"column":6},"end":{"line":94,"column":19}}]},"4":{"loc":{"start":{"line":93,"column":7},"end":{"line":93,"column":43}},"type":"binary-expr","locations":[{"start":{"line":93,"column":7},"end":{"line":93,"column":20}},{"start":{"line":93,"column":24},"end":{"line":93,"column":43}}]},"5":{"loc":{"start":{"line":96,"column":2},"end":{"line":98,"column":3}},"type":"if","locations":[{"start":{"line":96,"column":2},"end":{"line":98,"column":3}}]},"6":{"loc":{"start":{"line":100,"column":38},"end":{"line":100,"column":53}},"type":"binary-expr","locations":[{"start":{"line":100,"column":38},"end":{"line":100,"column":48}},{"start":{"line":100,"column":52},"end":{"line":100,"column":53}}]},"7":{"loc":{"start":{"line":101,"column":51},"end":{"line":101,"column":71}},"type":"binary-expr","locations":[{"start":{"line":101,"column":51},"end":{"line":101,"column":65}},{"start":{"line":101,"column":69},"end":{"line":101,"column":71}}]},"8":{"loc":{"start":{"line":105,"column":2},"end":{"line":107,"column":3}},"type":"if","locations":[{"start":{"line":105,"column":2},"end":{"line":107,"column":3}}]},"9":{"loc":{"start":{"line":105,"column":6},"end":{"line":105,"column":85}},"type":"binary-expr","locations":[{"start":{"line":105,"column":6},"end":{"line":105,"column":18}},{"start":{"line":105,"column":22},"end":{"line":105,"column":32}},{"start":{"line":105,"column":36},"end":{"line":105,"column":85}}]},"10":{"loc":{"start":{"line":116,"column":2},"end":{"line":118,"column":3}},"type":"if","locations":[{"start":{"line":116,"column":2},"end":{"line":118,"column":3}}]},"11":{"loc":{"start":{"line":116,"column":6},"end":{"line":116,"column":62}},"type":"binary-expr","locations":[{"start":{"line":116,"column":6},"end":{"line":116,"column":27}},{"start":{"line":116,"column":31},"end":{"line":116,"column":62}}]},"12":{"loc":{"start":{"line":120,"column":2},"end":{"line":122,"column":3}},"type":"if","locations":[{"start":{"line":120,"column":2},"end":{"line":122,"column":3}}]},"13":{"loc":{"start":{"line":124,"column":2},"end":{"line":126,"column":3}},"type":"if","locations":[{"start":{"line":124,"column":2},"end":{"line":126,"column":3}}]},"14":{"loc":{"start":{"line":133,"column":4},"end":{"line":135,"column":5}},"type":"if","locations":[{"start":{"line":133,"column":4},"end":{"line":135,"column":5}}]},"15":{"loc":{"start":{"line":137,"column":4},"end":{"line":139,"column":5}},"type":"if","locations":[{"start":{"line":137,"column":4},"end":{"line":139,"column":5}}]},"16":{"loc":{"start":{"line":137,"column":8},"end":{"line":137,"column":80}},"type":"binary-expr","locations":[{"start":{"line":137,"column":8},"end":{"line":137,"column":54}},{"start":{"line":137,"column":58},"end":{"line":137,"column":80}}]},"17":{"loc":{"start":{"line":155,"column":2},"end":{"line":157,"column":3}},"type":"if","locations":[{"start":{"line":155,"column":2},"end":{"line":157,"column":3}}]},"18":{"loc":{"start":{"line":155,"column":6},"end":{"line":155,"column":45}},"type":"binary-expr","locations":[{"start":{"line":155,"column":6},"end":{"line":155,"column":30}},{"start":{"line":155,"column":34},"end":{"line":155,"column":45}}]},"19":{"loc":{"start":{"line":159,"column":2},"end":{"line":161,"column":3}},"type":"if","locations":[{"start":{"line":159,"column":2},"end":{"line":161,"column":3}}]},"20":{"loc":{"start":{"line":159,"column":6},"end":{"line":159,"column":59}},"type":"binary-expr","locations":[{"start":{"line":159,"column":6},"end":{"line":159,"column":28}},{"start":{"line":159,"column":32},"end":{"line":159,"column":59}}]},"21":{"loc":{"start":{"line":163,"column":2},"end":{"line":165,"column":3}},"type":"if","locations":[{"start":{"line":163,"column":2},"end":{"line":165,"column":3}}]},"22":{"loc":{"start":{"line":176,"column":20},"end":{"line":176,"column":57}},"type":"binary-expr","locations":[{"start":{"line":176,"column":20},"end":{"line":176,"column":44}},{"start":{"line":176,"column":48},"end":{"line":176,"column":57}}]},"23":{"loc":{"start":{"line":205,"column":2},"end":{"line":207,"column":3}},"type":"if","locations":[{"start":{"line":205,"column":2},"end":{"line":207,"column":3}}]},"24":{"loc":{"start":{"line":205,"column":6},"end":{"line":205,"column":45}},"type":"binary-expr","locations":[{"start":{"line":205,"column":6},"end":{"line":205,"column":30}},{"start":{"line":205,"column":34},"end":{"line":205,"column":45}}]},"25":{"loc":{"start":{"line":209,"column":2},"end":{"line":211,"column":3}},"type":"if","locations":[{"start":{"line":209,"column":2},"end":{"line":211,"column":3}}]},"26":{"loc":{"start":{"line":221,"column":20},"end":{"line":221,"column":57}},"type":"binary-expr","locations":[{"start":{"line":221,"column":20},"end":{"line":221,"column":44}},{"start":{"line":221,"column":48},"end":{"line":221,"column":57}}]},"27":{"loc":{"start":{"line":245,"column":2},"end":{"line":253,"column":3}},"type":"if","locations":[{"start":{"line":245,"column":2},"end":{"line":253,"column":3}}]},"28":{"loc":{"start":{"line":245,"column":6},"end":{"line":245,"column":45}},"type":"binary-expr","locations":[{"start":{"line":245,"column":6},"end":{"line":245,"column":14}},{"start":{"line":245,"column":18},"end":{"line":245,"column":45}}]},"29":{"loc":{"start":{"line":266,"column":2},"end":{"line":268,"column":3}},"type":"if","locations":[{"start":{"line":266,"column":2},"end":{"line":268,"column":3}}]},"30":{"loc":{"start":{"line":266,"column":6},"end":{"line":266,"column":45}},"type":"binary-expr","locations":[{"start":{"line":266,"column":6},"end":{"line":266,"column":14}},{"start":{"line":266,"column":18},"end":{"line":266,"column":45}}]},"31":{"loc":{"start":{"line":271,"column":2},"end":{"line":273,"column":3}},"type":"if","locations":[{"start":{"line":271,"column":2},"end":{"line":273,"column":3}}]},"32":{"loc":{"start":{"line":277,"column":6},"end":{"line":279,"column":7}},"type":"if","locations":[{"start":{"line":277,"column":6},"end":{"line":279,"column":7}}]},"33":{"loc":{"start":{"line":277,"column":10},"end":{"line":277,"column":43}},"type":"binary-expr","locations":[{"start":{"line":277,"column":10},"end":{"line":277,"column":15}},{"start":{"line":277,"column":19},"end":{"line":277,"column":43}}]},"34":{"loc":{"start":{"line":283,"column":6},"end":{"line":285,"column":7}},"type":"if","locations":[{"start":{"line":283,"column":6},"end":{"line":285,"column":7}}]},"35":{"loc":{"start":{"line":290,"column":8},"end":{"line":290,"column":99}},"type":"cond-expr","locations":[{"start":{"line":290,"column":81},"end":{"line":290,"column":89}},{"start":{"line":290,"column":92},"end":{"line":290,"column":99}}]},"36":{"loc":{"start":{"line":290,"column":8},"end":{"line":290,"column":78}},"type":"binary-expr","locations":[{"start":{"line":290,"column":8},"end":{"line":290,"column":37}},{"start":{"line":290,"column":41},"end":{"line":290,"column":78}}]},"37":{"loc":{"start":{"line":309,"column":2},"end":{"line":311,"column":3}},"type":"if","locations":[{"start":{"line":309,"column":2},"end":{"line":311,"column":3}}]},"38":{"loc":{"start":{"line":309,"column":6},"end":{"line":309,"column":86}},"type":"binary-expr","locations":[{"start":{"line":309,"column":6},"end":{"line":309,"column":27}},{"start":{"line":309,"column":31},"end":{"line":309,"column":56}},{"start":{"line":309,"column":60},"end":{"line":309,"column":86}}]},"39":{"loc":{"start":{"line":316,"column":2},"end":{"line":327,"column":3}},"type":"switch","locations":[{"start":{"line":317,"column":4},"end":{"line":318,"column":23}},{"start":{"line":319,"column":4},"end":{"line":320,"column":26}},{"start":{"line":321,"column":4},"end":{"line":322,"column":29}},{"start":{"line":323,"column":4},"end":{"line":324,"column":33}},{"start":{"line":325,"column":4},"end":{"line":326,"column":27}}]},"40":{"loc":{"start":{"line":331,"column":2},"end":{"line":333,"column":3}},"type":"if","locations":[{"start":{"line":331,"column":2},"end":{"line":333,"column":3}}]},"41":{"loc":{"start":{"line":331,"column":6},"end":{"line":331,"column":83}},"type":"binary-expr","locations":[{"start":{"line":331,"column":6},"end":{"line":331,"column":42}},{"start":{"line":331,"column":46},"end":{"line":331,"column":83}}]},"42":{"loc":{"start":{"line":334,"column":2},"end":{"line":336,"column":3}},"type":"if","locations":[{"start":{"line":334,"column":2},"end":{"line":336,"column":3}}]},"43":{"loc":{"start":{"line":337,"column":2},"end":{"line":339,"column":3}},"type":"if","locations":[{"start":{"line":337,"column":2},"end":{"line":339,"column":3}}]},"44":{"loc":{"start":{"line":349,"column":2},"end":{"line":353,"column":3}},"type":"if","locations":[{"start":{"line":349,"column":2},"end":{"line":353,"column":3}}]},"45":{"loc":{"start":{"line":349,"column":6},"end":{"line":349,"column":81}},"type":"binary-expr","locations":[{"start":{"line":349,"column":6},"end":{"line":349,"column":28}},{"start":{"line":349,"column":32},"end":{"line":349,"column":81}}]},"46":{"loc":{"start":{"line":350,"column":4},"end":{"line":352,"column":5}},"type":"if","locations":[{"start":{"line":350,"column":4},"end":{"line":352,"column":5}}]},"47":{"loc":{"start":{"line":350,"column":8},"end":{"line":350,"column":62}},"type":"binary-expr","locations":[{"start":{"line":350,"column":8},"end":{"line":350,"column":34}},{"start":{"line":350,"column":38},"end":{"line":350,"column":62}}]},"48":{"loc":{"start":{"line":355,"column":2},"end":{"line":357,"column":3}},"type":"if","locations":[{"start":{"line":355,"column":2},"end":{"line":357,"column":3}}]},"49":{"loc":{"start":{"line":359,"column":2},"end":{"line":361,"column":3}},"type":"if","locations":[{"start":{"line":359,"column":2},"end":{"line":361,"column":3}}]},"50":{"loc":{"start":{"line":359,"column":6},"end":{"line":359,"column":80}},"type":"binary-expr","locations":[{"start":{"line":359,"column":6},"end":{"line":359,"column":28}},{"start":{"line":359,"column":32},"end":{"line":359,"column":80}}]},"51":{"loc":{"start":{"line":363,"column":2},"end":{"line":365,"column":3}},"type":"if","locations":[{"start":{"line":363,"column":2},"end":{"line":365,"column":3}}]},"52":{"loc":{"start":{"line":363,"column":6},"end":{"line":363,"column":83}},"type":"binary-expr","locations":[{"start":{"line":363,"column":6},"end":{"line":363,"column":28}},{"start":{"line":363,"column":32},"end":{"line":363,"column":83}}]},"53":{"loc":{"start":{"line":367,"column":19},"end":{"line":367,"column":72}},"type":"binary-expr","locations":[{"start":{"line":367,"column":19},"end":{"line":367,"column":34}},{"start":{"line":367,"column":38},"end":{"line":367,"column":72}}]},"54":{"loc":{"start":{"line":371,"column":2},"end":{"line":373,"column":3}},"type":"if","locations":[{"start":{"line":371,"column":2},"end":{"line":373,"column":3}}]},"55":{"loc":{"start":{"line":371,"column":6},"end":{"line":371,"column":29}},"type":"binary-expr","locations":[{"start":{"line":371,"column":6},"end":{"line":371,"column":12}},{"start":{"line":371,"column":16},"end":{"line":371,"column":29}}]},"56":{"loc":{"start":{"line":378,"column":2},"end":{"line":380,"column":3}},"type":"if","locations":[{"start":{"line":378,"column":2},"end":{"line":380,"column":3}}]},"57":{"loc":{"start":{"line":378,"column":6},"end":{"line":378,"column":29}},"type":"binary-expr","locations":[{"start":{"line":378,"column":6},"end":{"line":378,"column":12}},{"start":{"line":378,"column":16},"end":{"line":378,"column":29}}]},"58":{"loc":{"start":{"line":390,"column":9},"end":{"line":390,"column":80}},"type":"cond-expr","locations":[{"start":{"line":390,"column":64},"end":{"line":390,"column":69}},{"start":{"line":390,"column":72},"end":{"line":390,"column":80}}]},"59":{"loc":{"start":{"line":390,"column":9},"end":{"line":390,"column":61}},"type":"binary-expr","locations":[{"start":{"line":390,"column":9},"end":{"line":390,"column":34}},{"start":{"line":390,"column":38},"end":{"line":390,"column":61}}]},"60":{"loc":{"start":{"line":394,"column":2},"end":{"line":396,"column":3}},"type":"if","locations":[{"start":{"line":394,"column":2},"end":{"line":396,"column":3}}]},"61":{"loc":{"start":{"line":397,"column":2},"end":{"line":400,"column":3}},"type":"if","locations":[{"start":{"line":397,"column":2},"end":{"line":400,"column":3}}]},"62":{"loc":{"start":{"line":399,"column":11},"end":{"line":399,"column":54}},"type":"cond-expr","locations":[{"start":{"line":399,"column":37},"end":{"line":399,"column":43}},{"start":{"line":399,"column":46},"end":{"line":399,"column":54}}]}},"s":{"0":3,"1":3,"2":3,"3":3,"4":3,"5":3,"6":3,"7":3,"8":1,"9":5,"10":5,"11":3,"12":3,"13":3,"14":0,"15":3,"16":3,"17":3,"18":3,"19":3,"20":0,"21":3,"22":3,"23":1,"24":3,"25":1,"26":3,"27":1,"28":3,"29":3,"30":3,"31":0,"32":0,"33":0,"34":0,"35":0,"36":0,"37":1,"38":1,"39":2,"40":2,"41":0,"42":2,"43":0,"44":2,"45":0,"46":2,"47":2,"48":2,"49":2,"50":0,"51":2,"52":2,"53":0,"54":2,"55":0,"56":2,"57":2,"58":2,"59":1,"60":1,"61":3,"62":0,"63":3,"64":3,"65":3,"66":0,"67":3,"68":3,"69":0,"70":3,"71":3,"72":0,"73":3,"74":3,"75":3,"76":0,"77":3,"78":3,"79":3,"80":3,"81":3,"82":3,"83":3,"84":2,"85":1,"86":3,"87":1,"88":1,"89":1,"90":0,"91":0,"92":3,"93":1,"94":2,"95":1,"96":1,"97":1,"98":0,"99":1,"100":1,"101":1,"102":1,"103":0,"104":0,"105":0,"106":0,"107":0,"108":0,"109":0,"110":3,"111":2,"112":1,"113":3,"114":2,"115":1,"116":4,"117":4,"118":27,"119":23,"120":8,"121":15,"122":5,"123":5,"124":10},"f":{"0":3,"1":5,"2":1,"3":1,"4":2,"5":2,"6":3,"7":3,"8":3,"9":3,"10":3,"11":3,"12":3,"13":1,"14":3,"15":3,"16":4,"17":27,"18":23},"b":{"0":[0],"1":[1,4],"2":[3,0],"3":[2,1],"4":[2,2],"5":[0],"6":[3,0],"7":[3,0],"8":[0],"9":[3,1,1],"10":[1],"11":[3,1],"12":[1],"13":[1],"14":[0],"15":[0],"16":[0,0],"17":[0],"18":[2,2],"19":[0],"20":[2,2],"21":[0],"22":[2,1],"23":[0],"24":[2,2],"25":[0],"26":[2,2],"27":[0],"28":[3,3],"29":[0],"30":[3,3],"31":[0],"32":[0],"33":[3,3],"34":[0],"35":[1,2],"36":[3,2],"37":[2],"38":[3,2,1],"39":[1,1,1,0,0],"40":[1],"41":[3,2],"42":[1],"43":[1],"44":[1],"45":[1,0],"46":[1],"47":[1,0],"48":[0],"49":[0],"50":[0,0],"51":[0],"52":[0,0],"53":[0,0],"54":[2],"55":[3,1],"56":[2],"57":[3,1],"58":[19,8],"59":[27,19],"60":[8],"61":[5],"62":[5,0]}}
,"C:\\Users\\caier\\EricSprint6\\frontend\\src\\utils\\formatting.ts": {"path":"C:\\Users\\caier\\EricSprint6\\frontend\\src\\utils\\formatting.ts","statementMap":{"0":{"start":{"line":1,"column":0},"end":{"line":1,"column":16}},"1":{"start":{"line":10,"column":0},"end":{"line":10,"column":16}},"2":{"start":{"line":22,"column":0},"end":{"line":22,"column":16}},"3":{"start":{"line":2,"column":2},"end":{"line":7,"column":20}},"4":{"start":{"line":11,"column":17},"end":{"line":11,"column":32}},"5":{"start":{"line":12,"column":2},"end":{"line":14,"column":3}},"6":{"start":{"line":13,"column":4},"end":{"line":13,"column":17}},"7":{"start":{"line":15,"column":2},"end":{"line":19,"column":20}},"8":{"start":{"line":23,"column":17},"end":{"line":23,"column":32}},"9":{"start":{"line":24,"column":2},"end":{"line":26,"column":3}},"10":{"start":{"line":25,"column":4},"end":{"line":25,"column":17}},"11":{"start":{"line":27,"column":2},"end":{"line":33,"column":20}}},"fnMap":{"0":{"name":"formatCurrency","decl":{"start":{"line":1,"column":16},"end":{"line":1,"column":30}},"loc":{"start":{"line":1,"column":63},"end":{"line":8,"column":1}}},"1":{"name":"formatDate","decl":{"start":{"line":10,"column":16},"end":{"line":10,"column":26}},"loc":{"start":{"line":10,"column":40},"end":{"line":20,"column":1}}},"2":{"name":"formatDateTime","decl":{"start":{"line":22,"column":16},"end":{"line":22,"column":30}},"loc":{"start":{"line":22,"column":44},"end":{"line":34,"column":1}}}},"branchMap":{"0":{"loc":{"start":{"line":12,"column":2},"end":{"line":14,"column":3}},"type":"if","locations":[{"start":{"line":12,"column":2},"end":{"line":14,"column":3}}]},"1":{"loc":{"start":{"line":24,"column":2},"end":{"line":26,"column":3}},"type":"if","locations":[{"start":{"line":24,"column":2},"end":{"line":26,"column":3}}]}},"s":{"0":8,"1":8,"2":8,"3":81,"4":7,"5":7,"6":0,"7":7,"8":24,"9":24,"10":0,"11":24},"f":{"0":81,"1":7,"2":24},"b":{"0":[0],"1":[0]}}
}
