TN:
SF:src\App.tsx
FN:31,readAuthState
FN:38,roleHomePath
FN:42,roleWorkspacePrefix
FN:46,App
FN:48,(anonymous_4)
FN:51,(anonymous_5)
FN:52,(anonymous_6)
FN:60,(anonymous_7)
FN:90,(anonymous_8)
FN:102,(anonymous_9)
FN:134,(anonymous_10)
FN:166,(anonymous_11)
FN:170,(anonymous_12)
FN:178,(anonymous_13)
FNF:14
FNH:14
FNDA:15,readAuthState
FNDA:124,roleHomePath
FNDA:112,roleWorkspacePrefix
FNDA:18,App
FNDA:7,(anonymous_4)
FNDA:7,(anonymous_5)
FNDA:8,(anonymous_6)
FNDA:7,(anonymous_7)
FNDA:252,(anonymous_8)
FNDA:144,(anonymous_9)
FNDA:1,(anonymous_10)
FNDA:80,(anonymous_11)
FNDA:80,(anonymous_12)
FNDA:8,(anonymous_13)
DA:1,1
DA:2,1
DA:3,1
DA:4,1
DA:5,1
DA:11,1
DA:12,1
DA:13,1
DA:14,1
DA:15,1
DA:16,1
DA:17,1
DA:18,1
DA:19,1
DA:20,1
DA:21,1
DA:22,1
DA:23,1
DA:24,1
DA:32,15
DA:39,124
DA:43,112
DA:46,1
DA:47,18
DA:48,18
DA:49,18
DA:51,18
DA:52,7
DA:53,8
DA:56,7
DA:57,7
DA:58,7
DA:60,7
DA:61,7
DA:62,7
DA:66,18
DA:72,18
DA:78,18
DA:84,18
DA:90,18
DA:91,252
DA:92,56
DA:95,196
DA:96,86
DA:99,110
DA:102,18
DA:103,144
DA:104,112
DA:106,32
DA:109,18
DA:132,18
DA:134,18
DA:135,1
DA:136,1
DA:139,18
DA:167,80
DA:170,80
DA:179,8
LF:58
LH:58
BRDA:39,0,0,100
BRDA:39,0,1,24
BRDA:43,1,0,80
BRDA:43,1,1,32
BRDA:72,2,0,14
BRDA:72,2,1,4
BRDA:74,3,0,0
BRDA:74,3,1,4
BRDA:78,4,0,14
BRDA:78,4,1,4
BRDA:80,5,0,0
BRDA:80,5,1,4
BRDA:84,6,0,4
BRDA:84,6,1,14
BRDA:86,7,0,14
BRDA:86,7,1,0
BRDA:91,8,0,56
BRDA:91,9,0,252
BRDA:91,9,1,196
BRDA:95,10,0,86
BRDA:103,11,0,112
BRDA:103,12,0,144
BRDA:103,12,1,112
BRDA:109,13,0,10
BRDA:109,13,1,8
BRDA:116,14,0,4
BRDA:116,14,1,4
BRDA:150,15,0,10
BRDA:150,15,1,8
BRDA:170,16,0,15
BRDA:170,16,1,65
BRDA:175,17,0,8
BRDA:175,17,1,10
BRDA:179,18,0,3
BRDA:179,18,1,5
BRDA:187,19,0,14
BRDA:187,19,1,4
BRF:37
BRH:34
end_of_record
TN:
SF:src\pages\AccountDetailsPage.tsx
FN:21,AccountDetailsPage
FN:32,(anonymous_1)
FN:47,(anonymous_2)
FN:53,(anonymous_3)
FN:59,(anonymous_4)
FN:70,(anonymous_5)
FN:77,(anonymous_6)
FN:89,(anonymous_7)
FN:94,(anonymous_8)
FN:117,(anonymous_9)
FN:142,(anonymous_10)
FN:191,(anonymous_11)
FN:192,(anonymous_12)
FN:205,(anonymous_13)
FN:206,(anonymous_14)
FN:246,AccountDetailsSummary
FNF:16
FNH:12
FNDA:10,AccountDetailsPage
FNDA:3,(anonymous_1)
FNDA:4,(anonymous_2)
FNDA:1,(anonymous_3)
FNDA:1,(anonymous_4)
FNDA:0,(anonymous_5)
FNDA:0,(anonymous_6)
FNDA:0,(anonymous_7)
FNDA:1,(anonymous_8)
FNDA:0,(anonymous_9)
FNDA:1,(anonymous_10)
FNDA:1,(anonymous_11)
FNDA:1,(anonymous_12)
FNDA:1,(anonymous_13)
FNDA:1,(anonymous_14)
FNDA:7,AccountDetailsSummary
DA:1,2
DA:2,2
DA:3,2
DA:4,2
DA:11,2
DA:12,2
DA:16,2
DA:21,2
DA:22,10
DA:23,10
DA:24,10
DA:25,10
DA:26,10
DA:28,10
DA:29,10
DA:30,10
DA:32,10
DA:33,3
DA:34,2
DA:37,1
DA:42,10
DA:43,10
DA:45,10
DA:47,4
DA:51,10
DA:53,1
DA:57,10
DA:60,1
DA:61,1
DA:63,1
DA:71,0
DA:75,10
DA:78,0
DA:80,0
DA:87,0
DA:90,0
DA:94,10
DA:95,1
DA:97,1
DA:98,0
DA:99,0
DA:102,1
DA:103,1
DA:105,1
DA:106,0
DA:107,0
DA:110,1
DA:117,10
DA:118,0
DA:119,0
DA:120,0
DA:123,0
DA:126,10
DA:128,10
DA:142,1
DA:192,1
DA:206,1
DA:247,7
LF:58
LH:45
BRDA:26,0,0,0
BRDA:29,1,0,10
BRDA:29,1,1,8
BRDA:33,2,0,2
BRDA:37,3,0,1
BRDA:37,3,1,0
BRDA:54,4,0,10
BRDA:54,4,1,2
BRDA:97,5,0,0
BRDA:102,6,0,1
BRDA:102,6,1,0
BRDA:105,7,0,0
BRDA:105,8,0,1
BRDA:105,8,1,0
BRDA:118,9,0,0
BRDA:152,10,0,0
BRDA:152,10,1,10
BRDA:154,11,0,3
BRDA:154,11,1,7
BRDA:156,12,0,0
BRDA:156,12,1,7
BRDA:158,13,0,7
BRDA:158,13,1,0
BRDA:162,14,0,1
BRDA:162,14,1,6
BRDA:167,15,0,0
BRDA:167,15,1,1
BRDA:169,16,0,0
BRDA:169,16,1,1
BRDA:171,17,0,0
BRDA:171,17,1,1
BRDA:173,18,0,1
BRDA:173,18,1,0
BRDA:190,19,0,10
BRDA:190,19,1,0
BRDA:204,20,0,10
BRDA:204,20,1,8
BRDA:208,21,0,1
BRDA:208,21,1,0
BRDA:223,22,0,0
BRDA:223,22,1,10
BRDA:231,23,0,0
BRDA:231,23,1,10
BRF:43
BRH:25
end_of_record
TN:
SF:src\pages\AccountManagementPage.tsx
FN:12,AccountManagementPage
FN:33,(anonymous_1)
FN:39,(anonymous_2)
FN:41,(anonymous_3)
FN:44,(anonymous_4)
FN:49,(anonymous_5)
FN:70,(anonymous_6)
FN:91,(anonymous_7)
FN:96,(anonymous_8)
FN:113,(anonymous_9)
FN:114,(anonymous_10)
FN:129,(anonymous_11)
FN:130,(anonymous_12)
FN:144,(anonymous_13)
FN:145,(anonymous_14)
FN:172,(anonymous_15)
FN:177,(anonymous_16)
FNF:17
FNH:5
FNDA:5,AccountManagementPage
FNDA:1,(anonymous_1)
FNDA:0,(anonymous_2)
FNDA:0,(anonymous_3)
FNDA:0,(anonymous_4)
FNDA:0,(anonymous_5)
FNDA:1,(anonymous_6)
FNDA:0,(anonymous_7)
FNDA:0,(anonymous_8)
FNDA:0,(anonymous_9)
FNDA:0,(anonymous_10)
FNDA:0,(anonymous_11)
FNDA:0,(anonymous_12)
FNDA:0,(anonymous_13)
FNDA:0,(anonymous_14)
FNDA:1,(anonymous_15)
FNDA:1,(anonymous_16)
DA:1,2
DA:2,2
DA:3,2
DA:4,2
DA:9,2
DA:10,2
DA:12,2
DA:13,5
DA:14,5
DA:15,5
DA:16,5
DA:17,5
DA:18,5
DA:20,5
DA:21,5
DA:25,5
DA:31,5
DA:33,1
DA:37,5
DA:40,0
DA:41,0
DA:42,0
DA:45,0
DA:49,5
DA:50,0
DA:52,0
DA:53,0
DA:54,0
DA:55,0
DA:58,0
DA:59,0
DA:60,0
DA:63,0
DA:70,5
DA:71,1
DA:72,1
DA:73,1
DA:74,1
DA:77,5
DA:79,5
DA:91,0
DA:96,0
DA:114,0
DA:130,0
DA:145,0
DA:173,1
DA:177,1
LF:47
LH:29
BRDA:18,0,0,3
BRDA:18,0,1,2
BRDA:18,1,0,3
BRDA:18,1,1,3
BRDA:32,2,0,3
BRDA:32,2,1,2
BRDA:33,3,0,0
BRDA:33,3,1,1
BRDA:33,4,0,0
BRDA:33,4,1,0
BRDA:34,5,0,5
BRDA:34,5,1,3
BRDA:53,6,0,0
BRDA:58,7,0,0
BRDA:58,8,0,0
BRDA:58,8,1,0
BRDA:66,9,0,0
BRDA:66,9,1,0
BRDA:71,10,0,0
BRDA:71,10,1,1
BRDA:73,11,0,0
BRDA:73,11,1,1
BRDA:73,12,0,1
BRDA:73,12,1,0
BRDA:77,13,0,5
BRDA:77,13,1,4
BRDA:88,14,0,3
BRDA:88,14,1,2
BRDA:143,15,0,5
BRDA:143,15,1,0
BRDA:156,16,0,0
BRDA:156,16,1,5
BRDA:164,17,0,1
BRDA:164,17,1,4
BRDA:166,18,0,0
BRDA:166,18,1,4
BRDA:168,19,0,3
BRDA:168,19,1,1
BRDA:187,20,0,1
BRDA:187,20,1,0
BRF:40
BRH:24
end_of_record
TN:
SF:src\pages\AdminDashboardPage.tsx
FN:9,AdminDashboardPage
FN:21,(anonymous_1)
FN:26,(anonymous_2)
FN:36,(anonymous_3)
FN:43,(anonymous_4)
FN:43,(anonymous_5)
FN:48,(anonymous_6)
FN:48,(anonymous_7)
FN:52,(anonymous_8)
FN:58,(anonymous_9)
FN:103,(anonymous_10)
FN:112,(anonymous_11)
FN:192,(anonymous_12)
FN:197,(anonymous_13)
FNF:14
FNH:14
FNDA:11,AdminDashboardPage
FNDA:3,(anonymous_1)
FNDA:8,(anonymous_2)
FNDA:3,(anonymous_3)
FNDA:8,(anonymous_4)
FNDA:7,(anonymous_5)
FNDA:11,(anonymous_6)
FNDA:3,(anonymous_7)
FNDA:1,(anonymous_8)
FNDA:1,(anonymous_9)
FNDA:13,(anonymous_10)
FNDA:1,(anonymous_11)
FNDA:3,(anonymous_12)
FNDA:1,(anonymous_13)
DA:1,2
DA:2,2
DA:3,2
DA:4,2
DA:5,2
DA:6,2
DA:7,2
DA:9,2
DA:10,11
DA:11,11
DA:12,11
DA:14,11
DA:15,11
DA:19,11
DA:21,3
DA:24,11
DA:26,11
DA:27,8
DA:28,2
DA:29,2
DA:30,2
DA:34,11
DA:36,3
DA:40,11
DA:42,11
DA:43,8
DA:47,11
DA:48,11
DA:52,11
DA:53,1
DA:54,1
DA:55,1
DA:58,11
DA:59,1
DA:62,1
DA:63,1
DA:66,11
DA:104,13
DA:112,1
DA:193,3
DA:197,1
LF:41
LH:41
BRDA:11,0,0,11
BRDA:11,0,1,0
BRDA:12,1,0,11
BRDA:12,1,1,0
BRDA:24,2,0,11
BRDA:24,2,1,3
BRDA:27,3,0,2
BRDA:27,4,0,8
BRDA:27,4,1,5
BRDA:40,5,0,11
BRDA:40,5,1,8
BRDA:43,6,0,8
BRDA:43,6,1,5
BRDA:59,7,0,1
BRDA:59,7,1,0
BRDA:95,8,0,3
BRDA:95,8,1,8
BRDA:97,9,0,0
BRDA:97,9,1,8
BRDA:99,10,0,0
BRDA:99,10,1,8
BRDA:108,11,0,6
BRDA:108,11,1,7
BRDA:116,12,0,13
BRDA:116,12,1,0
BRDA:120,13,0,13
BRDA:120,13,1,0
BRDA:121,14,0,13
BRDA:121,14,1,0
BRDA:134,15,0,5
BRDA:134,15,1,6
BRDA:148,16,0,6
BRDA:148,16,1,0
BRDA:152,17,0,6
BRDA:152,17,1,0
BRDA:182,18,0,5
BRDA:182,18,1,6
BRDA:184,19,0,3
BRDA:184,19,1,3
BRDA:186,20,0,0
BRDA:186,20,1,3
BRDA:188,21,0,0
BRDA:188,21,1,3
BRDA:206,22,0,3
BRDA:206,22,1,0
BRF:45
BRH:32
end_of_record
TN:
SF:src\pages\CustomerManagementPage.tsx
FN:30,CustomerManagementPage
FN:48,(anonymous_1)
FN:54,(anonymous_2)
FN:60,(anonymous_3)
FN:66,(anonymous_4)
FN:68,(anonymous_5)
FN:72,(anonymous_6)
FN:78,(anonymous_7)
FN:79,(anonymous_8)
FN:87,(anonymous_9)
FN:92,(anonymous_10)
FN:102,(anonymous_11)
FN:129,(anonymous_12)
FN:157,(anonymous_13)
FN:162,(anonymous_14)
FN:184,(anonymous_15)
FN:185,(anonymous_16)
FN:199,(anonymous_17)
FN:200,(anonymous_18)
FN:214,(anonymous_19)
FN:215,(anonymous_20)
FN:228,(anonymous_21)
FN:229,(anonymous_22)
FN:277,(anonymous_23)
FN:278,(anonymous_24)
FN:292,(anonymous_25)
FN:293,(anonymous_26)
FN:306,(anonymous_27)
FN:307,(anonymous_28)
FN:320,(anonymous_29)
FN:321,(anonymous_30)
FN:363,CustomerDetails
FNF:32
FNH:1
FNDA:2,CustomerManagementPage
FNDA:0,(anonymous_1)
FNDA:0,(anonymous_2)
FNDA:0,(anonymous_3)
FNDA:0,(anonymous_4)
FNDA:0,(anonymous_5)
FNDA:0,(anonymous_6)
FNDA:0,(anonymous_7)
FNDA:0,(anonymous_8)
FNDA:0,(anonymous_9)
FNDA:0,(anonymous_10)
FNDA:0,(anonymous_11)
FNDA:0,(anonymous_12)
FNDA:0,(anonymous_13)
FNDA:0,(anonymous_14)
FNDA:0,(anonymous_15)
FNDA:0,(anonymous_16)
FNDA:0,(anonymous_17)
FNDA:0,(anonymous_18)
FNDA:0,(anonymous_19)
FNDA:0,(anonymous_20)
FNDA:0,(anonymous_21)
FNDA:0,(anonymous_22)
FNDA:0,(anonymous_23)
FNDA:0,(anonymous_24)
FNDA:0,(anonymous_25)
FNDA:0,(anonymous_26)
FNDA:0,(anonymous_27)
FNDA:0,(anonymous_28)
FNDA:0,(anonymous_29)
FNDA:0,(anonymous_30)
FNDA:0,CustomerDetails
DA:1,1
DA:2,1
DA:3,1
DA:13,1
DA:14,1
DA:16,1
DA:23,1
DA:30,1
DA:31,2
DA:32,2
DA:33,2
DA:35,2
DA:36,2
DA:37,2
DA:38,2
DA:40,2
DA:46,2
DA:48,0
DA:52,2
DA:55,0
DA:56,0
DA:57,0
DA:58,0
DA:61,0
DA:65,2
DA:67,0
DA:69,0
DA:70,0
DA:73,0
DA:77,2
DA:78,0
DA:80,0
DA:81,0
DA:82,0
DA:83,0
DA:85,0
DA:88,0
DA:92,2
DA:93,0
DA:94,0
DA:102,2
DA:103,0
DA:105,0
DA:112,0
DA:113,0
DA:114,0
DA:115,0
DA:118,0
DA:119,0
DA:120,0
DA:123,0
DA:129,2
DA:130,0
DA:131,0
DA:132,0
DA:135,0
DA:136,0
DA:137,0
DA:140,0
DA:143,2
DA:145,2
DA:157,0
DA:163,0
DA:164,0
DA:165,0
DA:166,0
DA:185,0
DA:200,0
DA:215,0
DA:229,0
DA:278,0
DA:293,0
DA:307,0
DA:321,0
DA:364,0
LF:75
LH:25
BRDA:49,0,0,2
BRDA:49,0,1,2
BRDA:81,1,0,0
BRDA:106,2,0,0
BRDA:106,2,1,0
BRDA:107,3,0,0
BRDA:107,3,1,0
BRDA:108,4,0,0
BRDA:108,4,1,0
BRDA:112,5,0,0
BRDA:112,5,1,0
BRDA:112,5,2,0
BRDA:112,5,3,0
BRDA:113,6,0,0
BRDA:118,7,0,0
BRDA:118,8,0,0
BRDA:118,8,1,0
BRDA:124,9,0,0
BRDA:124,9,1,0
BRDA:130,10,0,0
BRDA:135,11,0,0
BRDA:135,12,0,0
BRDA:135,12,1,0
BRDA:140,13,0,0
BRDA:140,13,1,0
BRDA:143,14,0,2
BRDA:143,14,1,0
BRDA:154,15,0,2
BRDA:154,15,1,0
BRDA:165,16,0,0
BRDA:239,17,0,0
BRDA:239,17,1,2
BRDA:247,18,0,2
BRDA:247,18,1,0
BRDA:249,19,0,2
BRDA:249,19,1,0
BRDA:250,20,0,0
BRDA:250,20,1,2
BRDA:251,21,0,0
BRDA:251,21,1,0
BRDA:253,22,0,0
BRDA:253,22,1,0
BRDA:257,23,0,0
BRDA:257,23,1,0
BRDA:259,24,0,0
BRDA:259,24,1,0
BRDA:276,25,0,2
BRDA:276,25,1,0
BRDA:291,26,0,2
BRDA:291,26,1,0
BRDA:305,27,0,2
BRDA:305,27,1,0
BRDA:319,28,0,2
BRDA:319,28,1,2
BRDA:323,29,0,0
BRDA:323,29,1,0
BRDA:338,30,0,0
BRDA:338,30,1,2
BRDA:340,31,0,2
BRDA:340,31,1,0
BRDA:347,32,0,0
BRDA:347,32,1,2
BRDA:380,33,0,0
BRDA:380,33,1,0
BRF:64
BRH:16
end_of_record
TN:
SF:src\pages\DashboardPage.tsx
FN:8,DashboardPage
FN:11,(anonymous_1)
FN:27,(anonymous_2)
FN:27,(anonymous_3)
FN:32,(anonymous_4)
FN:33,(anonymous_5)
FN:34,(anonymous_6)
FN:39,(anonymous_7)
FN:39,(anonymous_8)
FN:43,(anonymous_9)
FN:81,(anonymous_10)
FN:99,(anonymous_11)
FNF:12
FNH:5
FNDA:3,DashboardPage
FNDA:2,(anonymous_1)
FNDA:3,(anonymous_2)
FNDA:0,(anonymous_3)
FNDA:3,(anonymous_4)
FNDA:0,(anonymous_5)
FNDA:0,(anonymous_6)
FNDA:3,(anonymous_7)
FNDA:0,(anonymous_8)
FNDA:0,(anonymous_9)
FNDA:0,(anonymous_10)
FNDA:0,(anonymous_11)
DA:1,1
DA:2,1
DA:3,1
DA:4,1
DA:5,1
DA:6,1
DA:8,1
DA:9,3
DA:11,2
DA:13,3
DA:17,3
DA:22,3
DA:23,3
DA:24,3
DA:26,3
DA:27,3
DA:31,3
DA:32,3
DA:33,0
DA:34,0
DA:38,3
DA:39,3
DA:43,3
DA:45,3
DA:82,0
DA:100,0
LF:26
LH:22
BRDA:22,0,0,3
BRDA:22,0,1,3
BRDA:23,1,0,3
BRDA:23,1,1,3
BRDA:24,2,0,3
BRDA:24,2,1,3
BRDA:71,3,0,0
BRDA:71,3,1,3
BRDA:71,4,0,3
BRDA:71,4,1,0
BRDA:71,4,2,0
BRDA:87,5,0,0
BRDA:87,5,1,0
BRDA:88,6,0,0
BRDA:88,6,1,0
BRDA:103,7,0,0
BRDA:103,7,1,0
BRDA:103,8,0,0
BRDA:103,8,1,0
BRDA:106,9,0,0
BRDA:106,9,1,0
BRF:21
BRH:8
end_of_record
TN:
SF:src\pages\LoginPage.tsx
FN:7,LoginPage
FN:16,(anonymous_1)
FN:40,(anonymous_2)
FN:50,(anonymous_3)
FNF:4
FNH:1
FNDA:3,LoginPage
FNDA:0,(anonymous_1)
FNDA:0,(anonymous_2)
FNDA:0,(anonymous_3)
DA:1,1
DA:2,1
DA:3,1
DA:4,1
DA:5,1
DA:7,1
DA:8,3
DA:9,3
DA:10,3
DA:11,3
DA:12,3
DA:16,3
DA:17,0
DA:18,0
DA:19,0
DA:20,0
DA:21,0
DA:22,0
DA:23,0
DA:25,0
DA:29,3
DA:40,0
DA:50,0
LF:23
LH:13
BRDA:23,0,0,0
BRDA:23,0,1,0
BRDA:58,1,0,0
BRDA:58,1,1,3
BRF:4
BRH:1
end_of_record
TN:
SF:src\pages\NotificationsPage.tsx
FN:11,NotificationsPage
FN:33,(anonymous_1)
FN:39,(anonymous_2)
FN:60,(anonymous_3)
FN:81,(anonymous_4)
FN:95,(anonymous_5)
FN:105,(anonymous_6)
FN:115,(anonymous_7)
FN:125,(anonymous_8)
FN:143,(anonymous_9)
FNF:10
FNH:5
FNDA:9,NotificationsPage
FNDA:4,(anonymous_1)
FNDA:5,(anonymous_2)
FNDA:0,(anonymous_3)
FNDA:1,(anonymous_4)
FNDA:0,(anonymous_5)
FNDA:0,(anonymous_6)
FNDA:0,(anonymous_7)
FNDA:0,(anonymous_8)
FNDA:10,(anonymous_9)
DA:1,2
DA:2,2
DA:3,2
DA:9,2
DA:11,2
DA:12,9
DA:16,9
DA:23,9
DA:29,9
DA:30,9
DA:31,9
DA:33,9
DA:34,4
DA:35,2
DA:39,9
DA:40,5
DA:41,5
DA:42,2
DA:45,3
DA:46,2
DA:47,2
DA:50,1
DA:51,1
DA:52,1
DA:56,9
DA:60,9
DA:61,0
DA:62,0
DA:63,0
DA:65,0
DA:69,9
DA:81,1
DA:96,0
DA:106,0
DA:116,0
DA:126,0
DA:144,10
LF:37
LH:29
BRDA:34,0,0,2
BRDA:41,1,0,2
BRDA:45,2,0,2
BRDA:50,3,0,1
BRDA:78,4,0,1
BRDA:78,4,1,8
BRDA:134,5,0,0
BRDA:134,5,1,9
BRDA:143,6,0,9
BRDA:143,6,1,2
BRDA:150,7,0,0
BRDA:150,7,1,10
BRF:12
BRH:10
end_of_record
TN:
SF:src\pages\PaymentsPage.tsx
FN:34,PaymentsPage
FN:65,(anonymous_1)
FN:72,(anonymous_2)
FN:78,(anonymous_3)
FN:98,(anonymous_4)
FN:98,(anonymous_5)
FN:102,(anonymous_6)
FN:108,(anonymous_7)
FN:114,(anonymous_8)
FN:139,(anonymous_9)
FN:141,(anonymous_10)
FN:144,(anonymous_11)
FN:146,(anonymous_12)
FN:154,(anonymous_13)
FN:158,(anonymous_14)
FN:163,(anonymous_15)
FN:177,(anonymous_16)
FN:178,(anonymous_17)
FN:192,(anonymous_18)
FN:200,(anonymous_19)
FN:213,(anonymous_20)
FN:228,(anonymous_21)
FN:233,(anonymous_22)
FN:245,(anonymous_23)
FN:250,(anonymous_24)
FN:269,(anonymous_25)
FN:272,(anonymous_26)
FN:282,(anonymous_27)
FN:292,(anonymous_28)
FN:303,(anonymous_29)
FN:311,(anonymous_30)
FN:312,(anonymous_31)
FN:313,(anonymous_32)
FN:318,(anonymous_33)
FN:319,(anonymous_34)
FN:320,(anonymous_35)
FN:349,(anonymous_36)
FN:358,(anonymous_37)
FN:363,(anonymous_38)
FN:395,(anonymous_39)
FN:400,(anonymous_40)
FN:415,(anonymous_41)
FN:435,(anonymous_42)
FN:440,(anonymous_43)
FN:455,(anonymous_44)
FN:475,(anonymous_45)
FN:480,(anonymous_46)
FN:492,(anonymous_47)
FN:497,(anonymous_48)
FN:512,(anonymous_49)
FN:533,(anonymous_50)
FN:552,(anonymous_51)
FN:559,(anonymous_52)
FN:572,(anonymous_53)
FN:590,(anonymous_54)
FN:599,(anonymous_55)
FN:607,(anonymous_56)
FN:631,(anonymous_57)
FN:650,(anonymous_58)
FN:650,(anonymous_59)
FN:661,(anonymous_60)
FN:661,(anonymous_61)
FN:703,toReadableType
FN:718,toReadableOperation
FN:731,formatAccountLabel
FNF:65
FNH:32
FNDA:11,PaymentsPage
FNDA:3,(anonymous_1)
FNDA:9,(anonymous_2)
FNDA:8,(anonymous_3)
FNDA:9,(anonymous_4)
FNDA:6,(anonymous_5)
FNDA:9,(anonymous_6)
FNDA:5,(anonymous_7)
FNDA:3,(anonymous_8)
FNDA:3,(anonymous_9)
FNDA:8,(anonymous_10)
FNDA:1,(anonymous_11)
FNDA:1,(anonymous_12)
FNDA:1,(anonymous_13)
FNDA:1,(anonymous_14)
FNDA:2,(anonymous_15)
FNDA:1,(anonymous_16)
FNDA:1,(anonymous_17)
FNDA:1,(anonymous_18)
FNDA:1,(anonymous_19)
FNDA:1,(anonymous_20)
FNDA:0,(anonymous_21)
FNDA:0,(anonymous_22)
FNDA:0,(anonymous_23)
FNDA:0,(anonymous_24)
FNDA:0,(anonymous_25)
FNDA:1,(anonymous_26)
FNDA:0,(anonymous_27)
FNDA:0,(anonymous_28)
FNDA:0,(anonymous_29)
FNDA:4,(anonymous_30)
FNDA:0,(anonymous_31)
FNDA:0,(anonymous_32)
FNDA:4,(anonymous_33)
FNDA:0,(anonymous_34)
FNDA:0,(anonymous_35)
FNDA:0,(anonymous_36)
FNDA:0,(anonymous_37)
FNDA:0,(anonymous_38)
FNDA:1,(anonymous_39)
FNDA:10,(anonymous_40)
FNDA:1,(anonymous_41)
FNDA:0,(anonymous_42)
FNDA:10,(anonymous_43)
FNDA:0,(anonymous_44)
FNDA:0,(anonymous_45)
FNDA:10,(anonymous_46)
FNDA:0,(anonymous_47)
FNDA:6,(anonymous_48)
FNDA:0,(anonymous_49)
FNDA:0,(anonymous_50)
FNDA:0,(anonymous_51)
FNDA:0,(anonymous_52)
FNDA:0,(anonymous_53)
FNDA:0,(anonymous_54)
FNDA:0,(anonymous_55)
FNDA:0,(anonymous_56)
FNDA:0,(anonymous_57)
FNDA:0,(anonymous_58)
FNDA:0,(anonymous_59)
FNDA:0,(anonymous_60)
FNDA:0,(anonymous_61)
FNDA:0,toReadableType
FNDA:1,toReadableOperation
FNDA:36,formatAccountLabel
DA:1,2
DA:2,2
DA:3,2
DA:4,2
DA:5,2
DA:18,2
DA:19,2
DA:26,2
DA:34,2
DA:35,11
DA:36,11
DA:37,11
DA:39,11
DA:41,11
DA:42,11
DA:44,11
DA:45,11
DA:47,11
DA:48,11
DA:49,11
DA:51,11
DA:52,11
DA:53,11
DA:54,11
DA:55,11
DA:56,11
DA:57,11
DA:59,11
DA:60,11
DA:61,11
DA:63,11
DA:65,3
DA:69,11
DA:70,11
DA:72,11
DA:73,9
DA:74,5
DA:77,4
DA:78,8
DA:80,4
DA:81,1
DA:84,4
DA:85,1
DA:88,4
DA:89,1
DA:92,4
DA:93,1
DA:97,11
DA:98,9
DA:102,11
DA:103,9
DA:104,5
DA:105,5
DA:108,5
DA:109,2
DA:113,11
DA:114,3
DA:137,11
DA:139,3
DA:141,8
DA:144,11
DA:145,1
DA:146,1
DA:149,1
DA:150,0
DA:153,1
DA:154,1
DA:155,1
DA:158,1
DA:159,1
DA:160,0
DA:163,1
DA:164,2
DA:165,2
DA:166,1
DA:169,1
DA:177,1
DA:178,1
DA:179,1
DA:180,1
DA:183,0
DA:192,11
DA:193,1
DA:200,11
DA:201,1
DA:202,1
DA:203,1
DA:204,1
DA:205,1
DA:207,0
DA:211,11
DA:214,1
DA:220,1
DA:221,1
DA:222,1
DA:223,1
DA:228,0
DA:231,11
DA:234,0
DA:240,0
DA:241,0
DA:242,0
DA:243,0
DA:245,0
DA:248,11
DA:251,0
DA:261,0
DA:262,0
DA:263,0
DA:264,0
DA:269,0
DA:272,11
DA:273,1
DA:275,1
DA:282,11
DA:283,0
DA:285,0
DA:292,11
DA:293,0
DA:295,0
DA:303,11
DA:304,0
DA:305,0
DA:308,11
DA:310,11
DA:311,4
DA:312,0
DA:313,0
DA:317,11
DA:318,4
DA:319,0
DA:320,0
DA:324,11
DA:326,11
DA:327,11
DA:329,11
DA:337,11
DA:349,0
DA:358,0
DA:363,0
DA:395,1
DA:401,10
DA:415,1
DA:435,0
DA:441,10
DA:455,0
DA:475,0
DA:481,10
DA:492,0
DA:498,6
DA:512,0
DA:534,0
DA:535,0
DA:536,0
DA:537,0
DA:538,0
DA:553,0
DA:554,0
DA:560,0
DA:573,0
DA:574,0
DA:590,0
DA:599,0
DA:608,0
DA:609,0
DA:632,0
DA:650,0
DA:661,0
DA:704,0
DA:706,0
DA:708,0
DA:710,0
DA:712,0
DA:714,0
DA:719,1
DA:721,1
DA:723,0
DA:725,0
DA:727,0
DA:732,36
LF:180
LH:119
BRDA:64,0,0,4
BRDA:64,0,1,7
BRDA:65,1,0,0
BRDA:65,1,1,3
BRDA:65,2,0,0
BRDA:65,2,1,0
BRDA:66,3,0,11
BRDA:66,3,1,4
BRDA:69,4,0,11
BRDA:69,4,1,6
BRDA:73,5,0,5
BRDA:78,6,0,4
BRDA:78,6,1,0
BRDA:80,7,0,1
BRDA:84,8,0,1
BRDA:88,9,0,1
BRDA:92,10,0,1
BRDA:103,11,0,5
BRDA:108,12,0,2
BRDA:116,13,0,1
BRDA:116,13,1,2
BRDA:116,14,0,1
BRDA:116,14,1,1
BRDA:117,15,0,0
BRDA:117,15,1,3
BRDA:117,16,0,0
BRDA:117,16,1,0
BRDA:119,17,0,3
BRDA:119,17,1,3
BRDA:120,18,0,3
BRDA:120,18,1,3
BRDA:140,19,0,11
BRDA:140,19,1,4
BRDA:140,19,2,7
BRDA:140,19,3,0
BRDA:141,20,0,8
BRDA:141,20,1,8
BRDA:146,21,0,1
BRDA:146,21,1,1
BRDA:149,22,0,0
BRDA:159,23,0,0
BRDA:165,24,0,1
BRDA:179,25,0,1
BRDA:204,26,0,1
BRDA:204,26,1,0
BRDA:278,27,0,0
BRDA:278,27,1,1
BRDA:278,28,0,0
BRDA:278,28,1,0
BRDA:288,29,0,0
BRDA:288,29,1,0
BRDA:288,30,0,0
BRDA:288,30,1,0
BRDA:299,31,0,0
BRDA:299,31,1,0
BRDA:299,32,0,0
BRDA:299,32,1,0
BRDA:308,33,0,11
BRDA:308,33,1,0
BRDA:324,34,0,11
BRDA:324,34,1,6
BRDA:326,35,0,11
BRDA:326,35,1,5
BRDA:326,35,2,4
BRDA:326,35,3,3
BRDA:327,36,0,11
BRDA:327,36,1,5
BRDA:327,36,2,4
BRDA:327,36,3,0
BRDA:329,37,0,11
BRDA:329,37,1,5
BRDA:329,37,2,4
BRDA:329,37,3,4
BRDA:329,37,4,4
BRDA:329,37,5,3
BRDA:329,37,6,0
BRDA:346,38,0,1
BRDA:346,38,1,10
BRDA:355,39,0,4
BRDA:355,39,1,7
BRDA:396,40,0,11
BRDA:396,40,1,5
BRDA:396,40,2,5
BRDA:399,41,0,11
BRDA:399,41,1,6
BRDA:422,42,0,0
BRDA:422,42,1,11
BRDA:436,43,0,11
BRDA:436,43,1,5
BRDA:436,43,2,5
BRDA:439,44,0,11
BRDA:439,44,1,6
BRDA:462,45,0,0
BRDA:462,45,1,11
BRDA:476,46,0,11
BRDA:476,46,1,5
BRDA:476,46,2,5
BRDA:479,47,0,11
BRDA:479,47,1,6
BRDA:493,48,0,11
BRDA:493,48,1,5
BRDA:493,48,2,5
BRDA:496,49,0,11
BRDA:496,49,1,6
BRDA:519,50,0,0
BRDA:519,50,1,11
BRDA:537,51,0,0
BRDA:547,52,0,11
BRDA:547,52,1,0
BRDA:623,53,0,0
BRDA:623,53,1,11
BRDA:625,54,0,0
BRDA:625,54,1,11
BRDA:627,55,0,11
BRDA:627,55,1,0
BRDA:637,56,0,0
BRDA:637,56,1,0
BRDA:638,57,0,0
BRDA:638,57,1,0
BRDA:651,58,0,11
BRDA:651,58,1,0
BRDA:662,59,0,11
BRDA:662,59,1,0
BRDA:672,60,0,11
BRDA:672,60,1,0
BRDA:675,61,0,11
BRDA:675,61,1,6
BRDA:675,61,2,0
BRDA:675,61,3,0
BRDA:678,62,0,1
BRDA:678,62,1,10
BRDA:704,63,0,0
BRDA:704,63,1,0
BRDA:704,63,2,0
BRDA:704,63,3,0
BRDA:704,63,4,0
BRDA:719,64,0,1
BRDA:719,64,1,0
BRDA:719,64,2,0
BRDA:719,64,3,0
BRF:140
BRH:90
end_of_record
TN:
SF:src\pages\RegisterPage.tsx
FN:8,toExternalCustomerKey
FN:18,RegisterPage
FN:38,(anonymous_2)
FN:114,(anonymous_3)
FN:124,(anonymous_4)
FN:134,(anonymous_5)
FN:146,(anonymous_6)
FN:156,(anonymous_7)
FNF:8
FNH:8
FNDA:1,toExternalCustomerKey
FNDA:19,RegisterPage
FNDA:3,(anonymous_2)
FNDA:3,(anonymous_3)
FNDA:3,(anonymous_4)
FNDA:2,(anonymous_5)
FNDA:1,(anonymous_6)
FNDA:1,(anonymous_7)
DA:1,2
DA:2,2
DA:3,2
DA:4,2
DA:5,2
DA:6,2
DA:9,1
DA:15,1
DA:18,2
DA:19,19
DA:20,19
DA:21,19
DA:22,19
DA:23,19
DA:24,19
DA:25,19
DA:26,19
DA:28,19
DA:31,19
DA:34,19
DA:38,19
DA:39,3
DA:41,3
DA:42,0
DA:43,0
DA:46,3
DA:47,3
DA:54,3
DA:59,3
DA:60,3
DA:62,3
DA:63,1
DA:64,1
DA:68,1
DA:71,2
DA:72,1
DA:73,1
DA:80,0
DA:81,0
DA:85,0
DA:88,1
DA:91,1
DA:93,1
DA:96,1
DA:99,0
DA:103,19
DA:114,3
DA:124,3
DA:134,2
DA:146,1
DA:156,1
LF:51
LH:45
BRDA:15,0,0,1
BRDA:15,0,1,0
BRDA:41,1,0,0
BRDA:41,2,0,3
BRDA:41,2,1,1
BRDA:41,2,2,1
BRDA:60,3,0,3
BRDA:60,3,1,0
BRDA:62,4,0,1
BRDA:71,5,0,1
BRDA:71,5,1,1
BRDA:140,6,0,13
BRDA:140,6,1,6
BRDA:167,7,0,19
BRDA:167,7,1,19
BRDA:167,7,2,19
BRDA:169,8,0,0
BRDA:169,8,1,19
BRDA:171,9,0,0
BRDA:171,9,1,19
BRDA:173,10,0,0
BRDA:173,10,1,19
BRF:22
BRH:16
end_of_record
TN:
SF:src\pages\ResetRequestPage.tsx
FN:5,ResetRequestPage
FN:12,(anonymous_1)
FN:31,(anonymous_2)
FNF:3
FNH:0
FNDA:0,ResetRequestPage
FNDA:0,(anonymous_1)
FNDA:0,(anonymous_2)
DA:1,1
DA:2,1
DA:3,1
DA:5,1
DA:6,0
DA:7,0
DA:8,0
DA:12,0
DA:13,0
DA:14,0
DA:15,0
DA:16,0
DA:18,0
DA:22,0
DA:31,0
LF:15
LH:4
BRDA:39,0,0,0
BRDA:39,0,1,0
BRF:2
BRH:0
end_of_record
TN:
SF:src\pages\SpendingInsightsPage.tsx
FN:5,SpendingInsightsPage
FN:33,(anonymous_1)
FNF:2
FNH:0
FNDA:0,SpendingInsightsPage
FNDA:0,(anonymous_1)
DA:1,1
DA:2,1
DA:3,1
DA:5,1
DA:6,0
DA:11,0
DA:13,0
DA:34,0
LF:8
LH:4
BRDA:22,0,0,0
BRDA:22,0,1,0
BRF:2
BRH:0
end_of_record
TN:
SF:src\pages\StandingOrdersPage.tsx
FN:26,todayDateInput
FN:30,toUtcStartOfDay
FN:34,cadenceMonthlyFactor
FN:44,cadenceLabel
FN:54,resolveStatusLabel
FN:67,StandingOrdersPage
FN:72,(anonymous_6)
FN:94,(anonymous_7)
FN:99,(anonymous_8)
FN:104,(anonymous_9)
FN:117,(anonymous_10)
FN:120,(anonymous_11)
FN:128,(anonymous_12)
FN:143,(anonymous_13)
FN:150,(anonymous_14)
FN:151,(anonymous_15)
FN:152,(anonymous_16)
FN:156,(anonymous_17)
FN:156,(anonymous_18)
FN:158,(anonymous_19)
FN:221,(anonymous_20)
FN:225,(anonymous_21)
FN:237,(anonymous_22)
FN:241,(anonymous_23)
FN:257,(anonymous_24)
FN:266,(anonymous_25)
FN:285,(anonymous_26)
FN:295,(anonymous_27)
FN:303,(anonymous_28)
FN:328,(anonymous_29)
FN:353,(anonymous_30)
FN:362,(anonymous_31)
FN:371,(anonymous_32)
FNF:33
FNH:26
FNDA:11,todayDateInput
FNDA:1,toUtcStartOfDay
FNDA:2,cadenceMonthlyFactor
FNDA:9,cadenceLabel
FNDA:9,resolveStatusLabel
FNDA:11,StandingOrdersPage
FNDA:2,(anonymous_6)
FNDA:4,(anonymous_7)
FNDA:2,(anonymous_8)
FNDA:4,(anonymous_9)
FNDA:1,(anonymous_10)
FNDA:1,(anonymous_11)
FNDA:1,(anonymous_12)
FNDA:1,(anonymous_13)
FNDA:4,(anonymous_14)
FNDA:2,(anonymous_15)
FNDA:2,(anonymous_16)
FNDA:4,(anonymous_17)
FNDA:4,(anonymous_18)
FNDA:1,(anonymous_19)
FNDA:0,(anonymous_20)
FNDA:18,(anonymous_21)
FNDA:0,(anonymous_22)
FNDA:18,(anonymous_23)
FNDA:1,(anonymous_24)
FNDA:1,(anonymous_25)
FNDA:0,(anonymous_26)
FNDA:0,(anonymous_27)
FNDA:0,(anonymous_28)
FNDA:9,(anonymous_29)
FNDA:1,(anonymous_30)
FNDA:0,(anonymous_31)
FNDA:0,(anonymous_32)
DA:1,2
DA:2,2
DA:3,2
DA:4,2
DA:14,2
DA:27,11
DA:31,1
DA:35,2
DA:36,0
DA:38,2
DA:39,2
DA:41,0
DA:45,9
DA:46,0
DA:48,9
DA:49,9
DA:51,0
DA:55,9
DA:56,9
DA:58,0
DA:59,0
DA:61,0
DA:62,0
DA:64,0
DA:67,2
DA:68,11
DA:70,11
DA:72,2
DA:74,11
DA:79,11
DA:80,11
DA:81,11
DA:83,11
DA:92,11
DA:94,11
DA:95,4
DA:96,2
DA:99,2
DA:100,2
DA:101,2
DA:103,2
DA:104,4
DA:107,2
DA:115,11
DA:118,1
DA:119,1
DA:120,1
DA:127,11
DA:135,1
DA:136,1
DA:138,0
DA:139,0
DA:141,0
DA:144,1
DA:145,1
DA:149,11
DA:150,4
DA:151,2
DA:152,2
DA:156,11
DA:158,11
DA:159,1
DA:161,1
DA:162,0
DA:163,0
DA:166,1
DA:167,0
DA:168,0
DA:171,1
DA:172,0
DA:173,0
DA:176,1
DA:177,1
DA:178,0
DA:179,0
DA:182,1
DA:183,0
DA:184,0
DA:187,1
DA:197,1
DA:198,1
DA:200,0
DA:204,11
DA:221,0
DA:226,18
DA:237,0
DA:242,18
DA:257,1
DA:267,1
DA:285,0
DA:295,0
DA:303,0
DA:329,9
DA:330,9
DA:331,9
DA:332,9
DA:333,9
DA:335,9
DA:353,1
DA:362,0
DA:371,0
LF:101
LH:71
BRDA:35,0,0,0
BRDA:38,1,0,2
BRDA:45,2,0,0
BRDA:48,3,0,9
BRDA:55,4,0,9
BRDA:58,5,0,0
BRDA:61,6,0,0
BRDA:79,7,0,11
BRDA:79,7,1,2
BRDA:95,8,0,2
BRDA:100,9,0,2
BRDA:100,9,1,2
BRDA:100,9,2,0
BRDA:103,10,0,2
BRDA:103,11,0,2
BRDA:103,11,1,0
BRDA:104,12,0,2
BRDA:104,12,1,0
BRDA:135,13,0,1
BRDA:138,14,0,0
BRDA:150,15,0,4
BRDA:150,15,1,2
BRDA:161,16,0,0
BRDA:166,17,0,0
BRDA:166,18,0,1
BRDA:166,18,1,1
BRDA:171,19,0,0
BRDA:177,20,0,0
BRDA:177,21,0,1
BRDA:177,21,1,1
BRDA:182,22,0,0
BRDA:193,23,0,0
BRDA:193,23,1,1
BRDA:222,24,0,11
BRDA:222,24,1,9
BRDA:222,24,2,9
BRDA:224,25,0,11
BRDA:224,25,1,2
BRDA:238,26,0,11
BRDA:238,26,1,9
BRDA:238,26,2,9
BRDA:240,27,0,11
BRDA:240,27,1,2
BRDA:311,28,0,11
BRDA:311,28,1,11
BRDA:311,28,2,9
BRDA:311,28,3,9
BRDA:312,29,0,0
BRDA:312,29,1,11
BRDA:316,30,0,0
BRDA:316,30,1,11
BRDA:318,31,0,2
BRDA:318,31,1,9
BRDA:328,32,0,11
BRDA:328,32,1,2
BRDA:329,33,0,9
BRDA:329,33,1,0
BRDA:330,34,0,9
BRDA:330,34,1,0
BRDA:333,35,0,9
BRDA:333,35,1,0
BRDA:340,36,0,9
BRDA:340,36,1,0
BRDA:345,37,0,9
BRDA:345,37,1,0
BRDA:349,38,0,9
BRDA:349,38,1,0
BRDA:358,39,0,0
BRDA:358,39,1,9
BRDA:367,40,0,9
BRDA:367,40,1,0
BRDA:382,41,0,0
BRDA:382,41,1,11
BRF:73
BRH:48
end_of_record
TN:
SF:src\pages\StatementsPage.tsx
FN:22,StatementsPage
FN:34,(anonymous_1)
FN:40,(anonymous_2)
FN:46,(anonymous_3)
FN:55,(anonymous_4)
FN:67,(anonymous_5)
FN:73,(anonymous_6)
FN:78,(anonymous_7)
FN:86,(anonymous_8)
FN:86,(anonymous_9)
FN:92,(anonymous_10)
FN:101,(anonymous_11)
FN:107,(anonymous_12)
FN:119,(anonymous_13)
FN:120,(anonymous_14)
FN:156,(anonymous_15)
FN:164,(anonymous_16)
FN:178,(anonymous_17)
FN:186,(anonymous_18)
FN:203,(anonymous_19)
FN:227,(anonymous_20)
FN:236,(anonymous_21)
FN:270,(anonymous_22)
FN:287,(anonymous_23)
FN:297,(anonymous_24)
FN:297,(anonymous_25)
FN:303,(anonymous_26)
FN:303,(anonymous_27)
FN:348,(anonymous_28)
FN:359,formatAccountLabel
FNF:30
FNH:18
FNDA:14,StatementsPage
FNDA:2,(anonymous_1)
FNDA:6,(anonymous_2)
FNDA:2,(anonymous_3)
FNDA:4,(anonymous_4)
FNDA:2,(anonymous_5)
FNDA:1,(anonymous_6)
FNDA:0,(anonymous_7)
FNDA:6,(anonymous_8)
FNDA:4,(anonymous_9)
FNDA:1,(anonymous_10)
FNDA:0,(anonymous_11)
FNDA:0,(anonymous_12)
FNDA:3,(anonymous_13)
FNDA:3,(anonymous_14)
FNDA:0,(anonymous_15)
FNDA:12,(anonymous_16)
FNDA:0,(anonymous_17)
FNDA:0,(anonymous_18)
FNDA:0,(anonymous_19)
FNDA:1,(anonymous_20)
FNDA:1,(anonymous_21)
FNDA:3,(anonymous_22)
FNDA:1,(anonymous_23)
FNDA:0,(anonymous_24)
FNDA:0,(anonymous_25)
FNDA:0,(anonymous_26)
FNDA:0,(anonymous_27)
FNDA:0,(anonymous_28)
FNDA:12,formatAccountLabel
DA:1,2
DA:2,2
DA:3,2
DA:4,2
DA:12,2
DA:14,2
DA:22,2
DA:23,14
DA:24,14
DA:25,14
DA:26,14
DA:27,14
DA:28,14
DA:29,14
DA:30,14
DA:32,14
DA:34,2
DA:37,14
DA:38,14
DA:40,14
DA:41,6
DA:42,2
DA:43,2
DA:46,4
DA:47,2
DA:48,2
DA:49,2
DA:53,14
DA:56,4
DA:65,14
DA:67,2
DA:71,14
DA:74,1
DA:75,1
DA:76,1
DA:79,0
DA:83,14
DA:85,14
DA:86,6
DA:90,14
DA:92,14
DA:93,1
DA:94,1
DA:101,14
DA:102,0
DA:103,0
DA:104,0
DA:107,14
DA:108,0
DA:109,0
DA:110,0
DA:112,0
DA:115,14
DA:116,14
DA:118,14
DA:119,14
DA:120,14
DA:122,14
DA:157,0
DA:158,0
DA:159,0
DA:165,12
DA:178,0
DA:187,0
DA:188,0
DA:204,0
DA:205,0
DA:206,0
DA:227,1
DA:236,1
DA:271,3
DA:287,1
DA:297,0
DA:303,0
DA:348,0
DA:360,12
LF:76
LH:56
BRDA:37,0,0,14
BRDA:37,0,1,2
BRDA:41,1,0,2
BRDA:46,2,0,2
BRDA:46,3,0,4
BRDA:46,3,1,2
BRDA:58,4,0,4
BRDA:58,4,1,2
BRDA:83,5,0,14
BRDA:83,5,1,8
BRDA:86,6,0,6
BRDA:86,6,1,4
BRDA:90,7,0,14
BRDA:90,7,1,10
BRDA:90,7,2,5
BRDA:108,8,0,0
BRDA:118,9,0,14
BRDA:118,9,1,4
BRDA:161,10,0,14
BRDA:161,10,1,12
BRDA:161,10,2,12
BRDA:213,11,0,0
BRDA:213,11,1,14
BRDA:245,12,0,0
BRDA:245,12,1,14
BRDA:249,13,0,4
BRDA:249,13,1,10
BRDA:263,14,0,8
BRDA:263,14,1,6
BRDA:264,15,0,0
BRDA:264,15,1,14
BRDA:267,16,0,3
BRDA:267,16,1,11
BRDA:267,17,0,14
BRDA:267,17,1,6
BRDA:267,17,2,6
BRDA:281,18,0,0
BRDA:281,18,1,3
BRDA:311,19,0,10
BRDA:311,19,1,4
BRDA:312,20,0,2
BRDA:312,20,1,12
BRDA:312,21,0,14
BRDA:312,21,1,4
BRDA:315,22,0,0
BRDA:315,22,1,14
BRDA:318,23,0,2
BRDA:318,23,1,12
BRF:48
BRH:42
end_of_record
TN:
SF:src\pages\TokenRefreshPage.tsx
FN:5,TokenRefreshPage
FN:12,(anonymous_1)
FN:31,(anonymous_2)
FNF:3
FNH:0
FNDA:0,TokenRefreshPage
FNDA:0,(anonymous_1)
FNDA:0,(anonymous_2)
DA:1,1
DA:2,1
DA:3,1
DA:5,1
DA:6,0
DA:7,0
DA:8,0
DA:12,0
DA:13,0
DA:14,0
DA:15,0
DA:16,0
DA:18,0
DA:22,0
DA:31,0
LF:15
LH:4
BRDA:39,0,0,0
BRDA:39,0,1,0
BRF:2
BRH:0
end_of_record
TN:
SF:src\services\accounts.ts
FN:33,fetchAccounts
FN:56,createCustomerAccount
FN:90,fetchAccountDetails
FN:114,updateCustomerAccount
FN:146,deleteCustomerAccount
FN:174,resolveCustomerIdForAccounts
FN:183,mapAccounts
FN:195,(anonymous_7)
FN:196,(anonymous_8)
FN:199,mapAccount
FN:225,maskAccountNumber
FN:230,asString
FN:234,asNumber
FN:245,asType
FN:258,asStatus
FNF:15
FNH:15
FNDA:8,fetchAccounts
FNDA:2,createCustomerAccount
FNDA:1,fetchAccountDetails
FNDA:1,updateCustomerAccount
FNDA:1,deleteCustomerAccount
FNDA:10,resolveCustomerIdForAccounts
FNDA:4,mapAccounts
FNDA:2,(anonymous_7)
FNDA:2,(anonymous_8)
FNDA:5,mapAccount
FNDA:5,maskAccountNumber
FNDA:37,asString
FNDA:15,asNumber
FNDA:5,asType
FNDA:5,asStatus
DA:1,8
DA:2,8
DA:33,8
DA:34,8
DA:35,8
DA:36,5
DA:43,4
DA:45,4
DA:46,4
DA:47,1
DA:52,1
DA:56,8
DA:57,2
DA:58,2
DA:59,2
DA:66,1
DA:67,1
DA:68,0
DA:71,1
DA:73,1
DA:74,1
DA:75,1
DA:77,0
DA:78,0
DA:80,0
DA:81,0
DA:86,0
DA:90,8
DA:91,1
DA:92,0
DA:95,1
DA:96,1
DA:97,1
DA:98,1
DA:99,0
DA:101,1
DA:103,0
DA:104,0
DA:105,0
DA:107,0
DA:108,0
DA:110,0
DA:114,8
DA:115,1
DA:116,0
DA:119,1
DA:120,0
DA:123,1
DA:124,1
DA:129,1
DA:130,1
DA:131,0
DA:133,1
DA:135,0
DA:136,0
DA:137,0
DA:139,0
DA:140,0
DA:142,0
DA:146,8
DA:147,1
DA:148,0
DA:151,1
DA:152,1
DA:153,1
DA:154,1
DA:155,1
DA:160,0
DA:161,0
DA:162,0
DA:164,0
DA:165,0
DA:167,0
DA:168,0
DA:170,0
DA:175,10
DA:176,1
DA:179,9
DA:180,6
DA:184,4
DA:190,4
DA:191,0
DA:194,4
DA:195,2
DA:196,2
DA:200,5
DA:201,0
DA:204,5
DA:205,5
DA:206,5
DA:207,0
DA:210,5
DA:211,5
DA:212,5
DA:213,5
DA:226,5
DA:227,5
DA:231,37
DA:235,15
DA:236,0
DA:238,15
DA:239,6
DA:240,6
DA:242,9
DA:246,5
DA:247,0
DA:249,5
DA:250,4
DA:252,1
DA:253,1
DA:255,0
DA:259,5
DA:260,4
DA:262,1
DA:263,1
DA:265,0
LF:116
LH:77
BRDA:46,0,0,1
BRDA:63,1,0,2
BRDA:63,1,1,1
BRDA:67,2,0,0
BRDA:74,3,0,1
BRDA:77,4,0,0
BRDA:80,5,0,0
BRDA:91,6,0,0
BRDA:91,7,0,1
BRDA:91,7,1,1
BRDA:98,8,0,0
BRDA:104,9,0,0
BRDA:107,10,0,0
BRDA:115,11,0,0
BRDA:115,12,0,1
BRDA:115,12,1,1
BRDA:119,13,0,0
BRDA:119,14,0,1
BRDA:119,14,1,0
BRDA:125,15,0,1
BRDA:125,15,1,0
BRDA:130,16,0,0
BRDA:136,17,0,0
BRDA:139,18,0,0
BRDA:147,19,0,0
BRDA:147,20,0,1
BRDA:147,20,1,1
BRDA:156,21,0,0
BRDA:156,21,1,1
BRDA:161,22,0,0
BRDA:164,23,0,0
BRDA:167,24,0,0
BRDA:175,25,0,1
BRDA:175,26,0,10
BRDA:175,26,1,1
BRDA:184,27,0,0
BRDA:184,27,1,4
BRDA:186,28,0,4
BRDA:186,28,1,0
BRDA:186,29,0,4
BRDA:186,29,1,4
BRDA:186,29,2,4
BRDA:187,30,0,4
BRDA:187,30,1,0
BRDA:190,31,0,0
BRDA:200,32,0,0
BRDA:200,33,0,5
BRDA:200,33,1,5
BRDA:206,34,0,0
BRDA:231,35,0,15
BRDA:231,35,1,22
BRDA:231,36,0,37
BRDA:231,36,1,15
BRDA:235,37,0,0
BRDA:238,38,0,6
BRDA:240,39,0,6
BRDA:240,39,1,0
BRDA:246,40,0,0
BRDA:246,41,0,5
BRDA:246,41,1,5
BRDA:246,41,2,5
BRDA:249,42,0,4
BRDA:252,43,0,1
BRDA:259,44,0,4
BRDA:262,45,0,1
BRDA:262,46,0,1
BRDA:262,46,1,0
BRDA:265,47,0,0
BRDA:265,47,1,0
BRF:69
BRH:38
end_of_record
TN:
SF:src\services\api.ts
FN:66,(anonymous_0)
FN:86,(anonymous_1)
FN:87,(anonymous_2)
FN:96,checkHealth
FN:105,register
FN:109,login
FN:118,requestPasswordReset
FN:122,refreshToken
FN:131,getApiErrorDetails
FN:149,parseApiResponse
FNF:10
FNH:7
FNDA:0,(anonymous_0)
FNDA:0,(anonymous_1)
FNDA:0,(anonymous_2)
FNDA:2,checkHealth
FNDA:1,register
FNDA:2,login
FNDA:1,requestPasswordReset
FNDA:1,refreshToken
FNDA:9,getApiErrorDetails
FNDA:5,parseApiResponse
DA:1,19
DA:2,19
DA:59,19
DA:66,19
DA:67,0
DA:68,0
DA:69,0
DA:72,0
DA:73,0
DA:76,0
DA:77,0
DA:79,0
DA:82,0
DA:85,19
DA:86,0
DA:88,0
DA:89,0
DA:90,0
DA:92,0
DA:96,19
DA:97,2
DA:98,2
DA:99,1
DA:101,1
DA:105,19
DA:106,1
DA:109,19
DA:110,2
DA:111,1
DA:112,0
DA:114,1
DA:115,1
DA:118,19
DA:119,1
DA:122,19
DA:123,1
DA:124,1
DA:125,0
DA:127,1
DA:128,1
DA:131,19
DA:132,9
DA:133,9
DA:135,9
DA:141,9
DA:150,5
DA:151,5
DA:152,4
DA:154,1
DA:155,1
LF:50
LH:34
BRDA:68,0,0,0
BRDA:72,1,0,0
BRDA:76,2,0,0
BRDA:76,2,1,0
BRDA:89,3,0,0
BRDA:111,4,0,0
BRDA:111,5,0,1
BRDA:111,5,1,1
BRDA:124,6,0,0
BRDA:124,7,0,1
BRDA:124,7,1,1
BRDA:131,8,0,9
BRDA:135,9,0,7
BRDA:135,9,1,2
BRDA:135,10,0,9
BRDA:135,10,1,7
BRDA:137,11,0,2
BRDA:137,11,1,0
BRDA:137,12,0,2
BRDA:137,12,1,2
BRF:20
BRH:12
end_of_record
TN:
SF:src\services\customers.ts
FN:46,createCustomerProfile
FN:59,fetchCustomerProfile
FN:63,fetchCustomerDetails
FN:71,fetchCustomersForAdmin
FN:90,updateCustomerContact
FN:94,updateCustomerProfile
FN:115,deleteCustomerProfile
FN:145,resolveCurrentCustomerProfile
FN:173,getCustomerById
FN:180,mapCustomerProfile
FN:201,mapCustomerList
FN:213,(anonymous_11)
FN:214,(anonymous_12)
FN:217,mapCustomerListItem
FN:239,asString
FN:243,asStatus
FNF:16
FNH:16
FNDA:1,createCustomerProfile
FNDA:1,fetchCustomerProfile
FNDA:1,fetchCustomerDetails
FNDA:2,fetchCustomersForAdmin
FNDA:1,updateCustomerContact
FNDA:2,updateCustomerProfile
FNDA:1,deleteCustomerProfile
FNDA:15,resolveCurrentCustomerProfile
FNDA:11,getCustomerById
FNDA:14,mapCustomerProfile
FNDA:1,mapCustomerList
FNDA:2,(anonymous_11)
FNDA:2,(anonymous_12)
FNDA:2,mapCustomerListItem
FNDA:84,asString
FNDA:16,asStatus
DA:1,10
DA:2,10
DA:46,10
DA:47,1
DA:54,1
DA:55,1
DA:56,1
DA:59,10
DA:60,1
DA:63,10
DA:64,1
DA:65,0
DA:68,1
DA:71,10
DA:72,2
DA:73,2
DA:80,2
DA:82,1
DA:83,1
DA:84,0
DA:86,0
DA:90,10
DA:91,1
DA:94,10
DA:98,2
DA:99,2
DA:100,0
DA:103,2
DA:110,2
DA:111,2
DA:112,2
DA:115,10
DA:116,1
DA:118,1
DA:119,1
DA:120,1
DA:121,1
DA:124,1
DA:125,1
DA:126,1
DA:131,0
DA:132,0
DA:133,0
DA:135,0
DA:136,0
DA:138,0
DA:139,0
DA:141,0
DA:145,10
DA:146,15
DA:148,15
DA:149,10
DA:150,10
DA:152,3
DA:153,3
DA:154,0
DA:159,6
DA:160,6
DA:161,5
DA:162,3
DA:163,3
DA:165,3
DA:166,3
DA:167,1
DA:169,0
DA:174,11
DA:175,10
DA:176,8
DA:177,8
DA:181,14
DA:182,0
DA:185,14
DA:186,14
DA:187,14
DA:188,0
DA:191,14
DA:202,1
DA:208,1
DA:209,0
DA:212,1
DA:213,2
DA:214,2
DA:218,2
DA:219,0
DA:222,2
DA:223,2
DA:224,2
DA:225,0
DA:228,2
DA:240,84
DA:244,16
DA:245,2
DA:247,14
DA:248,0
DA:250,14
LF:95
LH:75
BRDA:64,0,0,0
BRDA:64,1,0,1
BRDA:64,1,1,1
BRDA:71,2,0,0
BRDA:71,3,0,0
BRDA:83,4,0,0
BRDA:98,5,0,2
BRDA:98,5,1,1
BRDA:99,6,0,0
BRDA:104,7,0,2
BRDA:104,7,1,2
BRDA:105,8,0,2
BRDA:105,8,1,2
BRDA:106,9,0,2
BRDA:106,9,1,0
BRDA:116,10,0,1
BRDA:116,10,1,0
BRDA:120,11,0,1
BRDA:127,12,0,1
BRDA:127,12,1,0
BRDA:132,13,0,0
BRDA:135,14,0,0
BRDA:138,15,0,0
BRDA:148,16,0,10
BRDA:153,17,0,0
BRDA:153,18,0,3
BRDA:153,18,1,1
BRDA:153,18,2,0
BRDA:166,19,0,1
BRDA:166,20,0,3
BRDA:166,20,1,0
BRDA:181,21,0,0
BRDA:181,22,0,14
BRDA:181,22,1,14
BRDA:187,23,0,0
BRDA:202,24,0,0
BRDA:202,24,1,1
BRDA:204,25,0,1
BRDA:204,25,1,0
BRDA:204,26,0,1
BRDA:204,26,1,1
BRDA:204,26,2,1
BRDA:205,27,0,1
BRDA:205,27,1,0
BRDA:208,28,0,0
BRDA:218,29,0,0
BRDA:218,30,0,2
BRDA:218,30,1,2
BRDA:224,31,0,0
BRDA:240,32,0,84
BRDA:240,32,1,0
BRDA:240,33,0,84
BRDA:240,33,1,84
BRDA:244,34,0,2
BRDA:247,35,0,0
BRF:55
BRH:31
end_of_record
TN:
SF:src\services\insights.ts
FN:18,fetchSpendingInsights
FN:23,mapInsights
FN:43,mapCategories
FN:49,(anonymous_3)
FN:61,(anonymous_4)
FN:64,asString
FN:68,asNumber
FN:79,asTrend
FNF:8
FNH:8
FNDA:1,fetchSpendingInsights
FNDA:1,mapInsights
FNDA:1,mapCategories
FNDA:1,(anonymous_3)
FNDA:1,(anonymous_4)
FNDA:4,asString
FNDA:3,asNumber
FNDA:1,asTrend
DA:1,2
DA:18,2
DA:19,1
DA:20,1
DA:24,1
DA:25,0
DA:28,1
DA:29,1
DA:31,1
DA:44,1
DA:45,0
DA:48,1
DA:50,1
DA:51,0
DA:53,1
DA:54,1
DA:61,1
DA:65,4
DA:69,3
DA:70,2
DA:72,1
DA:73,1
DA:74,1
DA:76,0
DA:80,1
DA:81,1
DA:83,0
LF:27
LH:22
BRDA:24,0,0,0
BRDA:24,1,0,1
BRDA:24,1,1,1
BRDA:36,2,0,1
BRDA:36,2,1,0
BRDA:44,3,0,0
BRDA:50,4,0,0
BRDA:50,5,0,1
BRDA:50,5,1,1
BRDA:65,6,0,4
BRDA:65,6,1,0
BRDA:65,7,0,4
BRDA:65,7,1,4
BRDA:69,8,0,2
BRDA:72,9,0,1
BRDA:74,10,0,1
BRDA:74,10,1,0
BRDA:80,11,0,1
BRDA:80,12,0,1
BRDA:80,12,1,0
BRDA:80,12,2,0
BRF:21
BRH:13
end_of_record
TN:
SF:src\services\notifications.ts
FN:18,fetchNotificationPreferences
FN:29,updateNotificationPreferences
FN:36,fetchRecentNotifications
FN:41,mapNotifications
FN:47,(anonymous_4)
FN:65,(anonymous_5)
FN:68,asString
FN:72,asBoolean
FNF:8
FNH:2
FNDA:1,fetchNotificationPreferences
FNDA:0,updateNotificationPreferences
FNDA:0,fetchRecentNotifications
FNDA:0,mapNotifications
FNDA:0,(anonymous_4)
FNDA:0,(anonymous_5)
FNDA:0,asString
FNDA:4,asBoolean
DA:1,4
DA:18,4
DA:19,1
DA:20,1
DA:21,1
DA:29,4
DA:32,0
DA:33,0
DA:36,4
DA:37,0
DA:38,0
DA:42,0
DA:43,0
DA:46,0
DA:48,0
DA:49,0
DA:51,0
DA:52,0
DA:53,0
DA:54,0
DA:57,0
DA:65,0
DA:69,0
DA:73,4
LF:24
LH:8
BRDA:42,0,0,0
BRDA:48,1,0,0
BRDA:48,2,0,0
BRDA:48,2,1,0
BRDA:53,3,0,0
BRDA:62,4,0,0
BRDA:62,4,1,0
BRDA:69,5,0,0
BRDA:69,5,1,0
BRDA:69,6,0,0
BRDA:69,6,1,0
BRDA:73,7,0,4
BRDA:73,7,1,0
BRF:13
BRH:1
end_of_record
TN:
SF:src\services\session.ts
FN:13,hasStorage
FN:17,readStorage
FN:24,writeStorage
FN:31,notifyAuthChanged
FN:38,saveAuthSession
FN:47,clearAuthSession
FN:57,getAccessToken
FN:61,getRefreshToken
FN:65,setActiveCustomerId
FN:72,clearActiveCustomerId
FN:79,getActiveCustomerId
FN:88,requireCustomerId
FN:96,getTokenSubject
FN:100,getTokenEmail
FN:104,getTokenRole
FN:108,getNormalizedTokenRole
FN:122,getTokenClaims
FN:142,decodeBase64Url
FNF:18
FNH:16
FNDA:87,hasStorage
FNDA:64,readStorage
FNDA:18,writeStorage
FNDA:4,notifyAuthChanged
FNDA:2,saveAuthSession
FNDA:2,clearAuthSession
FNDA:48,getAccessToken
FNDA:0,getRefreshToken
FNDA:14,setActiveCustomerId
FNDA:1,clearActiveCustomerId
FNDA:16,getActiveCustomerId
FNDA:0,requireCustomerId
FNDA:1,getTokenSubject
FNDA:1,getTokenEmail
FNDA:31,getTokenRole
FNDA:31,getNormalizedTokenRole
FNDA:33,getTokenClaims
FNDA:23,decodeBase64Url
DA:1,22
DA:2,22
DA:3,22
DA:14,87
DA:18,64
DA:19,0
DA:21,64
DA:25,18
DA:26,0
DA:28,18
DA:32,4
DA:33,0
DA:35,4
DA:38,22
DA:39,2
DA:40,2
DA:42,2
DA:43,2
DA:44,2
DA:47,22
DA:48,2
DA:49,0
DA:51,2
DA:52,2
DA:53,2
DA:54,2
DA:57,22
DA:58,48
DA:61,22
DA:62,0
DA:65,22
DA:66,14
DA:67,0
DA:69,14
DA:72,22
DA:73,1
DA:74,0
DA:76,1
DA:79,22
DA:80,16
DA:81,16
DA:82,11
DA:85,5
DA:88,22
DA:89,0
DA:90,0
DA:91,0
DA:93,0
DA:96,22
DA:97,1
DA:100,22
DA:101,1
DA:104,22
DA:105,31
DA:108,22
DA:109,31
DA:110,31
DA:111,10
DA:114,21
DA:115,21
DA:116,21
DA:119,0
DA:123,33
DA:124,33
DA:125,10
DA:128,23
DA:129,23
DA:130,0
DA:133,23
DA:134,23
DA:135,23
DA:136,23
DA:138,0
DA:143,23
DA:144,23
DA:145,23
LF:76
LH:62
BRDA:14,0,0,87
BRDA:14,0,1,87
BRDA:18,1,0,0
BRDA:25,2,0,0
BRDA:32,3,0,0
BRDA:39,4,0,2
BRDA:48,5,0,0
BRDA:66,6,0,0
BRDA:73,7,0,0
BRDA:81,8,0,11
BRDA:81,9,0,16
BRDA:81,9,1,11
BRDA:90,10,0,0
BRDA:97,11,0,1
BRDA:97,11,1,0
BRDA:101,12,0,1
BRDA:101,12,1,0
BRDA:105,13,0,31
BRDA:105,13,1,10
BRDA:110,14,0,10
BRDA:115,15,0,21
BRDA:115,16,0,21
BRDA:115,16,1,4
BRDA:124,17,0,10
BRDA:129,18,0,0
BRF:25
BRH:15
end_of_record
TN:
SF:src\services\standingOrders.ts
FN:48,fetchStandingOrders
FN:58,createStandingOrder
FN:72,updateStandingOrder
FN:84,pauseStandingOrder
FN:89,resumeStandingOrder
FN:94,cancelStandingOrder
FN:99,fetchStandingOrderExecutions
FN:110,mapStandingOrders
FN:122,(anonymous_8)
FN:123,(anonymous_9)
FN:126,mapStandingOrder
FN:150,mapExecutionItems
FN:160,(anonymous_12)
FN:192,(anonymous_13)
FN:195,asString
FN:199,asNullableString
FN:203,asNumber
FN:214,asCadence
FN:227,asLifecycleState
FNF:19
FNH:19
FNDA:3,fetchStandingOrders
FNDA:2,createStandingOrder
FNDA:1,updateStandingOrder
FNDA:1,pauseStandingOrder
FNDA:1,resumeStandingOrder
FNDA:1,cancelStandingOrder
FNDA:1,fetchStandingOrderExecutions
FNDA:1,mapStandingOrders
FNDA:1,(anonymous_8)
FNDA:1,(anonymous_9)
FNDA:7,mapStandingOrder
FNDA:1,mapExecutionItems
FNDA:1,(anonymous_12)
FNDA:1,(anonymous_13)
FNDA:32,asString
FNDA:17,asNullableString
FNDA:8,asNumber
FNDA:7,asCadence
FNDA:7,asLifecycleState
DA:1,4
DA:48,4
DA:49,3
DA:55,3
DA:58,4
DA:59,2
DA:69,2
DA:72,4
DA:73,1
DA:81,1
DA:84,4
DA:85,1
DA:86,1
DA:89,4
DA:90,1
DA:91,1
DA:94,4
DA:95,1
DA:96,1
DA:99,4
DA:100,1
DA:107,1
DA:111,1
DA:112,0
DA:115,1
DA:121,1
DA:122,1
DA:123,1
DA:127,7
DA:128,0
DA:131,7
DA:132,7
DA:133,7
DA:134,0
DA:137,7
DA:151,1
DA:152,0
DA:155,1
DA:159,1
DA:161,1
DA:162,0
DA:164,1
DA:165,1
DA:166,1
DA:167,0
DA:170,1
DA:171,1
DA:178,0
DA:181,1
DA:192,1
DA:196,32
DA:200,17
DA:204,8
DA:205,1
DA:207,7
DA:208,7
DA:209,7
DA:211,0
DA:215,7
DA:216,7
DA:218,0
DA:219,0
DA:221,0
DA:222,0
DA:224,0
DA:228,7
DA:229,7
DA:231,0
DA:232,0
DA:234,0
DA:235,0
DA:237,0
LF:72
LH:54
BRDA:65,0,0,2
BRDA:65,0,1,2
BRDA:74,1,0,1
BRDA:74,1,1,0
BRDA:77,2,0,1
BRDA:77,2,1,1
BRDA:111,3,0,0
BRDA:111,4,0,1
BRDA:111,4,1,1
BRDA:115,5,0,1
BRDA:115,5,1,0
BRDA:116,6,0,1
BRDA:116,6,1,0
BRDA:117,7,0,0
BRDA:117,7,1,0
BRDA:127,8,0,0
BRDA:127,9,0,7
BRDA:127,9,1,7
BRDA:133,10,0,0
BRDA:151,11,0,0
BRDA:151,12,0,1
BRDA:151,12,1,1
BRDA:155,13,0,1
BRDA:155,13,1,0
BRDA:156,14,0,1
BRDA:156,14,1,0
BRDA:161,15,0,0
BRDA:161,16,0,1
BRDA:161,16,1,1
BRDA:166,17,0,0
BRDA:171,18,0,0
BRDA:172,19,0,1
BRDA:172,19,1,0
BRDA:172,19,2,0
BRDA:172,19,3,0
BRDA:172,19,4,0
BRDA:196,20,0,32
BRDA:196,20,1,0
BRDA:196,21,0,32
BRDA:196,21,1,32
BRDA:200,22,0,6
BRDA:200,22,1,11
BRDA:200,23,0,17
BRDA:200,23,1,6
BRDA:204,24,0,1
BRDA:207,25,0,7
BRDA:209,26,0,7
BRDA:209,26,1,0
BRDA:215,27,0,7
BRDA:215,28,0,7
BRDA:215,28,1,6
BRDA:215,28,2,5
BRDA:218,29,0,0
BRDA:221,30,0,0
BRDA:228,31,0,7
BRDA:228,32,0,7
BRDA:228,32,1,3
BRDA:228,32,2,0
BRDA:228,32,3,0
BRDA:231,33,0,0
BRDA:234,34,0,0
BRF:61
BRH:35
end_of_record
TN:
SF:src\services\statements.ts
FN:46,fetchStatements
FN:79,fetchStatement
FN:99,generateStatement
FN:131,mapStatementList
FN:145,(anonymous_4)
FN:146,(anonymous_5)
FN:158,mapStatementListItem
FN:179,mapStatementDetail
FN:204,asStatementStatus
FN:215,asString
FN:219,asNumber
FNF:11
FNH:11
FNDA:3,fetchStatements
FNDA:1,fetchStatement
FNDA:1,generateStatement
FNDA:1,mapStatementList
FNDA:1,(anonymous_4)
FNDA:1,(anonymous_5)
FNDA:1,mapStatementListItem
FNDA:1,mapStatementDetail
FNDA:2,asStatementStatus
FNDA:14,asString
FNDA:8,asNumber
DA:1,4
DA:46,4
DA:52,3
DA:53,0
DA:56,3
DA:57,3
DA:66,1
DA:68,2
DA:69,2
DA:70,1
DA:72,1
DA:73,0
DA:75,1
DA:79,4
DA:80,1
DA:81,0
DA:84,1
DA:85,1
DA:86,1
DA:88,0
DA:89,0
DA:90,0
DA:92,0
DA:93,0
DA:95,0
DA:99,4
DA:100,1
DA:101,0
DA:103,1
DA:104,0
DA:107,1
DA:108,1
DA:114,1
DA:115,1
DA:120,0
DA:121,0
DA:122,0
DA:124,0
DA:125,0
DA:127,0
DA:132,1
DA:133,0
DA:142,1
DA:143,1
DA:145,1
DA:146,1
DA:149,1
DA:159,1
DA:160,0
DA:163,1
DA:164,1
DA:165,1
DA:166,0
DA:169,1
DA:180,1
DA:181,0
DA:184,1
DA:185,1
DA:186,1
DA:187,0
DA:190,1
DA:205,2
DA:206,2
DA:207,0
DA:209,2
DA:210,1
DA:212,1
DA:216,14
DA:220,8
DA:221,6
DA:223,2
DA:224,2
DA:225,2
DA:227,0
LF:74
LH:50
BRDA:52,0,0,0
BRDA:52,1,0,3
BRDA:52,1,1,3
BRDA:60,2,0,3
BRDA:60,2,1,2
BRDA:61,3,0,3
BRDA:61,3,1,2
BRDA:62,4,0,3
BRDA:62,4,1,2
BRDA:69,5,0,1
BRDA:72,6,0,0
BRDA:80,7,0,0
BRDA:80,8,0,1
BRDA:80,8,1,1
BRDA:89,9,0,0
BRDA:92,10,0,0
BRDA:100,11,0,0
BRDA:100,12,0,1
BRDA:100,12,1,1
BRDA:103,13,0,0
BRDA:103,14,0,1
BRDA:103,14,1,1
BRDA:117,15,0,0
BRDA:117,15,1,1
BRDA:121,16,0,0
BRDA:124,17,0,0
BRDA:132,18,0,0
BRDA:132,19,0,1
BRDA:132,19,1,1
BRDA:143,20,0,1
BRDA:143,20,1,0
BRDA:159,21,0,0
BRDA:159,22,0,1
BRDA:159,22,1,1
BRDA:165,23,0,0
BRDA:180,24,0,0
BRDA:180,25,0,1
BRDA:180,25,1,1
BRDA:186,26,0,0
BRDA:206,27,0,0
BRDA:209,28,0,1
BRDA:216,29,0,14
BRDA:216,29,1,0
BRDA:216,30,0,14
BRDA:216,30,1,14
BRDA:220,31,0,6
BRDA:223,32,0,2
BRDA:225,33,0,2
BRDA:225,33,1,0
BRF:49
BRH:30
end_of_record
TN:
SF:src\services\transactions.ts
FN:73,fetchRecentTransactions
FN:83,fetchTransactionHistory
FN:145,submitDeposit
FN:149,submitWithdrawal
FN:153,submitTransfer
FN:199,submitPosting
FN:244,mapHistoryResponse
FN:265,mapTransactions
FN:276,(anonymous_8)
FN:304,(anonymous_9)
FN:307,asTransactionType
FN:315,mapDescription
FN:330,mapCategory
FN:343,mapOperationError
FN:370,toStartOfDayUtc
FN:377,toEndOfDayUtc
FN:384,buildIdempotencyKey
FN:389,asString
FN:393,asNumber
FNF:19
FNH:19
FNDA:3,fetchRecentTransactions
FNDA:5,fetchTransactionHistory
FNDA:1,submitDeposit
FNDA:1,submitWithdrawal
FNDA:2,submitTransfer
FNDA:2,submitPosting
FNDA:3,mapHistoryResponse
FNDA:3,mapTransactions
FNDA:3,(anonymous_8)
FNDA:3,(anonymous_9)
FNDA:3,asTransactionType
FNDA:3,mapDescription
FNDA:3,mapCategory
FNDA:1,mapOperationError
FNDA:3,toStartOfDayUtc
FNDA:3,toEndOfDayUtc
FNDA:4,buildIdempotencyKey
FNDA:27,asString
FNDA:23,asNumber
DA:1,3
DA:2,3
DA:73,3
DA:74,3
DA:80,1
DA:83,3
DA:86,5
DA:87,5
DA:90,3
DA:92,3
DA:96,3
DA:97,0
DA:100,3
DA:101,3
DA:103,3
DA:104,3
DA:105,3
DA:106,0
DA:109,3
DA:116,3
DA:117,1
DA:120,3
DA:121,1
DA:124,3
DA:125,1
DA:128,3
DA:129,3
DA:130,3
DA:132,0
DA:133,0
DA:134,0
DA:137,0
DA:138,0
DA:141,0
DA:145,3
DA:146,1
DA:149,3
DA:150,1
DA:153,3
DA:154,2
DA:155,2
DA:156,0
DA:159,2
DA:160,0
DA:163,2
DA:164,0
DA:167,2
DA:169,2
DA:170,2
DA:185,2
DA:195,0
DA:204,2
DA:205,2
DA:206,0
DA:209,2
DA:210,0
DA:213,2
DA:215,2
DA:216,2
DA:230,1
DA:240,1
DA:245,3
DA:246,0
DA:255,3
DA:256,3
DA:266,3
DA:267,0
DA:270,3
DA:271,3
DA:272,0
DA:275,3
DA:277,3
DA:278,0
DA:281,3
DA:282,3
DA:283,3
DA:284,0
DA:287,3
DA:288,3
DA:290,3
DA:292,3
DA:304,3
DA:308,3
DA:309,3
DA:310,2
DA:312,1
DA:316,3
DA:318,1
DA:320,1
DA:322,1
DA:324,0
DA:326,0
DA:331,3
DA:332,1
DA:334,2
DA:335,1
DA:337,1
DA:338,1
DA:340,0
DA:347,1
DA:349,1
DA:350,1
DA:351,1
DA:355,0
DA:356,0
DA:359,0
DA:360,0
DA:363,0
DA:364,0
DA:367,0
DA:371,3
DA:372,2
DA:374,1
DA:378,3
DA:379,2
DA:381,1
DA:385,4
DA:386,4
DA:390,27
DA:394,23
DA:395,8
DA:397,15
DA:398,5
DA:399,5
DA:401,10
LF:125
LH:96
BRDA:84,0,0,0
BRDA:87,1,0,1
BRDA:87,1,1,4
BRDA:90,2,0,3
BRDA:90,2,1,0
BRDA:92,3,0,2
BRDA:92,3,1,1
BRDA:93,4,0,2
BRDA:93,4,1,2
BRDA:96,5,0,0
BRDA:100,6,0,3
BRDA:100,6,1,0
BRDA:101,7,0,3
BRDA:101,7,1,0
BRDA:105,8,0,0
BRDA:105,9,0,3
BRDA:105,9,1,1
BRDA:105,9,2,1
BRDA:116,10,0,1
BRDA:116,11,0,3
BRDA:116,11,1,1
BRDA:120,12,0,1
BRDA:124,13,0,1
BRDA:133,14,0,0
BRDA:137,15,0,0
BRDA:137,16,0,0
BRDA:137,16,1,0
BRDA:155,17,0,0
BRDA:155,18,0,2
BRDA:155,18,1,2
BRDA:159,19,0,0
BRDA:159,20,0,2
BRDA:159,20,1,2
BRDA:163,21,0,0
BRDA:176,22,0,2
BRDA:176,22,1,1
BRDA:205,23,0,0
BRDA:205,24,0,2
BRDA:205,24,1,2
BRDA:209,25,0,0
BRDA:221,26,0,2
BRDA:221,26,1,2
BRDA:245,27,0,0
BRDA:245,28,0,3
BRDA:245,28,1,3
BRDA:266,29,0,0
BRDA:266,30,0,3
BRDA:266,30,1,3
BRDA:271,31,0,0
BRDA:277,32,0,0
BRDA:277,33,0,3
BRDA:277,33,1,3
BRDA:283,34,0,0
BRDA:290,35,0,1
BRDA:290,35,1,2
BRDA:290,36,0,3
BRDA:290,36,1,2
BRDA:309,37,0,2
BRDA:309,38,0,3
BRDA:309,38,1,2
BRDA:309,38,2,1
BRDA:316,39,0,1
BRDA:316,39,1,1
BRDA:316,39,2,1
BRDA:316,39,3,0
BRDA:316,39,4,0
BRDA:331,40,0,1
BRDA:331,41,0,3
BRDA:331,41,1,2
BRDA:334,42,0,1
BRDA:337,43,0,1
BRDA:349,44,0,1
BRDA:349,45,0,1
BRDA:349,45,1,0
BRDA:350,46,0,1
BRDA:350,47,0,1
BRDA:350,47,1,0
BRDA:355,48,0,0
BRDA:359,49,0,0
BRDA:359,50,0,0
BRDA:359,50,1,0
BRDA:363,51,0,0
BRDA:363,52,0,0
BRDA:363,52,1,0
BRDA:367,53,0,0
BRDA:367,53,1,0
BRDA:371,54,0,2
BRDA:371,55,0,3
BRDA:371,55,1,1
BRDA:378,56,0,2
BRDA:378,57,0,3
BRDA:378,57,1,1
BRDA:390,58,0,19
BRDA:390,58,1,8
BRDA:390,59,0,27
BRDA:390,59,1,19
BRDA:394,60,0,8
BRDA:397,61,0,5
BRDA:399,62,0,5
BRDA:399,62,1,0
BRF:100
BRH:66
end_of_record
TN:
SF:src\utils\formatting.ts
FN:1,formatCurrency
FN:10,formatDate
FN:22,formatDateTime
FNF:3
FNH:3
FNDA:81,formatCurrency
FNDA:7,formatDate
FNDA:24,formatDateTime
DA:1,8
DA:2,81
DA:10,8
DA:11,7
DA:12,7
DA:13,0
DA:15,7
DA:22,8
DA:23,24
DA:24,24
DA:25,0
DA:27,24
LF:12
LH:10
BRDA:12,0,0,0
BRDA:24,1,0,0
BRF:2
BRH:0
end_of_record
